Discrepancy Report Results

Summary
FATAL: MISSING_PROTEIN_ID:29 proteins have invalid IDs.
DISC_SOURCE_QUALS_ASNDISC:strain (all present, all unique)
DISC_SOURCE_QUALS_ASNDISC:taxname (all present, all unique)
DISC_FEATURE_COUNT:CDS: 29 present
DISC_FEATURE_COUNT:tRNA: 1 present
DISC_COUNT_NUCLEOTIDES:1 nucleotide Bioseqs are present
FEATURE_LOCATION_CONFLICT:30 features have inconsistent gene locations.
DISC_QUALITY_SCORES:Quality scores are missing on all sequences.
ONCALLER_COMMENT_PRESENT:1 comment descriptors were found (all same)
MISSING_GENOMEASSEMBLY_COMMENTS:1 bioseqs are missing GenomeAssembly structured comments
MOLTYPE_NOT_MRNA:1 molecule types are not set as mRNA.
TECHNIQUE_NOT_TSA:1 technique are not set as TSA
MISSING_STRUCTURED_COMMENT:1 sequences do not include structured comments.
MISSING_PROJECT:30 sequences do not include project.
DISC_INCONSISTENT_MOLINFO_TECH:Molinfo Technique Report (some missing, all same)


Detailed Report

FATAL: DiscRep_ALL:MISSING_PROTEIN_ID::29 proteins have invalid IDs.
LMG1863/PROKKA_02072024:LMG1863_1 (length 575)
LMG1863/PROKKA_02072024:LMG1863_2 (length 131)
LMG1863/PROKKA_02072024:LMG1863_3 (length 175)
LMG1863/PROKKA_02072024:LMG1863_4 (length 103)
LMG1863/PROKKA_02072024:LMG1863_5 (length 117)
LMG1863/PROKKA_02072024:LMG1863_6 (length 124)
LMG1863/PROKKA_02072024:LMG1863_7 (length 250)
LMG1863/PROKKA_02072024:LMG1863_8 (length 406)
LMG1863/PROKKA_02072024:LMG1863_9 (length 701)
LMG1863/PROKKA_02072024:LMG1863_10 (length 593)
LMG1863/PROKKA_02072024:LMG1863_11 (length 590)
LMG1863/PROKKA_02072024:LMG1863_12 (length 426)
LMG1863/PROKKA_02072024:LMG1863_13 (length 328)
LMG1863/PROKKA_02072024:LMG1863_14 (length 251)
LMG1863/PROKKA_02072024:LMG1863_15 (length 944)
LMG1863/PROKKA_02072024:LMG1863_16 (length 273)
LMG1863/PROKKA_02072024:LMG1863_17 (length 602)
LMG1863/PROKKA_02072024:LMG1863_18 (length 163)
LMG1863/PROKKA_02072024:LMG1863_19 (length 114)
LMG1863/PROKKA_02072024:LMG1863_20 (length 443)
LMG1863/PROKKA_02072024:LMG1863_21 (length 516)
LMG1863/PROKKA_02072024:LMG1863_22 (length 2079)
LMG1863/PROKKA_02072024:LMG1863_23 (length 3240)
LMG1863/PROKKA_02072024:LMG1863_24 (length 377)
LMG1863/PROKKA_02072024:LMG1863_25 (length 261)
LMG1863/PROKKA_02072024:LMG1863_26 (length 979)
LMG1863/PROKKA_02072024:LMG1863_27 (length 219)
LMG1863/PROKKA_02072024:LMG1863_28 (length 296)
LMG1863/PROKKA_02072024:LMG1863_29 (length 647)

DiscRep_ALL:DISC_SOURCE_QUALS_ASNDISC::strain (all present, all unique)
DiscRep_SUB:DISC_SOURCE_QUALS_ASNDISC::1 sources have unique values for strain
DiscRep_ALL:DISC_SOURCE_QUALS_ASNDISC::taxname (all present, all unique)
DiscRep_SUB:DISC_SOURCE_QUALS_ASNDISC::1 sources have unique values for taxname
DiscRep_ALL:DISC_FEATURE_COUNT::CDS: 29 present
DiscRep_ALL:DISC_FEATURE_COUNT::tRNA: 1 present
DiscRep_ALL:DISC_COUNT_NUCLEOTIDES::1 nucleotide Bioseqs are present
LMG1863/PROKKA_02072024:LMG1863 (length 50980)

DiscRep_ALL:FEATURE_LOCATION_CONFLICT::30 features have inconsistent gene locations.
DiscRep_SUB:FEATURE_LOCATION_CONFLICT::Coding region xref gene does not exist
LMG1863/PROKKA_02072024:CDS	hypothetical protein	LMG1863:5-1732	BAIMKAGO_00001

DiscRep_SUB:FEATURE_LOCATION_CONFLICT::Coding region xref gene does not exist
LMG1863/PROKKA_02072024:CDS	hypothetical protein	LMG1863:c2109-1714	BAIMKAGO_00002

DiscRep_SUB:FEATURE_LOCATION_CONFLICT::Coding region xref gene does not exist
LMG1863/PROKKA_02072024:CDS	Inner membrane protein YgaP	LMG1863:c2882-2355	BAIMKAGO_00003

DiscRep_SUB:FEATURE_LOCATION_CONFLICT::Coding region xref gene does not exist
LMG1863/PROKKA_02072024:CDS	putative HTH-type transcriptional regulator YgaV	LMG1863:c3219-2908	BAIMKAGO_00004

DiscRep_SUB:FEATURE_LOCATION_CONFLICT::Coding region xref gene does not exist
LMG1863/PROKKA_02072024:CDS	hypothetical protein	LMG1863:3390-3743	BAIMKAGO_00005

DiscRep_SUB:FEATURE_LOCATION_CONFLICT::Coding region xref gene does not exist
LMG1863/PROKKA_02072024:CDS	hypothetical protein	LMG1863:3758-4132	BAIMKAGO_00006

DiscRep_SUB:FEATURE_LOCATION_CONFLICT::Coding region xref gene does not exist
LMG1863/PROKKA_02072024:CDS	2,5-dichloro-2,5-cyclohexadiene-1,4-diol dehydrogenase LinX	LMG1863:4249-5001	BAIMKAGO_00007

DiscRep_SUB:FEATURE_LOCATION_CONFLICT::Coding region xref gene does not exist
LMG1863/PROKKA_02072024:CDS	putative MFS-type transporter YfcJ	LMG1863:c6383-5163	BAIMKAGO_00008

DiscRep_SUB:FEATURE_LOCATION_CONFLICT::Coding region xref gene does not exist
LMG1863/PROKKA_02072024:CDS	Pesticin receptor	LMG1863:c8784-6679	BAIMKAGO_00009

DiscRep_SUB:FEATURE_LOCATION_CONFLICT::Coding region xref gene does not exist
LMG1863/PROKKA_02072024:CDS	Iron import ATP-binding/permease protein IrtB	LMG1863:c10746-8965	BAIMKAGO_00010

DiscRep_SUB:FEATURE_LOCATION_CONFLICT::Coding region xref gene does not exist
LMG1863/PROKKA_02072024:CDS	Vitamin B12 import ATP-binding protein BtuD	LMG1863:c12515-10743	BAIMKAGO_00011

DiscRep_SUB:FEATURE_LOCATION_CONFLICT::Coding region xref gene does not exist
LMG1863/PROKKA_02072024:CDS	hypothetical protein	LMG1863:c13785-12505	BAIMKAGO_00012

DiscRep_SUB:FEATURE_LOCATION_CONFLICT::Coding region xref gene does not exist
LMG1863/PROKKA_02072024:CDS	hypothetical protein	LMG1863:14102-15088	BAIMKAGO_00013

DiscRep_SUB:FEATURE_LOCATION_CONFLICT::Coding region xref gene does not exist
LMG1863/PROKKA_02072024:CDS	hypothetical protein	LMG1863:15165-15920	BAIMKAGO_00014

DiscRep_SUB:FEATURE_LOCATION_CONFLICT::Coding region xref gene does not exist
LMG1863/PROKKA_02072024:CDS	hypothetical protein	LMG1863:16448-19282	BAIMKAGO_00015

DiscRep_SUB:FEATURE_LOCATION_CONFLICT::Coding region xref gene does not exist
LMG1863/PROKKA_02072024:CDS	hypothetical protein	LMG1863:19361-20182	BAIMKAGO_00016

DiscRep_SUB:FEATURE_LOCATION_CONFLICT::Coding region xref gene does not exist
LMG1863/PROKKA_02072024:CDS	Type I secretion system ATP-binding protein PrsD	LMG1863:20429-22237	BAIMKAGO_00017

DiscRep_SUB:FEATURE_LOCATION_CONFLICT::Coding region xref gene does not exist
LMG1863/PROKKA_02072024:CDS	hypothetical protein	LMG1863:c22755-22264	BAIMKAGO_00018

DiscRep_SUB:FEATURE_LOCATION_CONFLICT::Coding region xref gene does not exist
LMG1863/PROKKA_02072024:CDS	hypothetical protein	LMG1863:c23103-22759	BAIMKAGO_00019

DiscRep_SUB:FEATURE_LOCATION_CONFLICT::Coding region xref gene does not exist
LMG1863/PROKKA_02072024:CDS	Type I secretion system membrane fusion protein PrsE	LMG1863:23183-24514	BAIMKAGO_00020

DiscRep_SUB:FEATURE_LOCATION_CONFLICT::Coding region xref gene does not exist
LMG1863/PROKKA_02072024:CDS	Outer membrane protein TolC	LMG1863:24515-26065	BAIMKAGO_00021

DiscRep_SUB:FEATURE_LOCATION_CONFLICT::Coding region xref gene does not exist
LMG1863/PROKKA_02072024:CDS	D-alanine--D-alanyl carrier protein ligase	LMG1863:26138-32377	BAIMKAGO_00022

DiscRep_SUB:FEATURE_LOCATION_CONFLICT::Coding region xref gene does not exist
LMG1863/PROKKA_02072024:CDS	2-methoxy-6-polyprenyl-1,4-benzoquinol methylase, mitochondrial	LMG1863:32374-42096	BAIMKAGO_00023

DiscRep_SUB:FEATURE_LOCATION_CONFLICT::Coding region xref gene does not exist
LMG1863/PROKKA_02072024:CDS	hypothetical protein	LMG1863:42093-43226	BAIMKAGO_00024

DiscRep_SUB:FEATURE_LOCATION_CONFLICT::Coding region xref gene does not exist
LMG1863/PROKKA_02072024:CDS	Thioesterase PikA5	LMG1863:43219-44004	BAIMKAGO_00025

DiscRep_SUB:FEATURE_LOCATION_CONFLICT::Coding region xref gene does not exist
LMG1863/PROKKA_02072024:CDS	2-succinylbenzoate--CoA ligase	LMG1863:44017-46956	BAIMKAGO_00026

DiscRep_SUB:FEATURE_LOCATION_CONFLICT::Coding region xref gene does not exist
LMG1863/PROKKA_02072024:CDS	hypothetical protein	LMG1863:47086-47745	BAIMKAGO_00027

DiscRep_SUB:FEATURE_LOCATION_CONFLICT::Coding region xref gene does not exist
LMG1863/PROKKA_02072024:CDS	Hca operon transcriptional activator HcaR	LMG1863:47777-48667	BAIMKAGO_00028

DiscRep_SUB:FEATURE_LOCATION_CONFLICT::Coding region xref gene does not exist
LMG1863/PROKKA_02072024:CDS	hypothetical protein	LMG1863:c50679-48736	BAIMKAGO_00029

DiscRep_SUB:FEATURE_LOCATION_CONFLICT::RNA feature xref gene does not exist
LMG1863/PROKKA_02072024:tRNA	Gly	LMG1863:c50979-50904	BAIMKAGO_00030

DiscRep_ALL:DISC_QUALITY_SCORES::Quality scores are missing on all sequences.

DiscRep_ALL:ONCALLER_COMMENT_PRESENT::1 comment descriptors were found (all same)
LMG1863/PROKKA_02072024:LMG1863:Annotated using prokka 1.14.6 from https://github.com/tseemann/prokka

DiscRep_ALL:MISSING_GENOMEASSEMBLY_COMMENTS::1 bioseqs are missing GenomeAssembly structured comments
LMG1863/PROKKA_02072024:LMG1863 (length 50980)

DiscRep_ALL:MOLTYPE_NOT_MRNA::1 molecule types are not set as mRNA.
LMG1863/PROKKA_02072024:LMG1863 (length 50980)

DiscRep_ALL:TECHNIQUE_NOT_TSA::1 technique are not set as TSA
LMG1863/PROKKA_02072024:LMG1863 (length 50980)

DiscRep_ALL:MISSING_STRUCTURED_COMMENT::1 sequences do not include structured comments.
LMG1863/PROKKA_02072024:LMG1863 (length 50980)

DiscRep_ALL:MISSING_PROJECT::30 sequences do not include project.
LMG1863/PROKKA_02072024:LMG1863 (length 50980)
LMG1863/PROKKA_02072024:LMG1863_1 (length 575)
LMG1863/PROKKA_02072024:LMG1863_2 (length 131)
LMG1863/PROKKA_02072024:LMG1863_3 (length 175)
LMG1863/PROKKA_02072024:LMG1863_4 (length 103)
LMG1863/PROKKA_02072024:LMG1863_5 (length 117)
LMG1863/PROKKA_02072024:LMG1863_6 (length 124)
LMG1863/PROKKA_02072024:LMG1863_7 (length 250)
LMG1863/PROKKA_02072024:LMG1863_8 (length 406)
LMG1863/PROKKA_02072024:LMG1863_9 (length 701)
LMG1863/PROKKA_02072024:LMG1863_10 (length 593)
LMG1863/PROKKA_02072024:LMG1863_11 (length 590)
LMG1863/PROKKA_02072024:LMG1863_12 (length 426)
LMG1863/PROKKA_02072024:LMG1863_13 (length 328)
LMG1863/PROKKA_02072024:LMG1863_14 (length 251)
LMG1863/PROKKA_02072024:LMG1863_15 (length 944)
LMG1863/PROKKA_02072024:LMG1863_16 (length 273)
LMG1863/PROKKA_02072024:LMG1863_17 (length 602)
LMG1863/PROKKA_02072024:LMG1863_18 (length 163)
LMG1863/PROKKA_02072024:LMG1863_19 (length 114)
LMG1863/PROKKA_02072024:LMG1863_20 (length 443)
LMG1863/PROKKA_02072024:LMG1863_21 (length 516)
LMG1863/PROKKA_02072024:LMG1863_22 (length 2079)
LMG1863/PROKKA_02072024:LMG1863_23 (length 3240)
LMG1863/PROKKA_02072024:LMG1863_24 (length 377)
LMG1863/PROKKA_02072024:LMG1863_25 (length 261)
LMG1863/PROKKA_02072024:LMG1863_26 (length 979)
LMG1863/PROKKA_02072024:LMG1863_27 (length 219)
LMG1863/PROKKA_02072024:LMG1863_28 (length 296)
LMG1863/PROKKA_02072024:LMG1863_29 (length 647)

DiscRep_ALL:DISC_INCONSISTENT_MOLINFO_TECH::Molinfo Technique Report (some missing, all same)
DiscRep_SUB:DISC_INCONSISTENT_MOLINFO_TECH::technique (all missing)
DiscRep_SUB:DISC_INCONSISTENT_MOLINFO_TECH::1 Molinfos are missing field technique
LMG1863/PROKKA_02072024:LMG1863 (length 50980)

