[17:56:59] This is prokka 1.14.6
[17:56:59] Written by Torsten Seemann <torsten.seemann@gmail.com>
[17:56:59] Homepage is https://github.com/tseemann/prokka
[17:56:59] Local time is Fri Apr 21 17:56:59 2023
[17:56:59] You are fusho
[17:56:59] Operating system is darwin
[17:56:59] You have BioPerl 1.7.8
[17:57:00] System has 6 cores.
[17:57:00] Option --cpu asked for 8 cores, but system only has 6
[17:57:00] Will use maximum of 6 cores.
[17:57:00] Annotating as >>> Bacteria <<<
[17:57:00] Generating locus_tag from 'GCF_000508285.1_LMG_1863.fna' contents.
[17:57:00] Setting --locustag APNAJNJK from MD5 a97a37347d7d6937028fe4af382471c0
[17:57:00] Creating new output folder: annoation
[17:57:00] Running: mkdir -p annoation
[17:57:00] Using filename prefix: PROKKA_04212023.XXX
[17:57:00] Setting HMMER_NCPU=1
[17:57:00] Writing log to: annoation/PROKKA_04212023.log
[17:57:00] Command: /usr/local/bin/prokka GCF_000508285.1_LMG_1863.fna --outdir annoation --genus Achromobacter --kingdom Bacteria
[17:57:00] Appending to PATH: /usr/local/Cellar/prokka/1.14.6/bin
[17:57:00] Looking for 'aragorn' - found /usr/local/bin/aragorn
[17:57:00] Determined aragorn version is 001002 from 'ARAGORN v1.2.38 Dean Laslett'
[17:57:00] Looking for 'barrnap' - found /usr/local/bin/barrnap
[17:57:00] Determined barrnap version is 000009 from 'barrnap 0.9'
[17:57:00] Looking for 'blastp' - found /usr/local/bin/blastp
[17:57:01] Determined blastp version is 002013 from 'blastp: 2.13.0+'
[17:57:01] Looking for 'cmpress' - found /usr/local/bin/cmpress
[17:57:01] Determined cmpress version is 001001 from '# INFERNAL 1.1.3 (Nov 2019)'
[17:57:01] Looking for 'cmscan' - found /usr/local/bin/cmscan
[17:57:01] Determined cmscan version is 001001 from '# INFERNAL 1.1.3 (Nov 2019)'
[17:57:01] Looking for 'egrep' - found /usr/bin/egrep
[17:57:01] Looking for 'find' - found /usr/bin/find
[17:57:01] Looking for 'grep' - found /usr/bin/grep
[17:57:01] Looking for 'hmmpress' - found /usr/local/bin/hmmpress
[17:57:01] Determined hmmpress version is 003003 from '# HMMER 3.3.2 (Nov 2020); http://hmmer.org/'
[17:57:01] Looking for 'hmmscan' - found /usr/local/bin/hmmscan
[17:57:01] Determined hmmscan version is 003003 from '# HMMER 3.3.2 (Nov 2020); http://hmmer.org/'
[17:57:01] Looking for 'java' - found /usr/bin/java
[17:57:01] Looking for 'makeblastdb' - found /usr/local/bin/makeblastdb
[17:57:02] Determined makeblastdb version is 002013 from 'makeblastdb: 2.13.0+'
[17:57:02] Looking for 'minced' - found /usr/local/bin/minced
[17:57:02] Determined minced version is 004002 from 'minced 0.4.2'
[17:57:02] Looking for 'parallel' - found /usr/local/bin/parallel
[17:57:02] Determined parallel version is 20221022 from 'GNU parallel 20221022'
[17:57:02] Looking for 'prodigal' - found /usr/local/bin/prodigal
[17:57:03] Determined prodigal version is 002006 from 'Prodigal V2.6.3: February, 2016'
[17:57:03] Looking for 'prokka-genbank_to_fasta_db' - found /usr/local/bin/prokka-genbank_to_fasta_db
[17:57:03] Looking for 'rnammer' - found /Users/fusho/rnammer/rnammer
[17:57:03] Determined rnammer version is 001002 from 'This rnammer 1.2, running from '/Users/fusho/rnammer/''
[17:57:03] Looking for 'sed' - found /usr/bin/sed
[17:57:03] Looking for 'tbl2asn' - found /usr/local/bin/tbl2asn
[17:57:03] Determined tbl2asn version is 025008 from 'tbl2asn 25.8   arguments:'
[17:57:03] Using genetic code table 11.
[17:57:03] Loading and checking input file: GCF_000508285.1_LMG_1863.fna
[17:57:03] Wrote 1 contigs totalling 6683584 bp.
[17:57:03] Predicting tRNAs and tmRNAs
[17:57:03] Running: aragorn -l -gc11  -w annoation\/PROKKA_04212023\.fna
[17:57:07] 1 tRNA-Asn c[183540,183615] 34 (gtt)
[17:57:07] 2 tRNA-Thr c[185280,185355] 34 (tgt)
[17:57:07] 3 tRNA-SeC [375556,375651] 35 (tca)
[17:57:07] 4 tRNA-Arg [471105,471179] 34 (ccg)
[17:57:07] 5 tRNA-Ser [750420,750510] 35 (gga)
[17:57:07] 6 tRNA-Val [781639,781713] 33 (cac)
[17:57:07] 7 tRNA-Ile [843699,843775] 35 (gat)
[17:57:07] 8 tRNA-Ala [843806,843881] 34 (tgc)
[17:57:07] 9 tRNA-Lys [902527,902602] 34 (ttt)
[17:57:07] 10 tRNA-Lys [922844,922919] 34 (ctt)
[17:57:07] 11 tRNA-Cys c[1139891,1139964] 33 (gca)
[17:57:07] 12 tRNA-His [1207911,1207982] 34 (gtg)
[17:57:07] 13 tRNA-Gly c[1300464,1300539] 34 (gcc)
[17:57:07] 14 tRNA-Ser c[1379849,1379939] 35 (cga)
[17:57:07] 15 tRNA-Ser c[1402725,1402812] 35 (tga)
[17:57:07] 16 tRNA-Leu [1405911,1405995] 35 (gag)
[17:57:07] 17 tmRNA c[1770345,1770733] 91,123 ANDERFALAA*
[17:57:07] 18 tRNA-Thr c[1843732,1843807] 34 (cgt)
[17:57:07] 19 tRNA-Asn [1844019,1844094] 34 (gtt)
[17:57:07] 20 tRNA-Met c[1848779,1848855] 35 (cat)
[17:57:07] 21 tRNA-Met [1907065,1907141] 35 (cat)
[17:57:07] 22 tRNA-Met c[2011390,2011466] 35 (cat)
[17:57:07] 23 tRNA-Leu c[2021998,2022082] 35 (cag)
[17:57:07] 24 tRNA-Leu c[2023164,2023248] 35 (cag)
[17:57:07] 25 tRNA-Val [2029644,2029719] 34 (tac)
[17:57:07] 26 tRNA-Ile [2100614,2100690] 35 (gat)
[17:57:07] 27 tRNA-Ala [2100721,2100796] 34 (tgc)
[17:57:07] 28 tRNA-Met [2199372,2199450] 37 (cat)
[17:57:07] 29 tRNA-Val [2257667,2257743] 35 (gac)
[17:57:07] 30 tRNA-Pro [2305418,2305494] 35 (ggg)
[17:57:07] 31 tRNA-Ser [2550998,2551079] 39 (gct)
[17:57:07] 32 tRNA-Ala c[2570941,2571016] 34 (cgc)
[17:57:07] tRNA [3151526,3151613] is a pseudo/wacky gene - skipping.
[17:57:07] tRNA c[4114873,4114952] is a pseudo/wacky gene - skipping.
[17:57:07] 35 tRNA-Leu c[4229211,4229297] 35 (tag)
[17:57:07] 36 tRNA-Cys [4619428,4619501] 33 (gca)
[17:57:07] 37 tRNA-Arg c[4860946,4861022] 35 (acg)
[17:57:07] 38 tRNA-Arg c[4861128,4861204] 35 (acg)
[17:57:07] 39 tRNA-Ser c[4887271,4887363] 35 (gct)
[17:57:07] 40 tRNA-Gly [4889352,4889442] 30 (gcc)
[17:57:07] 41 tRNA-His c[5010618,5010693] 34 (gtg)
[17:57:07] 42 tRNA-Arg c[5051451,5051527] 35 (tct)
[17:57:07] 43 tRNA-Gly c[5124627,5124724] 37 (gcc)
[17:57:07] 44 tRNA-Ala c[5177813,5177888] 34 (tgc)
[17:57:07] 45 tRNA-Ile c[5177919,5177995] 35 (gat)
[17:57:07] 46 tRNA-Pro c[5288957,5289033] 35 (tgg)
[17:57:07] 47 tRNA-Arg [5353548,5353622] 34 (cct)
[17:57:07] 48 tRNA-SeC [5372184,5372272] 37 (tca)
[17:57:07] 49 tRNA-Ala [5485243,5485318] 34 (ggc)
[17:57:07] 50 tRNA-Glu [5485464,5485539] 35 (ttc)
[17:57:07] 51 tRNA-Asp [5485601,5485677] 35 (gtc)
[17:57:07] 52 tRNA-Ala [5485781,5485856] 34 (ggc)
[17:57:07] 53 tRNA-Glu [5485902,5485977] 35 (ttc)
[17:57:07] 54 tRNA-Asp [5486053,5486129] 35 (gtc)
[17:57:07] 55 tRNA-Gln c[5869522,5869598] 35 (ttg)
[17:57:07] 56 tRNA-Val [6033305,6033401] 35 (gac)
[17:57:07] 57 tRNA-Gly c[6050181,6050254] 33 (ccc)
[17:57:07] 58 tRNA-Leu [6101639,6101723] 35 (caa)
[17:57:07] 59 tRNA-Phe [6235336,6235411] 34 (gaa)
[17:57:07] 60 tRNA-Pro c[6262928,6263004] 35 (cgg)
[17:57:07] 61 tRNA-Arg [6470479,6470559] 39 (ccg)
[17:57:07] 62 tRNA-Val c[6539129,6539225] 37 (gac)
[17:57:07] 63 tRNA-Trp c[6629651,6629726] 34 (cca)
[17:57:07] 64 tRNA-Thr c[6631137,6631211] 33 (ggt)
[17:57:07] 65 tRNA-Gly c[6631224,6631297] 33 (tcc)
[17:57:07] 66 tRNA-Tyr c[6631448,6631534] 35 (gta)
[17:57:07] Found 64 tRNAs
[17:57:07] Predicting Ribosomal RNAs
[17:57:07] Running Barrnap with 6 threads
[17:57:08] 1 NC_023061.1 842042 16S ribosomal RNA
[17:57:08] 2 NC_023061.1 844341 23S ribosomal RNA
[17:57:08] 3 NC_023061.1 847391 5S ribosomal RNA
[17:57:08] 4 NC_023061.1 847684 5S ribosomal RNA
[17:57:08] 5 NC_023061.1 2098957 16S ribosomal RNA
[17:57:08] 6 NC_023061.1 2101095 23S ribosomal RNA
[17:57:08] 7 NC_023061.1 2104059 5S ribosomal RNA
[17:57:08] 8 NC_023061.1 5174045 5S ribosomal RNA
[17:57:08] 9 NC_023061.1 5174326 5S ribosomal RNA
[17:57:08] 10 NC_023061.1 5174637 23S ribosomal RNA
[17:57:08] 11 NC_023061.1 5178126 16S ribosomal RNA
[17:57:08] Found 11 rRNAs
[17:57:08] Skipping ncRNA search, enable with --rfam if desired.
[17:57:08] Total of 74 tRNA + rRNA features
[17:57:08] Searching for CRISPR repeats
[17:57:09] Found 0 CRISPRs
[17:57:09] Predicting coding sequences
[17:57:09] Contigs total 6683584 bp, so using single mode
[17:57:09] Running: prodigal -i annoation\/PROKKA_04212023\.fna -c -m -g 11 -p single -f sco -q
[17:57:24] Excluding CDS which overlaps existing RNA (rRNA) at NC_023061.1:843965..844504 on - strand
[17:57:24] Excluding CDS which overlaps existing RNA (tRNA) at NC_023061.1:1207063..1208010 on + strand
[17:57:25] Excluding CDS which overlaps existing RNA (tRNA) at NC_023061.1:2549885..2551072 on + strand
[17:57:26] Excluding CDS which overlaps existing RNA (tRNA) at NC_023061.1:4888917..4889999 on - strand
[17:57:27] Excluding CDS which overlaps existing RNA (tRNA) at NC_023061.1:5124583..5125596 on + strand
[17:57:27] Excluding CDS which overlaps existing RNA (tRNA) at NC_023061.1:5371892..5373553 on - strand
[17:57:27] Excluding CDS which overlaps existing RNA (tRNA) at NC_023061.1:6032061..6033617 on + strand
[17:57:27] Excluding CDS which overlaps existing RNA (tRNA) at NC_023061.1:6469387..6470649 on - strand
[17:57:27] Excluding CDS which overlaps existing RNA (tRNA) at NC_023061.1:6538608..6539810 on + strand
[17:57:27] Found 6029 CDS
[17:57:27] Connecting features back to sequences
[17:57:27] Not using genus-specific database. Try --usegenus to enable it.
[17:57:27] Annotating CDS, please be patient.
[17:57:27] Will use 6 CPUs for similarity searching.
[17:57:28] There are still 6029 unannotated CDS left (started with 6029)
[17:57:28] Will use blast to search against /usr/local/Cellar/prokka/1.14.6/db/kingdom/Bacteria/IS with 6 CPUs
[17:57:28] Running: cat annoation\/PROKKA_04212023\.IS\.tmp\.3921\.faa | parallel --gnu --plain -j 6 --block 169627 --recstart '>' --pipe blastp -query - -db /usr/local/Cellar/prokka/1.14.6/db/kingdom/Bacteria/IS -evalue 1e-30 -qcov_hsp_perc 90 -num_threads 1 -num_descriptions 1 -num_alignments 1 -seg no > annoation\/PROKKA_04212023\.IS\.tmp\.3921\.blast 2> /dev/null
[17:57:47] Deleting unwanted file: annoation/PROKKA_04212023.IS.tmp.3921.faa
[17:57:47] Deleting unwanted file: annoation/PROKKA_04212023.IS.tmp.3921.blast
[17:57:48] There are still 6024 unannotated CDS left (started with 6029)
[17:57:48] Will use blast to search against /usr/local/Cellar/prokka/1.14.6/db/kingdom/Bacteria/AMR with 6 CPUs
[17:57:48] Running: cat annoation\/PROKKA_04212023\.AMR\.tmp\.3921\.faa | parallel --gnu --plain -j 6 --block 169523 --recstart '>' --pipe blastp -query - -db /usr/local/Cellar/prokka/1.14.6/db/kingdom/Bacteria/AMR -evalue 1e-300 -qcov_hsp_perc 90 -num_threads 1 -num_descriptions 1 -num_alignments 1 -seg no > annoation\/PROKKA_04212023\.AMR\.tmp\.3921\.blast 2> /dev/null
[17:58:05] Deleting unwanted file: annoation/PROKKA_04212023.AMR.tmp.3921.faa
[17:58:05] Deleting unwanted file: annoation/PROKKA_04212023.AMR.tmp.3921.blast
[17:58:06] There are still 6022 unannotated CDS left (started with 6029)
[17:58:06] Will use blast to search against /usr/local/Cellar/prokka/1.14.6/db/kingdom/Bacteria/sprot with 6 CPUs
[17:58:06] Running: cat annoation\/PROKKA_04212023\.sprot\.tmp\.3921\.faa | parallel --gnu --plain -j 6 --block 169344 --recstart '>' --pipe blastp -query - -db /usr/local/Cellar/prokka/1.14.6/db/kingdom/Bacteria/sprot -evalue 1e-09 -qcov_hsp_perc 80 -num_threads 1 -num_descriptions 1 -num_alignments 1 -seg no > annoation\/PROKKA_04212023\.sprot\.tmp\.3921\.blast 2> /dev/null
[17:59:17] Modify product: Probable RNA polymerase sigma factor FecI => putative RNA polymerase sigma factor FecI
[17:59:17] Modify product: Probable ATP-dependent DNA helicase YoaA => putative ATP-dependent DNA helicase YoaA
[17:59:17] Modify product: UPF0337 protein PA4738 => hypothetical protein
[17:59:17] Modify product: UPF0065 protein in clcB-clcD intergenic region => hypothetical protein
[17:59:17] Modify product: UPF0758 protein YsxA => hypothetical protein
[17:59:17] Modify product: Uncharacterized protein HI_0131 => putative protein
[17:59:17] Modify product: UPF0065 protein in clcB-clcD intergenic region => hypothetical protein
[17:59:17] Modify product: Uncharacterized FAD-linked oxidoreductase Rv2280 => putative FAD-linked oxidoreductase
[17:59:17] Modify product: UPF0065 protein in clcB-clcD intergenic region => hypothetical protein
[17:59:17] Modify product: Uncharacterized GST-like protein YibF => putative GST-like protein YibF
[17:59:17] Modify product: Probable amino-acid metabolite efflux pump => putative amino-acid metabolite efflux pump
[17:59:17] Modify product: Acetyltransferase SACOL1063 => Acetyltransferase
[17:59:17] Modify product: PKHD-type hydroxylase Sbal_3634 => PKHD-type hydroxylase
[17:59:17] Modify product: UPF0065 protein in clcB-clcD intergenic region => hypothetical protein
[17:59:17] Modify product: Solute-binding protein Veis_3954 => Solute-binding protein
[17:59:17] Modify product: Phosphate-specific transport system accessory protein PhoU homolog => Phosphate-specific transport system accessory protein PhoU 
[17:59:17] Modify product: Probable Fe(2+)-trafficking protein => putative Fe(2+)-trafficking protein
[17:59:17] Modify product: UPF0153 protein YeiW => hypothetical protein
[17:59:17] Modify product: Probable nicotinate-nucleotide adenylyltransferase => putative nicotinate-nucleotide adenylyltransferase
[17:59:17] Modify product: Probable transcriptional regulatory protein CBU_1566 => putative transcriptional regulatory protein
[17:59:17] Modify product: Probable aminotransferase Rv3329 => putative aminotransferase
[17:59:17] Modify product: Uncharacterized protein YcbX => putative protein YcbX
[17:59:17] Modify product: UPF0070 protein HI_0370 => hypothetical protein
[17:59:17] Modify product: Uncharacterized signaling protein PA1727 => putative signaling protein
[17:59:17] Modify product: Uncharacterized protein Rv1260 => putative protein
[17:59:17] Modify product: UPF0065 protein in clcB-clcD intergenic region => hypothetical protein
[17:59:17] Modify product: Putative cystathionine beta-synthase Rv1077 => Putative cystathionine beta-synthase
[17:59:17] Modify product: Probable HTH-type transcriptional regulator YgaV => putative HTH-type transcriptional regulator YgaV
[17:59:17] Modify product: Acetyltransferase PA3944 => Acetyltransferase
[17:59:17] Modify product: Probable D,D-dipeptide transport system permease protein DdpC => putative D,D-dipeptide transport system permease protein DdpC
[17:59:17] Modify product: UPF0065 protein in clcB-clcD intergenic region => hypothetical protein
[17:59:17] Modify product: Nitrilase blr3397 => Nitrilase
[17:59:17] Modify product: Probable RNA polymerase sigma factor FecI => putative RNA polymerase sigma factor FecI
[17:59:17] Modify product: Probable efflux pump outer membrane protein TtgC => putative efflux pump outer membrane protein TtgC
[17:59:17] Modify product: Outer membrane porin protein BP0840 => Outer membrane porin protein
[17:59:17] Modify product: Probable TonB-dependent receptor BfrD => putative TonB-dependent receptor BfrD
[17:59:17] Modify product: Probable TonB-dependent receptor BfrD => putative TonB-dependent receptor BfrD
[17:59:17] Modify product: Probable parvulin-type peptidyl-prolyl cis-trans isomerase => putative parvulin-type peptidyl-prolyl cis-trans isomerase
[17:59:17] Modify product: Uncharacterized protein Rv2232 => putative protein
[17:59:17] Modify product: UPF0065 protein in clcB-clcD intergenic region => hypothetical protein
[17:59:17] Modify product: Probable cystine transporter YijE => putative cystine transporter YijE
[17:59:17] Modify product: Probable succinyl-CoA:3-ketoacid coenzyme A transferase subunit A => putative succinyl-CoA:3-ketoacid coenzyme A transferase subunit A
[17:59:17] Modify product: Probable succinyl-CoA:3-ketoacid coenzyme A transferase subunit B => putative succinyl-CoA:3-ketoacid coenzyme A transferase subunit B
[17:59:17] Modify product: Probable amino-acid metabolite efflux pump => putative amino-acid metabolite efflux pump
[17:59:17] Modify product: UPF0065 protein in clcB-clcD intergenic region => hypothetical protein
[17:59:17] Modify product: Purine-binding protein BAB2_0673 => Purine-binding protein
[17:59:17] Modify product: Uncharacterized MFS-type transporter YfcJ => putative MFS-type transporter YfcJ
[17:59:17] Modify product: UPF0339 protein SO_3888 => hypothetical protein
[17:59:17] Modify product: UPF0065 protein in clcB-clcD intergenic region => hypothetical protein
[17:59:17] Modify product: Probable RNA polymerase sigma factor FecI => putative RNA polymerase sigma factor FecI
[17:59:17] Modify product: UPF0065 protein in clcB-clcD intergenic region => hypothetical protein
[17:59:18] Modify product: UPF0060 membrane protein YnfA => hypothetical protein
[17:59:18] Modify product: UPF0065 protein in clcB-clcD intergenic region => hypothetical protein
[17:59:18] Modify product: Uncharacterized protein Rv2915c => putative protein
[17:59:18] Modify product: Uncharacterized membrane protein NMB1645 => putative membrane protein
[17:59:18] Modify product: GTP cyclohydrolase 1 type 2 homolog => GTP cyclohydrolase 1 type 2 
[17:59:18] Modify product: UPF0065 protein in clcB-clcD intergenic region => hypothetical protein
[17:59:18] Modify product: SCO1 protein homolog => SCO1 protein 
[17:59:18] Modify product: Probable siderophore transport system permease protein YfiZ => putative siderophore transport system permease protein YfiZ
[17:59:18] Modify product: Putative lipoprotein NMB1126/NMB1164 => Putative lipoprotein/NMB1164
[17:59:18] Modify product: Putative lipoprotein NMB1124/NMB1162 => Putative lipoprotein/NMB1162
[17:59:18] Modify product: Probable transporter SCO4007 => putative transporter
[17:59:18] Modify product: Uncharacterized glycosyltransferase sll0501 => putative glycosyltransferase
[17:59:18] Modify product: Probable FMNH2-dependent monooxygenase SfnC => putative FMNH2-dependent monooxygenase SfnC
[17:59:18] Modify product: Uncharacterized protein HI_1048 => putative protein
[17:59:18] Modify product: Probable thiol:disulfide interchange protein DsbC => putative thiol:disulfide interchange protein DsbC
[17:59:18] Modify product: UPF0065 protein in clcB-clcD intergenic region => hypothetical protein
[17:59:18] Modify product: UPF0065 protein in clcB-clcD intergenic region => hypothetical protein
[17:59:18] Modify product: Probable enoyl-CoA hydratase echA8 => putative enoyl-CoA hydratase echA8
[17:59:18] Modify product: Probable D,D-dipeptide transport system permease protein DdpC => putative D,D-dipeptide transport system permease protein DdpC
[17:59:18] Modify product: Probable enoyl-CoA hydratase => putative enoyl-CoA hydratase
[17:59:18] Modify product: Outer membrane porin protein BP0840 => Outer membrane porin protein
[17:59:18] Modify product: Uncharacterized protein YisK => putative protein YisK
[17:59:18] Modify product: UPF0065 protein in clcB-clcD intergenic region => hypothetical protein
[17:59:18] Modify product: UPF0065 protein in clcB-clcD intergenic region => hypothetical protein
[17:59:18] Modify product: Probable fructoselysine utilization operon transcriptional repressor => putative fructoselysine utilization operon transcriptional repressor
[17:59:18] Modify product: UPF0126 inner membrane protein YicG => hypothetical protein
[17:59:18] Modify product: Probable protein kinase UbiB => putative protein kinase UbiB
[17:59:18] Modify product: Probable multidrug ABC transporter permease YbhS => putative multidrug ABC transporter permease YbhS
[17:59:18] Modify product: Probable multidrug ABC transporter ATP-binding protein YbhF => putative multidrug ABC transporter ATP-binding protein YbhF
[17:59:18] Modify product: Cyclic di-GMP phosphodiesterase TM_0186 => Cyclic di-GMP phosphodiesterase
[17:59:18] Modify product: Outer membrane porin protein BP0840 => Outer membrane porin protein
[17:59:18] Modify product: UPF0065 protein in clcB-clcD intergenic region => hypothetical protein
[17:59:18] Modify product: Uncharacterized ABC transporter ATP-binding protein YbiT => putative ABC transporter ATP-binding protein YbiT
[17:59:18] Modify product: Uncharacterized MFS-type transporter YhhS => putative MFS-type transporter YhhS
[17:59:18] Modify product: Probable glycerol-3-phosphate acyltransferase => putative glycerol-3-phosphate acyltransferase
[17:59:18] Modify product: Uncharacterized protein HI_0131 => putative protein
[17:59:18] Modify product: Putative hydro-lyase PSPTO_5379 => Putative hydro-lyase
[17:59:18] Modify product: Leu/Ile/Val-binding protein homolog 3 => Leu/Ile/Val-binding protein 
[17:59:18] Modify product: Outer membrane porin protein BP0840 => Outer membrane porin protein
[17:59:18] Modify product: Solute-binding protein Dde_0634 => Solute-binding protein
[17:59:18] Modify product: Probable TonB-dependent receptor NMB0964 => putative TonB-dependent receptor
[17:59:18] Modify product: UPF0701 protein YicC => hypothetical protein
[17:59:18] Modify product: UPF0065 protein in clcB-clcD intergenic region => hypothetical protein
[17:59:18] Modify product: UPF0065 protein in clcB-clcD intergenic region => hypothetical protein
[17:59:18] Modify product: RutC family protein HI_0719 => RutC family protein
[17:59:18] Modify product: UPF0065 protein in clcB-clcD intergenic region => hypothetical protein
[17:59:18] Modify product: UPF0382 membrane protein YwdK => hypothetical protein
[17:59:18] Modify product: Probable diguanylate cyclase DgcE => putative diguanylate cyclase DgcE
[17:59:18] Modify product: Uncharacterized ABC transporter ATP-binding protein YheS => putative ABC transporter ATP-binding protein YheS
[17:59:18] Modify product: UPF0053 inner membrane protein YoaE => hypothetical protein
[17:59:18] Modify product: Probable enoyl-CoA hydratase echA8 => putative enoyl-CoA hydratase echA8
[17:59:18] Modify product: Probable type II secretion system protein HxcR => putative type II secretion system protein HxcR
[17:59:18] Modify product: Probable RNA polymerase sigma factor FecI => putative RNA polymerase sigma factor FecI
[17:59:18] Modify product: Probable murein peptide carboxypeptidase => putative murein peptide carboxypeptidase
[17:59:18] Modify product: Uncharacterized protein Rv2568c => putative protein
[17:59:18] Modify product: UPF0065 protein in clcB-clcD intergenic region => hypothetical protein
[17:59:18] Modify product: Uncharacterized protein Rv0906 => putative protein
[17:59:18] Modify product: Probable RNA polymerase sigma factor FecI => putative RNA polymerase sigma factor FecI
[17:59:18] Modify product: Probable cysteine desulfurase => putative cysteine desulfurase
[17:59:18] Modify product: Probable hydrolase YcaC => putative hydrolase YcaC
[17:59:18] Modify product: UPF0065 protein in clcB-clcD intergenic region => hypothetical protein
[17:59:18] Modify product: Probable 5-dehydro-4-deoxyglucarate dehydratase => putative 5-dehydro-4-deoxyglucarate dehydratase
[17:59:18] Modify product: Uncharacterized protein HI_1472 => putative protein
[17:59:18] Modify product: Probable iron export permease protein FetB => putative iron export permease protein FetB
[17:59:18] Modify product: Probable iron export ATP-binding protein FetA => putative iron export ATP-binding protein FetA
[17:59:18] Modify product: Probable siderophore transport system permease protein YfiZ => putative siderophore transport system permease protein YfiZ
[17:59:18] Modify product: Probable glutamine ABC transporter permease protein GlnM => putative glutamine ABC transporter permease protein GlnM
[17:59:18] Modify product: UPF0065 protein in clcB-clcD intergenic region => hypothetical protein
[17:59:18] Modify product: UPF0065 protein in clcB-clcD intergenic region => hypothetical protein
[17:59:18] Modify product: UPF0065 protein in clcB-clcD intergenic region => hypothetical protein
[17:59:18] Modify product: UPF0065 protein in clcB-clcD intergenic region => hypothetical protein
[17:59:18] Modify product: Probable transport protein HsrA => putative transport protein HsrA
[17:59:18] Modify product: UPF0065 protein in clcB-clcD intergenic region => hypothetical protein
[17:59:18] Modify product: Uncharacterized protein PA14_02130 => putative protein
[17:59:18] Modify product: Probable enoyl-CoA hydratase echA12 => putative enoyl-CoA hydratase echA12
[17:59:18] Modify product: Probable acyl-CoA dehydrogenase fadE25 => putative acyl-CoA dehydrogenase fadE25
[17:59:18] Modify product: UPF0301 protein AlgH => hypothetical protein
[17:59:18] Modify product: Probable glutamine ABC transporter permease protein GlnP => putative glutamine ABC transporter permease protein GlnP
[17:59:18] Modify product: UPF0065 protein in clcB-clcD intergenic region => hypothetical protein
[17:59:18] Modify product: UPF0307 protein PSPTO_4464 => hypothetical protein
[17:59:18] Modify product: UPF0098 protein YbhB => hypothetical protein
[17:59:18] Modify product: Stress response UPF0229 protein YhbH => hypothetical protein
[17:59:18] Modify product: UPF0065 protein in clcB-clcD intergenic region => hypothetical protein
[17:59:18] Modify product: Probable nicotinate-nucleotide pyrophosphorylase [carboxylating] => putative nicotinate-nucleotide pyrophosphorylase [carboxylating]
[17:59:18] Modify product: UPF0065 protein in clcB-clcD intergenic region => hypothetical protein
[17:59:18] Modify product: UPF0178 protein YaiI => hypothetical protein
[17:59:18] Modify product: Uncharacterized glycosyltransferase sll0501 => putative glycosyltransferase
[17:59:18] Modify product: Uncharacterized DapA-like lyase => putative DapA-like lyase
[17:59:18] Modify product: Uncharacterized protein Rv2307c => putative protein
[17:59:18] Modify product: Probable peptidoglycan D,D-transpeptidase PenA => putative peptidoglycan D,D-transpeptidase PenA
[17:59:18] Modify product: Probable peptidoglycan glycosyltransferase FtsW => putative peptidoglycan glycosyltransferase FtsW
[17:59:18] Modify product: UPF0065 protein in clcB-clcD intergenic region => hypothetical protein
[17:59:18] Modify product: Uncharacterized acyl-CoA thioester hydrolase HI_0827 => putative acyl-CoA thioester hydrolase
[17:59:18] Modify product: UPF0324 inner membrane protein YeiH => hypothetical protein
[17:59:18] Modify product: Probable RNA polymerase sigma factor FecI => putative RNA polymerase sigma factor FecI
[17:59:18] Modify product: Probable lipoprotein YiaD => putative lipoprotein YiaD
[17:59:18] Modify product: Putative short-chain type dehydrogenase/reductase Rv0148 => Putative short-chain type dehydrogenase/reductase
[17:59:18] Modify product: UPF0065 protein in clcB-clcD intergenic region => hypothetical protein
[17:59:18] Modify product: UPF0065 protein in clcB-clcD intergenic region => hypothetical protein
[17:59:18] Modify product: UPF0065 protein in clcB-clcD intergenic region => hypothetical protein
[17:59:18] Modify product: Uncharacterized amino acid permease YhdG => putative amino acid permease YhdG
[17:59:18] Modify product: UPF0065 protein in clcB-clcD intergenic region => hypothetical protein
[17:59:18] Modify product: Uncharacterized protein YisK => putative protein YisK
[17:59:18] Modify product: UPF0065 protein in clcB-clcD intergenic region => hypothetical protein
[17:59:18] Modify product: Uncharacterized protein MG039 homolog => putative protein MG039 
[17:59:18] Modify product: Uncharacterized ABC transporter ATP-binding protein YknY => putative ABC transporter ATP-binding protein YknY
[17:59:18] Modify product: Outer membrane porin protein BP0840 => Outer membrane porin protein
[17:59:18] Modify product: UPF0065 protein in clcB-clcD intergenic region => hypothetical protein
[17:59:18] Modify product: Probable cystine transporter YijE => putative cystine transporter YijE
[17:59:18] Modify product: UPF0065 protein in clcB-clcD intergenic region => hypothetical protein
[17:59:18] Modify product: Uncharacterized protein YqeY => putative protein YqeY
[17:59:18] Modify product: Probable transporter SCO4007 => putative transporter
[17:59:18] Modify product: Probable cystine transporter YijE => putative cystine transporter YijE
[17:59:18] Modify product: Probable enoyl-CoA hydratase echA8 => putative enoyl-CoA hydratase echA8
[17:59:18] Modify product: Probable 2,4-dienoyl-CoA reductase => putative 2,4-dienoyl-CoA reductase
[17:59:18] Modify product: Probable RNA polymerase sigma factor FecI => putative RNA polymerase sigma factor FecI
[17:59:18] Modify product: Probable fimbrial chaperone YadV => putative fimbrial chaperone YadV
[17:59:18] Modify product: UPF0065 protein in clcB-clcD intergenic region => hypothetical protein
[17:59:18] Modify product: UPF0065 protein in clcB-clcD intergenic region => hypothetical protein
[17:59:18] Modify product: UPF0065 protein in clcB-clcD intergenic region => hypothetical protein
[17:59:18] Modify product: Uncharacterized protein HI_1028 => putative protein
[17:59:18] Modify product: Multidrug efflux ATP-binding/permease protein Rv0194 => Multidrug efflux ATP-binding/permease protein
[17:59:18] Modify product: UPF0056 inner membrane protein MarC => hypothetical protein
[17:59:18] Modify product: Probable RNA polymerase sigma factor FecI => putative RNA polymerase sigma factor FecI
[17:59:18] Modify product: Probable type II secretion system protein HxcR => putative type II secretion system protein HxcR
[17:59:18] Modify product: Uncharacterized protein YaeQ => putative protein YaeQ
[17:59:18] Modify product: Uncharacterized oxidoreductase SA2266 => putative oxidoreductase
[17:59:18] Modify product: Probable efflux pump membrane transporter TtgB => putative efflux pump membrane transporter TtgB
[17:59:18] Modify product: SCO1 protein homolog => SCO1 protein 
[17:59:18] Modify product: Bifunctional protein FolD => Bifunctional protein FolD protein
[17:59:19] Modify product: Chemotaxis protein CheY homolog => Chemotaxis protein CheY 
[17:59:19] Modify product: UPF0065 protein in clcB-clcD intergenic region => hypothetical protein
[17:59:19] Modify product: UPF0056 inner membrane protein MarC => hypothetical protein
[17:59:19] Modify product: Uncharacterized metal-dependent hydrolase YcfH => putative metal-dependent hydrolase YcfH
[17:59:19] Modify product: Probable acyl-CoA dehydrogenase fadE25 => putative acyl-CoA dehydrogenase fadE25
[17:59:19] Modify product: Uncharacterized protease YhbU => putative protease YhbU
[17:59:19] Modify product: Probable nitrate transporter NarT => putative nitrate transporter NarT
[17:59:19] Modify product: UPF0065 protein in clcB-clcD intergenic region => hypothetical protein
[17:59:19] Modify product: Probable 3-phenylpropionic acid transporter => putative 3-phenylpropionic acid transporter
[17:59:19] Modify product: Probable amino-acid metabolite efflux pump => putative amino-acid metabolite efflux pump
[17:59:19] Modify product: Probable RNA polymerase sigma factor FecI => putative RNA polymerase sigma factor FecI
[17:59:19] Modify product: UPF0065 protein in clcB-clcD intergenic region => hypothetical protein
[17:59:19] Modify product: Cytochrome b561 homolog 1 => Cytochrome b561 
[17:59:19] Modify product: UPF0065 protein in clcB-clcD intergenic region => hypothetical protein
[17:59:19] Modify product: Outer membrane porin protein BP0840 => Outer membrane porin protein
[17:59:19] Modify product: Uncharacterized protein HI_0131 => putative protein
[17:59:19] Modify product: Fanconi-associated nuclease 1 homolog => Fanconi-associated nuclease 1 
[17:59:19] Modify product: Uncharacterized N-acetyltransferase Rv2669 => putative N-acetyltransferase
[17:59:19] Modify product: UPF0065 protein in clcB-clcD intergenic region => hypothetical protein
[17:59:19] Modify product: Zinc-type alcohol dehydrogenase-like protein SA1988 => Zinc-type alcohol dehydrogenase-like protein
[17:59:19] Modify product: UPF0065 protein in clcB-clcD intergenic region => hypothetical protein
[17:59:19] Modify product: UPF0234 protein XC_3703 => hypothetical protein
[17:59:19] Modify product: Probable RNA polymerase sigma factor FecI => putative RNA polymerase sigma factor FecI
[17:59:19] Modify product: UPF0073 inner membrane protein YqfA => hypothetical protein
[17:59:19] Modify product: Uncharacterized aminopeptidase Rv1333 => putative aminopeptidase
[17:59:19] Modify product: Probable amino-acid ABC transporter-binding protein HI_1080 => putative amino-acid ABC transporter-binding protein
[17:59:19] Modify product: SCO1 protein homolog => SCO1 protein 
[17:59:19] Modify product: Probable RNA polymerase sigma factor FecI => putative RNA polymerase sigma factor FecI
[17:59:19] Modify product: Uncharacterized oxidoreductase SA2266 => putative oxidoreductase
[17:59:19] Modify product: Probable RNA polymerase sigma factor FecI => putative RNA polymerase sigma factor FecI
[17:59:19] Modify product: Uncharacterized SURF1-like protein Rv2235 => putative SURF1-like protein
[17:59:19] Modify product: Outer membrane porin protein BP0840 => Outer membrane porin protein
[17:59:19] Modify product: Outer membrane porin protein BP0840 => Outer membrane porin protein
[17:59:19] Modify product: Outer membrane porin protein BP0840 => Outer membrane porin protein
[17:59:19] Modify product: Pentapeptide repeat protein VPA0095 => Pentapeptide repeat protein
[17:59:19] Modify product: Uncharacterized protein YciH => putative protein YciH
[17:59:19] Modify product: UPF0065 protein in clcB-clcD intergenic region => hypothetical protein
[17:59:19] Modify product: Uncharacterized carboxylesterase nap => putative carboxylesterase nap
[17:59:19] Modify product: Probable multidrug-efflux transporter Rv1634 => putative multidrug-efflux transporter
[17:59:19] Modify product: Putative multidrug export ATP-binding/permease protein SAV1866 => Putative multidrug export ATP-binding/permease protein
[17:59:19] Modify product: Probable RNA polymerase sigma factor FecI => putative RNA polymerase sigma factor FecI
[17:59:19] Modify product: UPF0065 protein in clcB-clcD intergenic region => hypothetical protein
[17:59:19] Modify product: UPF0065 protein in clcB-clcD intergenic region => hypothetical protein
[17:59:19] Modify product: UPF0065 protein in clcB-clcD intergenic region => hypothetical protein
[17:59:19] Modify product: Probable RNA polymerase sigma factor FecI => putative RNA polymerase sigma factor FecI
[17:59:19] Modify product: Leu/Ile/Val-binding protein homolog 3 => Leu/Ile/Val-binding protein 
[17:59:19] Modify product: Probable acyltransferase YihG => putative acyltransferase YihG
[17:59:19] Modify product: Solute-binding protein Bpro_3107 => Solute-binding protein
[17:59:19] Modify product: Uncharacterized FAD-linked oxidoreductase Rv2280 => putative FAD-linked oxidoreductase
[17:59:19] Modify product: Probable undecaprenyl-phosphate N-acetylglucosaminyl 1-phosphate transferase => putative undecaprenyl-phosphate N-acetylglucosaminyl 1-phosphate transferase
[17:59:19] Modify product: Uncharacterized signaling protein PA1727 => putative signaling protein
[17:59:19] Modify product: Uncharacterized protein HI_0933 => putative protein
[17:59:19] Modify product: UPF0176 protein lpg2838 => hypothetical protein
[17:59:19] Modify product: Probable cyclic di-GMP phosphodiesterase PdeN => putative cyclic di-GMP phosphodiesterase PdeN
[17:59:19] Modify product: UPF0194 membrane protein YbhG => hypothetical protein
[17:59:19] Modify product: UPF0065 protein in clcB-clcD intergenic region => hypothetical protein
[17:59:19] Modify product: Probable RNA polymerase sigma factor FecI => putative RNA polymerase sigma factor FecI
[17:59:19] Modify product: Probable dual-specificity RNA methyltransferase RlmN => putative dual-specificity RNA methyltransferase RlmN
[17:59:19] Modify product: UPF0065 protein in clcB-clcD intergenic region => hypothetical protein
[17:59:19] Modify product: UPF0065 protein in clcB-clcD intergenic region => hypothetical protein
[17:59:19] Modify product: Probable 2-dehydro-3-deoxygalactonokinase DgoK1 => putative 2-dehydro-3-deoxygalactonokinase DgoK1
[17:59:19] Modify product: Multidrug efflux system ATP-binding protein Rv1218c => Multidrug efflux system ATP-binding protein
[17:59:19] Modify product: Probable D,D-dipeptide transport system permease protein DdpC => putative D,D-dipeptide transport system permease protein DdpC
[17:59:19] Modify product: UPF0065 protein in clcB-clcD intergenic region => hypothetical protein
[17:59:19] Modify product: Uncharacterized oxidoreductase YjmC => putative oxidoreductase YjmC
[17:59:19] Modify product: UPF0065 protein in clcB-clcD intergenic region => hypothetical protein
[17:59:19] Modify product: UPF0065 protein in clcB-clcD intergenic region => hypothetical protein
[17:59:19] Modify product: Probable allantoin permease => putative allantoin permease
[17:59:19] Modify product: UPF0065 protein in clcB-clcD intergenic region => hypothetical protein
[17:59:19] Modify product: UPF0065 protein in clcB-clcD intergenic region => hypothetical protein
[17:59:19] Modify product: Probable RNA polymerase sigma factor FecI => putative RNA polymerase sigma factor FecI
[17:59:19] Modify product: Uncharacterized protein HI_1028 => putative protein
[17:59:19] Modify product: Probable sulfoacetate transporter SauU => putative sulfoacetate transporter SauU
[17:59:19] Modify product: Uncharacterized oxidoreductase YgfF => putative oxidoreductase YgfF
[17:59:19] Modify product: Uncharacterized metal-dependent hydrolase YjjV => putative metal-dependent hydrolase YjjV
[17:59:19] Modify product: Probable enoyl-CoA hydratase echA8 => putative enoyl-CoA hydratase echA8
[17:59:19] Modify product: Putative low molecular weight protein-tyrosine-phosphatase slr0328 => Putative low molecular weight protein-tyrosine-phosphatase
[17:59:19] Modify product: Probable cold shock protein A => putative cold shock protein A
[17:59:19] Modify product: Probable metabolite transport protein CsbC => putative metabolite transport protein CsbC
[17:59:19] Modify product: Uncharacterized ABC transporter ATP-binding protein YheS => putative ABC transporter ATP-binding protein YheS
[17:59:19] Modify product: UPF0065 protein in clcB-clcD intergenic region => hypothetical protein
[17:59:19] Modify product: Probable amino-acid permease protein YxeN => putative amino-acid permease protein YxeN
[17:59:19] Modify product: UPF0434 protein BB2007 => hypothetical protein
[17:59:19] Modify product: Uncharacterized oxidoreductase Rv1144 => putative oxidoreductase
[17:59:19] Modify product: UPF0065 protein in clcB-clcD intergenic region => hypothetical protein
[17:59:19] Modify product: Uncharacterized oxidoreductase YjmC => putative oxidoreductase YjmC
[17:59:19] Modify product: UPF0065 protein in clcB-clcD intergenic region => hypothetical protein
[17:59:19] Modify product: UPF0065 protein in clcB-clcD intergenic region => hypothetical protein
[17:59:19] Modify product: UPF0065 protein in clcB-clcD intergenic region => hypothetical protein
[17:59:19] Modify product: UPF0065 protein in clcB-clcD intergenic region => hypothetical protein
[17:59:19] Modify product: UPF0065 protein in clcB-clcD intergenic region => hypothetical protein
[17:59:19] Modify product: UPF0065 protein in clcB-clcD intergenic region => hypothetical protein
[17:59:19] Modify product: UPF0065 protein in clcB-clcD intergenic region => hypothetical protein
[17:59:19] Modify product: Probable RNA polymerase sigma factor FecI => putative RNA polymerase sigma factor FecI
[17:59:19] Modify product: UPF0065 protein in clcB-clcD intergenic region => hypothetical protein
[17:59:19] Modify product: UPF0065 protein in clcB-clcD intergenic region => hypothetical protein
[17:59:19] Modify product: Probable RNA polymerase sigma factor FecI => putative RNA polymerase sigma factor FecI
[17:59:19] Modify product: Probable D-xylose utilization operon transcriptional repressor => putative D-xylose utilization operon transcriptional repressor
[17:59:19] Modify product: UPF0065 protein in clcB-clcD intergenic region => hypothetical protein
[17:59:19] Modify product: Probable D,D-dipeptide transport ATP-binding protein DdpF => putative D,D-dipeptide transport ATP-binding protein DdpF
[17:59:19] Modify product: Outer membrane porin protein BP0840 => Outer membrane porin protein
[17:59:19] Modify product: UPF0065 protein in clcB-clcD intergenic region => hypothetical protein
[17:59:19] Modify product: UPF0719 inner membrane protein YjfL => hypothetical protein
[17:59:19] Modify product: UPF0065 protein in clcB-clcD intergenic region => hypothetical protein
[17:59:19] Modify product: Probable enoyl-CoA hydratase echA8 => putative enoyl-CoA hydratase echA8
[17:59:19] Modify product: Probable fatty acyl-CoA transferase Rv3272 => putative fatty acyl-CoA transferase
[17:59:19] Modify product: UPF0065 protein in clcB-clcD intergenic region => hypothetical protein
[17:59:19] Modify product: Probable sulfate transporter Rv1739c => putative sulfate transporter
[17:59:19] Modify product: Probable transporter SCO4007 => putative transporter
[17:59:19] Modify product: Acetyltransferase PA2578 => Acetyltransferase
[17:59:19] Modify product: UPF0225 protein YchJ => hypothetical protein
[17:59:19] Modify product: Putative bifunctional exonuclease/endonuclease protein Rv2191 => Putative bifunctional exonuclease/endonuclease protein
[17:59:19] Modify product: Probable sulfite/organosulfonate exporter TauE => putative sulfite/organosulfonate exporter TauE
[17:59:19] Modify product: Probable hydrolase YcaC => putative hydrolase YcaC
[17:59:19] Modify product: Probable succinyl-CoA:3-ketoacid coenzyme A transferase subunit B => putative succinyl-CoA:3-ketoacid coenzyme A transferase subunit B
[17:59:19] Modify product: Probable succinyl-CoA:3-ketoacid coenzyme A transferase subunit A => putative succinyl-CoA:3-ketoacid coenzyme A transferase subunit A
[17:59:19] Modify product: UPF0065 protein in clcB-clcD intergenic region => hypothetical protein
[17:59:19] Modify product: Probable enoyl-CoA hydratase => putative enoyl-CoA hydratase
[17:59:19] Modify product: Uncharacterized oxidoreductase Rv0945 => putative oxidoreductase
[17:59:19] Modify product: Leu/Ile/Val-binding protein homolog 3 => Leu/Ile/Val-binding protein 
[17:59:20] Modify product: UPF0065 protein in clcB-clcD intergenic region => hypothetical protein
[17:59:20] Modify product: Probable transcriptional regulator PhnF => putative transcriptional regulator PhnF
[17:59:20] Modify product: UPF0065 protein in clcB-clcD intergenic region => hypothetical protein
[17:59:20] Modify product: Probable sulfate transporter Rv1739c => putative sulfate transporter
[17:59:20] Modify product: UPF0065 protein in clcB-clcD intergenic region => hypothetical protein
[17:59:20] Modify product: Uncharacterized protein YqjD => putative protein YqjD
[17:59:20] Modify product: Probable flavin reductase => putative flavin reductase
[17:59:20] Modify product: Peroxiredoxin sll1621 => Peroxiredoxin
[17:59:20] Modify product: Putative formate dehydrogenase SA2102 => Putative formate dehydrogenase
[17:59:20] Modify product: UPF0065 protein in clcB-clcD intergenic region => hypothetical protein
[17:59:20] Modify product: Probable bifunctional transcriptional activator/DNA repair enzyme AlkA => putative bifunctional transcriptional activator/DNA repair enzyme AlkA
[17:59:20] Modify product: Probable cystine transporter YijE => putative cystine transporter YijE
[17:59:20] Modify product: Uncharacterized FAD-linked oxidoreductase Rv2280 => putative FAD-linked oxidoreductase
[17:59:20] Modify product: Probable D-xylose utilization operon transcriptional repressor => putative D-xylose utilization operon transcriptional repressor
[17:59:20] Modify product: Uncharacterized GST-like protein YibF => putative GST-like protein YibF
[17:59:20] Modify product: UPF0065 protein in clcB-clcD intergenic region => hypothetical protein
[17:59:20] Modify product: UPF0065 protein in clcB-clcD intergenic region => hypothetical protein
[17:59:20] Modify product: Probable TonB-dependent receptor NMB0964 => putative TonB-dependent receptor
[17:59:20] Modify product: Uncharacterized FAD-linked oxidoreductase Rv2280 => putative FAD-linked oxidoreductase
[17:59:20] Modify product: UPF0065 protein in clcB-clcD intergenic region => hypothetical protein
[17:59:20] Modify product: Uncharacterized protein Rv2232 => putative protein
[17:59:20] Modify product: UPF0065 protein in clcB-clcD intergenic region => hypothetical protein
[17:59:20] Modify product: Outer membrane porin protein BP0840 => Outer membrane porin protein
[17:59:20] Modify product: Probable ABC transporter ATP-binding/permease protein HI_0664 => putative ABC transporter ATP-binding/permease protein
[17:59:20] Modify product: Nucleotide-binding protein SA0720 => Nucleotide-binding protein
[17:59:20] Modify product: Uncharacterized HTH-type transcriptional regulator Rv1985c => putative HTH-type transcriptional regulator
[17:59:20] Modify product: UPF0394 membrane protein XF_0765 => hypothetical protein
[17:59:20] Modify product: UPF0394 membrane protein XF_0766 => hypothetical protein
[17:59:20] Modify product: Probable metallo-hydrolase BURPS1710b_2304 => putative metallo-hydrolase
[17:59:20] Modify product: Uncharacterized protein Rv2411c => putative protein
[17:59:20] Modify product: Uncharacterized protein Rv2569c => putative protein
[17:59:20] Modify product: UPF0065 protein in clcB-clcD intergenic region => hypothetical protein
[17:59:20] Modify product: UPF0065 protein in clcB-clcD intergenic region => hypothetical protein
[17:59:20] Modify product: UPF0250 protein YbeD => hypothetical protein
[17:59:20] Modify product: Probable ribonucleotide transport ATP-binding protein mkl => putative ribonucleotide transport ATP-binding protein mkl
[17:59:20] Modify product: Probable cystine transporter YijE => putative cystine transporter YijE
[17:59:20] Modify product: Probable GTP-binding protein EngB => putative GTP-binding protein EngB
[17:59:20] Modify product: Uncharacterized protein HI_0131 => putative protein
[17:59:20] Modify product: UPF0065 protein in clcB-clcD intergenic region => hypothetical protein
[17:59:20] Modify product: Probable chromosome-partitioning protein ParB => putative chromosome-partitioning protein ParB
[17:59:20] Modify product: Probable D,D-dipeptide transport system permease protein DdpC => putative D,D-dipeptide transport system permease protein DdpC
[17:59:20] Modify product: Uncharacterized isomerase YddE => putative isomerase YddE
[17:59:20] Modify product: Uncharacterized protein YbaA => putative protein YbaA
[17:59:20] Modify product: Uncharacterized protein Rv0887c => putative protein
[17:59:20] Modify product: UPF0073 inner membrane protein YqfA => hypothetical protein
[17:59:20] Modify product: Solute-binding protein Dde_0634 => Solute-binding protein
[17:59:20] Modify product: Uncharacterized ABC transporter ATP-binding protein YadG => putative ABC transporter ATP-binding protein YadG
[17:59:20] Modify product: UPF0065 protein in clcB-clcD intergenic region => hypothetical protein
[17:59:20] Modify product: UPF0065 protein in clcB-clcD intergenic region => hypothetical protein
[17:59:20] Modify product: Monocarboxylate 2-oxoacid-binding periplasmic protein all3028 => Monocarboxylate 2-oxoacid-binding periplasmic protein
[17:59:20] Modify product: Glycogen operon protein GlgX homolog => Glycogen operon protein GlgX 
[17:59:20] Modify product: Uncharacterized ABC transporter ATP-binding protein HI_1470 => putative ABC transporter ATP-binding protein
[17:59:20] Modify product: Probable ABC transporter permease protein HI_1471 => putative ABC transporter permease protein
[17:59:20] Modify product: Uncharacterized protein HI_1472 => putative protein
[17:59:20] Modify product: UPF0065 protein in clcB-clcD intergenic region => hypothetical protein
[17:59:20] Modify product: Probable 2,4-dienoyl-CoA reductase => putative 2,4-dienoyl-CoA reductase
[17:59:20] Modify product: Probable multidrug resistance protein EmrK => putative multidrug resistance protein EmrK
[17:59:20] Modify product: Uncharacterized ABC transporter ATP-binding protein YejF => putative ABC transporter ATP-binding protein YejF
[17:59:20] Modify product: Putative outer membrane protein NMB0088 => Putative outer membrane protein
[17:59:20] Modify product: Probable 3-hydroxyacyl-CoA dehydrogenase => putative 3-hydroxyacyl-CoA dehydrogenase
[17:59:20] Modify product: Multifunctional alkaline phosphatase superfamily protein pRL90232 => Multifunctional alkaline phosphatase superfamily protein
[17:59:20] Modify product: Putative multidrug export ATP-binding/permease protein SAV1866 => Putative multidrug export ATP-binding/permease protein
[17:59:20] Modify product: UPF0053 inner membrane protein YoaE => hypothetical protein
[17:59:20] Modify product: Probable ABC transporter binding protein NosD => putative ABC transporter binding protein NosD
[17:59:20] Modify product: Probable ABC transporter ATP-binding protein NosF => putative ABC transporter ATP-binding protein NosF
[17:59:20] Modify product: Probable ABC transporter permease protein NosY => putative ABC transporter permease protein NosY
[17:59:20] Modify product: UPF0065 protein in clcB-clcD intergenic region => hypothetical protein
[17:59:20] Modify product: Zinc-type alcohol dehydrogenase-like protein SA1988 => Zinc-type alcohol dehydrogenase-like protein
[17:59:20] Modify product: Uncharacterized protein NMB0928 => putative protein
[17:59:20] Modify product: Uncharacterized protein YciO => putative protein YciO
[17:59:20] Modify product: Probable chaperone CsaA => putative chaperone CsaA
[17:59:20] Modify product: Uncharacterized protein YbdM => putative protein YbdM
[17:59:20] Modify product: Uncharacterized fimbrial-like protein YbgD => putative fimbrial-like protein YbgD
[17:59:20] Cleaned 374 /product names
[17:59:20] Deleting unwanted file: annoation/PROKKA_04212023.sprot.tmp.3921.faa
[17:59:20] Deleting unwanted file: annoation/PROKKA_04212023.sprot.tmp.3921.blast
[17:59:21] There are still 2746 unannotated CDS left (started with 6029)
[17:59:21] Will use hmmer3 to search against /usr/local/Cellar/prokka/1.14.6/db/hmm/HAMAP.hmm with 6 CPUs
[17:59:21] Running: cat annoation\/PROKKA_04212023\.HAMAP\.hmm\.tmp\.3921\.faa | parallel --gnu --plain -j 6 --block 71212 --recstart '>' --pipe hmmscan --noali --notextw --acc -E 1e-09 --cpu 1 /usr/local/Cellar/prokka/1.14.6/db/hmm/HAMAP.hmm /dev/stdin > annoation\/PROKKA_04212023\.HAMAP\.hmm\.tmp\.3921\.hmmer3 2> /dev/null
[17:59:54] Modify product: Uncharacterized MFS-type transporter YfcJ => putative MFS-type transporter YfcJ
[17:59:54] Modify product: Uncharacterized Nudix hydrolase NudL => putative Nudix hydrolase NudL
[17:59:54] Modify product: Uncharacterized Nudix hydrolase NudL => putative Nudix hydrolase NudL
[17:59:54] Modify product: Uncharacterized MFS-type transporter YcaD => putative MFS-type transporter YcaD
[17:59:54] Cleaned 4 /product names
[17:59:54] Deleting unwanted file: annoation/PROKKA_04212023.HAMAP.hmm.tmp.3921.faa
[17:59:54] Deleting unwanted file: annoation/PROKKA_04212023.HAMAP.hmm.tmp.3921.hmmer3
[17:59:54] Labelling remaining 2349 proteins as 'hypothetical protein'
[17:59:55] Possible /pseudo 'HTH-type transcriptional regulator DmlR' at NC_023061.1 position 7492
[17:59:55] Possible /pseudo 'Protein YdgA' at NC_023061.1 position 166980
[17:59:55] Possible /pseudo 'Dibenzothiophene desulfurization enzyme C' at NC_023061.1 position 345056
[17:59:55] Possible /pseudo 'Formate dehydrogenase-O major subunit' at NC_023061.1 position 367118
[17:59:55] Possible /pseudo '3-oxoadipate enol-lactonase 2' at NC_023061.1 position 402966
[17:59:55] Possible /pseudo 'High-affinity branched-chain amino acid transport ATP-binding protein LivF' at NC_023061.1 position 408851
[17:59:55] Possible /pseudo 'High-affinity branched-chain amino acid transport system permease protein LivH' at NC_023061.1 position 724057
[17:59:55] Possible /pseudo 'Periplasmic dipeptide transport protein' at NC_023061.1 position 1465018
[17:59:55] Possible /pseudo 'putative TonB-dependent receptor BfrD' at NC_023061.1 position 1518517
[17:59:55] Possible /pseudo 'Cyanophycin synthetase' at NC_023061.1 position 1742521
[17:59:55] Possible /pseudo 'Aralkylamine dehydrogenase light chain' at NC_023061.1 position 2132441
[17:59:55] Possible /pseudo 'Competence protein ComM' at NC_023061.1 position 2298891
[17:59:55] Possible /pseudo 'Acyl carrier protein' at NC_023061.1 position 2366560
[17:59:55] Possible /pseudo 'Sensor histidine kinase RcsC' at NC_023061.1 position 2451105
[17:59:55] Possible /pseudo 'Purine ribonucleoside efflux pump NepI' at NC_023061.1 position 2555457
[17:59:55] Possible /pseudo 'sn-glycerol-3-phosphate import ATP-binding protein UgpC' at NC_023061.1 position 2820231
[17:59:55] Possible /pseudo 'Alkaline phosphatase L' at NC_023061.1 position 3112097
[17:59:55] Possible /pseudo 'Putative aliphatic sulfonates transport permease protein SsuC' at NC_023061.1 position 3231889
[17:59:55] Possible /pseudo 'Membrane-bound lytic murein transglycosylase F' at NC_023061.1 position 3310512
[17:59:55] Possible /pseudo 'Putative protein-methionine-sulfoxide reductase subunit YedZ1' at NC_023061.1 position 3401387
[17:59:55] Possible /pseudo 'Ferrichrome outer membrane transporter/phage receptor' at NC_023061.1 position 3934679
[17:59:55] Possible /pseudo 'Sensor histidine kinase RcsC' at NC_023061.1 position 3959476
[17:59:55] Possible /pseudo 'Fe(3+)-pyochelin receptor' at NC_023061.1 position 4383847
[17:59:55] Possible /pseudo 'Sensor histidine kinase RcsC' at NC_023061.1 position 4873569
[17:59:55] Possible /pseudo 'Sensor histidine kinase RcsC' at NC_023061.1 position 4874840
[17:59:55] Possible /pseudo 'HTH-type transcriptional regulator TsaQ1/TsaQ2' at NC_023061.1 position 5242770
[17:59:55] Possible /pseudo 'Outer membrane porin protein' at NC_023061.1 position 5671456
[17:59:55] Possible /pseudo 'Outer membrane porin protein' at NC_023061.1 position 5672905
[17:59:55] Possible /pseudo 'Phosphate-import permease protein PhnE' at NC_023061.1 position 5826433
[17:59:55] Found 2089 unique /gene codes.
[17:59:55] Fixed 2 duplicate /gene - baiA_1 baiA_2
[17:59:55] Fixed 2 duplicate /gene - yjiA_1 yjiA_2
[17:59:55] Fixed 2 duplicate /gene - bshA_1 bshA_2
[17:59:55] Fixed 2 duplicate /gene - artM_1 artM_2
[17:59:55] Fixed 2 duplicate /gene - sufS_1 sufS_2
[17:59:55] Fixed 2 duplicate /gene - fur_1 fur_2
[17:59:55] Fixed 2 duplicate /gene - yheS_1 yheS_2
[17:59:55] Fixed 2 duplicate /gene - mdeA_1 mdeA_2
[17:59:55] Fixed 2 duplicate /gene - otnI_1 otnI_2
[17:59:55] Fixed 2 duplicate /gene - lysP_1 lysP_2
[17:59:55] Fixed 6 duplicate /gene - ribZ_1 ribZ_2 ribZ_3 ribZ_4 ribZ_5 ribZ_6
[17:59:55] Fixed 3 duplicate /gene - acsA_1 acsA_2 acsA_3
[17:59:55] Fixed 2 duplicate /gene - zupT_1 zupT_2
[17:59:55] Fixed 2 duplicate /gene - htpX_1 htpX_2
[17:59:55] Fixed 2 duplicate /gene - amaB_1 amaB_2
[17:59:55] Fixed 22 duplicate /gene - livH_1 livH_2 livH_3 livH_4 livH_5 livH_6 livH_7 livH_8 livH_9 livH_10 livH_11 livH_12 livH_13 livH_14 livH_15 livH_16 livH_17 livH_18 livH_19 livH_20 livH_21 livH_22
[17:59:55] Fixed 2 duplicate /gene - udh_1 udh_2
[17:59:55] Fixed 2 duplicate /gene - aatB_1 aatB_2
[17:59:55] Fixed 3 duplicate /gene - pcaF_1 pcaF_2 pcaF_3
[17:59:55] Fixed 4 duplicate /gene - mmgC_1 mmgC_2 mmgC_3 mmgC_4
[17:59:55] Fixed 2 duplicate /gene - nagAb_1 nagAb_2
[17:59:55] Fixed 6 duplicate /gene - hisC_1 hisC_2 hisC_3 hisC_4 hisC_5 hisC_6
[17:59:55] Fixed 26 duplicate /gene - livF_1 livF_2 livF_3 livF_4 livF_5 livF_6 livF_7 livF_8 livF_9 livF_10 livF_11 livF_12 livF_13 livF_14 livF_15 livF_16 livF_17 livF_18 livF_19 livF_20 livF_21 livF_22 livF_23 livF_24 livF_25 livF_26
[17:59:55] Fixed 4 duplicate /gene - metC_1 metC_2 metC_3 metC_4
[17:59:55] Fixed 16 duplicate /gene - fabG_1 fabG_2 fabG_3 fabG_4 fabG_5 fabG_6 fabG_7 fabG_8 fabG_9 fabG_10 fabG_11 fabG_12 fabG_13 fabG_14 fabG_15 fabG_16
[17:59:55] Fixed 2 duplicate /gene - mcl2_1 mcl2_2
[17:59:55] Fixed 2 duplicate /gene - teaD_1 teaD_2
[17:59:55] Fixed 5 duplicate /gene - cysA_1 cysA_2 cysA_3 cysA_4 cysA_5
[17:59:55] Fixed 2 duplicate /gene - lspA_1 lspA_2
[17:59:55] Fixed 3 duplicate /gene - pupB_1 pupB_2 pupB_3
[17:59:55] Fixed 2 duplicate /gene - msrP_1 msrP_2
[17:59:55] Fixed 2 duplicate /gene - sucB_1 sucB_2
[17:59:55] Fixed 3 duplicate /gene - ypmQ_1 ypmQ_2 ypmQ_3
[17:59:55] Fixed 2 duplicate /gene - irtB_1 irtB_2
[17:59:55] Fixed 4 duplicate /gene - glnH_1 glnH_2 glnH_3 glnH_4
[17:59:55] Fixed 5 duplicate /gene - tar_1 tar_2 tar_3 tar_4 tar_5
[17:59:55] Fixed 2 duplicate /gene - mdtB_1 mdtB_2
[17:59:55] Fixed 2 duplicate /gene - arnT_1 arnT_2
[17:59:55] Fixed 2 duplicate /gene - smtB_1 smtB_2
[17:59:55] Fixed 2 duplicate /gene - hcnB_1 hcnB_2
[17:59:55] Fixed 2 duplicate /gene - phnZ_1 phnZ_2
[17:59:55] Fixed 2 duplicate /gene - cadA_1 cadA_2
[17:59:55] Fixed 2 duplicate /gene - pta_1 pta_2
[17:59:55] Fixed 8 duplicate /gene - ssuC_1 ssuC_2 ssuC_3 ssuC_4 ssuC_5 ssuC_6 ssuC_7 ssuC_8
[17:59:55] Fixed 2 duplicate /gene - accA1_1 accA1_2
[17:59:55] Fixed 5 duplicate /gene - resA_1 resA_2 resA_3 resA_4 resA_5
[17:59:55] Fixed 3 duplicate /gene - dapE_1 dapE_2 dapE_3
[17:59:55] Fixed 2 duplicate /gene - azoR_1 azoR_2
[17:59:55] Fixed 2 duplicate /gene - dedA_1 dedA_2
[17:59:55] Fixed 3 duplicate /gene - hcaB_1 hcaB_2 hcaB_3
[17:59:55] Fixed 2 duplicate /gene - fdoG_1 fdoG_2
[17:59:55] Fixed 2 duplicate /gene - comM_1 comM_2
[17:59:55] Fixed 2 duplicate /gene - xcpT_1 xcpT_2
[17:59:55] Fixed 8 duplicate /gene - gsiD_1 gsiD_2 gsiD_3 gsiD_4 gsiD_5 gsiD_6 gsiD_7 gsiD_8
[17:59:55] Fixed 2 duplicate /gene - groL_1 groL_2
[17:59:55] Fixed 2 duplicate /gene - dxs_1 dxs_2
[17:59:55] Fixed 2 duplicate /gene - gtaB_1 gtaB_2
[17:59:55] Fixed 2 duplicate /gene - folP_1 folP_2
[17:59:55] Fixed 2 duplicate /gene - cloR_1 cloR_2
[17:59:55] Fixed 2 duplicate /gene - xcpX_1 xcpX_2
[17:59:55] Fixed 2 duplicate /gene - yisK_1 yisK_2
[17:59:55] Fixed 4 duplicate /gene - yhaJ_1 yhaJ_2 yhaJ_3 yhaJ_4
[17:59:55] Fixed 2 duplicate /gene - tolR_1 tolR_2
[17:59:55] Fixed 2 duplicate /gene - accB_1 accB_2
[17:59:55] Fixed 2 duplicate /gene - ascD_1 ascD_2
[17:59:55] Fixed 4 duplicate /gene - rstB_1 rstB_2 rstB_3 rstB_4
[17:59:55] Fixed 3 duplicate /gene - dhmA_1 dhmA_2 dhmA_3
[17:59:55] Fixed 2 duplicate /gene - takP_1 takP_2
[17:59:55] Fixed 2 duplicate /gene - atpH_1 atpH_2
[17:59:55] Fixed 2 duplicate /gene - frc_1 frc_2
[17:59:55] Fixed 2 duplicate /gene - leuC_1 leuC_2
[17:59:55] Fixed 2 duplicate /gene - nanT_1 nanT_2
[17:59:55] Fixed 3 duplicate /gene - nagL_1 nagL_2 nagL_3
[17:59:55] Fixed 2 duplicate /gene - fepC_1 fepC_2
[17:59:55] Fixed 4 duplicate /gene - ddpC_1 ddpC_2 ddpC_3 ddpC_4
[17:59:55] Fixed 3 duplicate /gene - pcaR_1 pcaR_2 pcaR_3
[17:59:55] Fixed 2 duplicate /gene - tauD_1 tauD_2
[17:59:55] Fixed 3 duplicate /gene - pgi_1 pgi_2 pgi_3
[17:59:55] Fixed 11 duplicate /gene - nimR_1 nimR_2 nimR_3 nimR_4 nimR_5 nimR_6 nimR_7 nimR_8 nimR_9 nimR_10 nimR_11
[17:59:55] Fixed 4 duplicate /gene - fyuA_1 fyuA_2 fyuA_3 fyuA_4
[17:59:55] Fixed 3 duplicate /gene - acpP_1 acpP_2 acpP_3
[17:59:55] Fixed 2 duplicate /gene - yjmC_1 yjmC_2
[17:59:55] Fixed 5 duplicate /gene - ompR_1 ompR_2 ompR_3 ompR_4 ompR_5
[17:59:55] Fixed 2 duplicate /gene - rraA_1 rraA_2
[17:59:55] Fixed 2 duplicate /gene - bcr_1 bcr_2
[17:59:55] Fixed 2 duplicate /gene - hxcR_1 hxcR_2
[17:59:55] Fixed 2 duplicate /gene - rsmI_1 rsmI_2
[17:59:55] Fixed 3 duplicate /gene - catD_1 catD_2 catD_3
[17:59:55] Fixed 4 duplicate /gene - fadJ_1 fadJ_2 fadJ_3 fadJ_4
[17:59:55] Fixed 4 duplicate /gene - ugpC_1 ugpC_2 ugpC_3 ugpC_4
[17:59:55] Fixed 6 duplicate /gene - gltR_1 gltR_2 gltR_3 gltR_4 gltR_5 gltR_6
[17:59:55] Fixed 2 duplicate /gene - engB_1 engB_2
[17:59:55] Fixed 14 duplicate /gene - rhaS_1 rhaS_2 rhaS_3 rhaS_4 rhaS_5 rhaS_6 rhaS_7 rhaS_8 rhaS_9 rhaS_10 rhaS_11 rhaS_12 rhaS_13 rhaS_14
[17:59:55] Fixed 2 duplicate /gene - merR1_1 merR1_2
[17:59:55] Fixed 8 duplicate /gene - abaF_1 abaF_2 abaF_3 abaF_4 abaF_5 abaF_6 abaF_7 abaF_8
[17:59:55] Fixed 2 duplicate /gene - ypeA_1 ypeA_2
[17:59:55] Fixed 2 duplicate /gene - cysQ_1 cysQ_2
[17:59:55] Fixed 2 duplicate /gene - phnM_1 phnM_2
[17:59:55] Fixed 3 duplicate /gene - sctC_1 sctC_2 sctC_3
[17:59:55] Fixed 2 duplicate /gene - yedK_1 yedK_2
[17:59:55] Fixed 3 duplicate /gene - puuB_1 puuB_2 puuB_3
[17:59:55] Fixed 2 duplicate /gene - fabI_1 fabI_2
[17:59:55] Fixed 2 duplicate /gene - dsbE_1 dsbE_2
[17:59:55] Fixed 2 duplicate /gene - cmpB_1 cmpB_2
[17:59:55] Fixed 2 duplicate /gene - arsH_1 arsH_2
[17:59:55] Fixed 2 duplicate /gene - rpoN_1 rpoN_2
[17:59:55] Fixed 2 duplicate /gene - crcB_1 crcB_2
[17:59:55] Fixed 2 duplicate /gene - yieH_1 yieH_2
[17:59:55] Fixed 3 duplicate /gene - ydcV_1 ydcV_2 ydcV_3
[17:59:55] Fixed 2 duplicate /gene - wcaJ_1 wcaJ_2
[17:59:55] Fixed 6 duplicate /gene - rspR_1 rspR_2 rspR_3 rspR_4 rspR_5 rspR_6
[17:59:55] Fixed 2 duplicate /gene - hmrR_1 hmrR_2
[17:59:55] Fixed 7 duplicate /gene - yfcG_1 yfcG_2 yfcG_3 yfcG_4 yfcG_5 yfcG_6 yfcG_7
[17:59:55] Fixed 2 duplicate /gene - antA_1 antA_2
[17:59:55] Fixed 4 duplicate /gene - dppC_1 dppC_2 dppC_3 dppC_4
[17:59:55] Fixed 5 duplicate /gene - benM_1 benM_2 benM_3 benM_4 benM_5
[17:59:55] Fixed 3 duplicate /gene - bdhA_1 bdhA_2 bdhA_3
[17:59:55] Fixed 2 duplicate /gene - dapD_1 dapD_2
[17:59:55] Fixed 2 duplicate /gene - irtA_1 irtA_2
[17:59:55] Fixed 2 duplicate /gene - sbnD_1 sbnD_2
[17:59:55] Fixed 2 duplicate /gene - argC_1 argC_2
[17:59:55] Fixed 4 duplicate /gene - gatA_1 gatA_2 gatA_3 gatA_4
[17:59:55] Fixed 2 duplicate /gene - lcdH_1 lcdH_2
[17:59:55] Fixed 2 duplicate /gene - oatA_1 oatA_2
[17:59:55] Fixed 2 duplicate /gene - glaR_1 glaR_2
[17:59:55] Fixed 4 duplicate /gene - mdtA_1 mdtA_2 mdtA_3 mdtA_4
[17:59:55] Fixed 5 duplicate /gene - fpvA_1 fpvA_2 fpvA_3 fpvA_4 fpvA_5
[17:59:55] Fixed 4 duplicate /gene - xerC_1 xerC_2 xerC_3 xerC_4
[17:59:55] Fixed 2 duplicate /gene - rsmB_1 rsmB_2
[17:59:55] Fixed 7 duplicate /gene - amiC_1 amiC_2 amiC_3 amiC_4 amiC_5 amiC_6 amiC_7
[17:59:55] Fixed 15 duplicate /gene - fecR_1 fecR_2 fecR_3 fecR_4 fecR_5 fecR_6 fecR_7 fecR_8 fecR_9 fecR_10 fecR_11 fecR_12 fecR_13 fecR_14 fecR_15
[17:59:55] Fixed 2 duplicate /gene - rbsA_1 rbsA_2
[17:59:55] Fixed 2 duplicate /gene - rhtC_1 rhtC_2
[17:59:55] Fixed 4 duplicate /gene - pdxA2_1 pdxA2_2 pdxA2_3 pdxA2_4
[17:59:55] Fixed 3 duplicate /gene - gdx_1 gdx_2 gdx_3
[17:59:55] Fixed 2 duplicate /gene - yclP_1 yclP_2
[17:59:55] Fixed 2 duplicate /gene - murJ_1 murJ_2
[17:59:55] Fixed 2 duplicate /gene - hutH_1 hutH_2
[17:59:55] Fixed 17 duplicate /gene - hdfR_1 hdfR_2 hdfR_3 hdfR_4 hdfR_5 hdfR_6 hdfR_7 hdfR_8 hdfR_9 hdfR_10 hdfR_11 hdfR_12 hdfR_13 hdfR_14 hdfR_15 hdfR_16 hdfR_17
[17:59:55] Fixed 3 duplicate /gene - ydiK_1 ydiK_2 ydiK_3
[17:59:55] Fixed 4 duplicate /gene - fcuA_1 fcuA_2 fcuA_3 fcuA_4
[17:59:55] Fixed 3 duplicate /gene - nagK_1 nagK_2 nagK_3
[17:59:55] Fixed 3 duplicate /gene - ttgI_1 ttgI_2 ttgI_3
[17:59:55] Fixed 11 duplicate /gene - glnQ_1 glnQ_2 glnQ_3 glnQ_4 glnQ_5 glnQ_6 glnQ_7 glnQ_8 glnQ_9 glnQ_10 glnQ_11
[17:59:55] Fixed 9 duplicate /gene - mshA_1 mshA_2 mshA_3 mshA_4 mshA_5 mshA_6 mshA_7 mshA_8 mshA_9
[17:59:55] Fixed 2 duplicate /gene - bmr3_1 bmr3_2
[17:59:55] Fixed 3 duplicate /gene - slmA_1 slmA_2 slmA_3
[17:59:55] Fixed 5 duplicate /gene - phoP_1 phoP_2 phoP_3 phoP_4 phoP_5
[17:59:55] Fixed 4 duplicate /gene - rutB_1 rutB_2 rutB_3 rutB_4
[17:59:55] Fixed 2 duplicate /gene - tsaC1_1 tsaC1_2
[17:59:55] Fixed 2 duplicate /gene - yhcG_1 yhcG_2
[17:59:55] Fixed 2 duplicate /gene - argO_1 argO_2
[17:59:55] Fixed 5 duplicate /gene - yjiE_1 yjiE_2 yjiE_3 yjiE_4 yjiE_5
[17:59:55] Fixed 2 duplicate /gene - rfnT_1 rfnT_2
[17:59:55] Fixed 2 duplicate /gene - groS_1 groS_2
[17:59:55] Fixed 2 duplicate /gene - suyB_1 suyB_2
[17:59:55] Fixed 2 duplicate /gene - caiC_1 caiC_2
[17:59:55] Fixed 5 duplicate /gene - dltA_1 dltA_2 dltA_3 dltA_4 dltA_5
[17:59:55] Fixed 6 duplicate /gene - uctC_1 uctC_2 uctC_3 uctC_4 uctC_5 uctC_6
[17:59:55] Fixed 3 duplicate /gene - pcaI_1 pcaI_2 pcaI_3
[17:59:55] Fixed 2 duplicate /gene - pphA_1 pphA_2
[17:59:55] Fixed 3 duplicate /gene - prfB_1 prfB_2 prfB_3
[17:59:55] Fixed 2 duplicate /gene - dsbB_1 dsbB_2
[17:59:55] Fixed 4 duplicate /gene - qseC_1 qseC_2 qseC_3 qseC_4
[17:59:55] Fixed 2 duplicate /gene - phaC_1 phaC_2
[17:59:55] Fixed 2 duplicate /gene - msiK_1 msiK_2
[17:59:55] Fixed 2 duplicate /gene - soxC_1 soxC_2
[17:59:55] Fixed 3 duplicate /gene - dadA_1 dadA_2 dadA_3
[17:59:55] Fixed 4 duplicate /gene - plcN_1 plcN_2 plcN_3 plcN_4
[17:59:55] Fixed 2 duplicate /gene - iscS_1 iscS_2
[17:59:55] Fixed 2 duplicate /gene - aspT_1 aspT_2
[17:59:55] Fixed 18 duplicate /gene - fecI_1 fecI_2 fecI_3 fecI_4 fecI_5 fecI_6 fecI_7 fecI_8 fecI_9 fecI_10 fecI_11 fecI_12 fecI_13 fecI_14 fecI_15 fecI_16 fecI_17 fecI_18
[17:59:55] Fixed 2 duplicate /gene - mdoB_1 mdoB_2
[17:59:55] Fixed 10 duplicate /gene - cmpR_1 cmpR_2 cmpR_3 cmpR_4 cmpR_5 cmpR_6 cmpR_7 cmpR_8 cmpR_9 cmpR_10
[17:59:55] Fixed 11 duplicate /gene - lptB_1 lptB_2 lptB_3 lptB_4 lptB_5 lptB_6 lptB_7 lptB_8 lptB_9 lptB_10 lptB_11
[17:59:55] Fixed 3 duplicate /gene - thrC_1 thrC_2 thrC_3
[17:59:55] Fixed 2 duplicate /gene - acrB_1 acrB_2
[17:59:55] Fixed 17 duplicate /gene - rcsC_1 rcsC_2 rcsC_3 rcsC_4 rcsC_5 rcsC_6 rcsC_7 rcsC_8 rcsC_9 rcsC_10 rcsC_11 rcsC_12 rcsC_13 rcsC_14 rcsC_15 rcsC_16 rcsC_17
[17:59:55] Fixed 9 duplicate /gene - gsiB_1 gsiB_2 gsiB_3 gsiB_4 gsiB_5 gsiB_6 gsiB_7 gsiB_8 gsiB_9
[17:59:55] Fixed 6 duplicate /gene - lutR_1 lutR_2 lutR_3 lutR_4 lutR_5 lutR_6
[17:59:55] Fixed 2 duplicate /gene - wbpA_1 wbpA_2
[17:59:55] Fixed 2 duplicate /gene - cobB_1 cobB_2
[17:59:55] Fixed 2 duplicate /gene - por_1 por_2
[17:59:55] Fixed 2 duplicate /gene - aauA_1 aauA_2
[17:59:55] Fixed 2 duplicate /gene - cpg2_1 cpg2_2
[17:59:55] Fixed 4 duplicate /gene - kce_1 kce_2 kce_3 kce_4
[17:59:55] Fixed 4 duplicate /gene - fptA_1 fptA_2 fptA_3 fptA_4
[17:59:55] Fixed 6 duplicate /gene - gbpR_1 gbpR_2 gbpR_3 gbpR_4 gbpR_5 gbpR_6
[17:59:55] Fixed 2 duplicate /gene - siaT_1 siaT_2
[17:59:55] Fixed 4 duplicate /gene - alkJ_1 alkJ_2 alkJ_3 alkJ_4
[17:59:55] Fixed 2 duplicate /gene - cysNC_1 cysNC_2
[17:59:55] Fixed 3 duplicate /gene - potB_1 potB_2 potB_3
[17:59:55] Fixed 7 duplicate /gene - dapA_1 dapA_2 dapA_3 dapA_4 dapA_5 dapA_6 dapA_7
[17:59:55] Fixed 2 duplicate /gene - mmsB_1 mmsB_2
[17:59:55] Fixed 2 duplicate /gene - ccoP_1 ccoP_2
[17:59:55] Fixed 2 duplicate /gene - trg_1 trg_2
[17:59:55] Fixed 2 duplicate /gene - ydgA_1 ydgA_2
[17:59:55] Fixed 3 duplicate /gene - cntI_1 cntI_2 cntI_3
[17:59:55] Fixed 3 duplicate /gene - eamA_1 eamA_2 eamA_3
[17:59:55] Fixed 2 duplicate /gene - cyoC_1 cyoC_2
[17:59:55] Fixed 4 duplicate /gene - glpE_1 glpE_2 glpE_3 glpE_4
[17:59:55] Fixed 4 duplicate /gene - argP_1 argP_2 argP_3 argP_4
[17:59:55] Fixed 2 duplicate /gene - ydcO_1 ydcO_2
[17:59:55] Fixed 2 duplicate /gene - ccmC_1 ccmC_2
[17:59:55] Fixed 3 duplicate /gene - cmpD_1 cmpD_2 cmpD_3
[17:59:55] Fixed 9 duplicate /gene - pcpR_1 pcpR_2 pcpR_3 pcpR_4 pcpR_5 pcpR_6 pcpR_7 pcpR_8 pcpR_9
[17:59:55] Fixed 3 duplicate /gene - map_1 map_2 map_3
[17:59:55] Fixed 7 duplicate /gene - hcaR_1 hcaR_2 hcaR_3 hcaR_4 hcaR_5 hcaR_6 hcaR_7
[17:59:55] Fixed 2 duplicate /gene - aroK_1 aroK_2
[17:59:55] Fixed 2 duplicate /gene - proA_1 proA_2
[17:59:55] Fixed 2 duplicate /gene - hbd_1 hbd_2
[17:59:55] Fixed 2 duplicate /gene - cysD_1 cysD_2
[17:59:55] Fixed 2 duplicate /gene - fabF_1 fabF_2
[17:59:55] Fixed 4 duplicate /gene - tolQ_1 tolQ_2 tolQ_3 tolQ_4
[17:59:55] Fixed 2 duplicate /gene - nsaD_1 nsaD_2
[17:59:55] Fixed 2 duplicate /gene - era_1 era_2
[17:59:55] Fixed 2 duplicate /gene - rhlE_1 rhlE_2
[17:59:55] Fixed 6 duplicate /gene - dctM_1 dctM_2 dctM_3 dctM_4 dctM_5 dctM_6
[17:59:55] Fixed 2 duplicate /gene - petJ_1 petJ_2
[17:59:55] Fixed 2 duplicate /gene - adh_1 adh_2
[17:59:55] Fixed 2 duplicate /gene - glpD2_1 glpD2_2
[17:59:55] Fixed 4 duplicate /gene - cheB_1 cheB_2 cheB_3 cheB_4
[17:59:55] Fixed 2 duplicate /gene - surA_1 surA_2
[17:59:55] Fixed 4 duplicate /gene - tauB_1 tauB_2 tauB_3 tauB_4
[17:59:55] Fixed 2 duplicate /gene - iutA_1 iutA_2
[17:59:55] Fixed 2 duplicate /gene - macB_1 macB_2
[17:59:55] Fixed 4 duplicate /gene - dadA1_1 dadA1_2 dadA1_3 dadA1_4
[17:59:55] Fixed 3 duplicate /gene - actP_1 actP_2 actP_3
[17:59:55] Fixed 3 duplicate /gene - crt_1 crt_2 crt_3
[17:59:55] Fixed 2 duplicate /gene - ampG_1 ampG_2
[17:59:55] Fixed 2 duplicate /gene - bfrD_1 bfrD_2
[17:59:55] Fixed 2 duplicate /gene - acr3_1 acr3_2
[17:59:55] Fixed 3 duplicate /gene - epsF_1 epsF_2 epsF_3
[17:59:55] Fixed 2 duplicate /gene - pxpC_1 pxpC_2
[17:59:55] Fixed 5 duplicate /gene - potA_1 potA_2 potA_3 potA_4 potA_5
[17:59:55] Fixed 3 duplicate /gene - hmuU_1 hmuU_2 hmuU_3
[17:59:55] Fixed 2 duplicate /gene - ogt_1 ogt_2
[17:59:55] Fixed 2 duplicate /gene - yhdY_1 yhdY_2
[17:59:55] Fixed 2 duplicate /gene - ggt_1 ggt_2
[17:59:55] Fixed 2 duplicate /gene - ftsH_1 ftsH_2
[17:59:55] Fixed 2 duplicate /gene - araC_1 araC_2
[17:59:55] Fixed 2 duplicate /gene - tetA_1 tetA_2
[17:59:55] Fixed 3 duplicate /gene - phzF_1 phzF_2 phzF_3
[17:59:55] Fixed 6 duplicate /gene - occR_1 occR_2 occR_3 occR_4 occR_5 occR_6
[17:59:55] Fixed 3 duplicate /gene - gntR_1 gntR_2 gntR_3
[17:59:55] Fixed 2 duplicate /gene - adhT_1 adhT_2
[17:59:55] Fixed 2 duplicate /gene - fpr_1 fpr_2
[17:59:55] Fixed 2 duplicate /gene - yciC_1 yciC_2
[17:59:55] Fixed 2 duplicate /gene - thadh_1 thadh_2
[17:59:55] Fixed 2 duplicate /gene - asnC_1 asnC_2
[17:59:55] Fixed 10 duplicate /gene - gsiA_1 gsiA_2 gsiA_3 gsiA_4 gsiA_5 gsiA_6 gsiA_7 gsiA_8 gsiA_9 gsiA_10
[17:59:55] Fixed 2 duplicate /gene - prs_1 prs_2
[17:59:55] Fixed 2 duplicate /gene - mgtA_1 mgtA_2
[17:59:55] Fixed 2 duplicate /gene - norM_1 norM_2
[17:59:55] Fixed 3 duplicate /gene - acrA_1 acrA_2 acrA_3
[17:59:55] Fixed 3 duplicate /gene - qorA_1 qorA_2 qorA_3
[17:59:55] Fixed 2 duplicate /gene - kgtP_1 kgtP_2
[17:59:55] Fixed 2 duplicate /gene - lpxH_1 lpxH_2
[17:59:55] Fixed 4 duplicate /gene - lcfB_1 lcfB_2 lcfB_3 lcfB_4
[17:59:55] Fixed 2 duplicate /gene - cheY_1 cheY_2
[17:59:55] Fixed 2 duplicate /gene - yibF_1 yibF_2
[17:59:55] Fixed 3 duplicate /gene - ugpA_1 ugpA_2 ugpA_3
[17:59:55] Fixed 2 duplicate /gene - nreC_1 nreC_2
[17:59:55] Fixed 2 duplicate /gene - ccmE_1 ccmE_2
[17:59:55] Fixed 4 duplicate /gene - entS_1 entS_2 entS_3 entS_4
[17:59:55] Fixed 5 duplicate /gene - cntO_1 cntO_2 cntO_3 cntO_4 cntO_5
[17:59:55] Fixed 2 duplicate /gene - fadE_1 fadE_2
[17:59:55] Fixed 2 duplicate /gene - trpA_1 trpA_2
[17:59:55] Fixed 2 duplicate /gene - tsdA_1 tsdA_2
[17:59:55] Fixed 7 duplicate /gene - metQ_1 metQ_2 metQ_3 metQ_4 metQ_5 metQ_6 metQ_7
[17:59:55] Fixed 2 duplicate /gene - yngG_1 yngG_2
[17:59:55] Fixed 4 duplicate /gene - yfdE_1 yfdE_2 yfdE_3 yfdE_4
[17:59:55] Fixed 37 duplicate /gene - dmlR_1 dmlR_2 dmlR_3 dmlR_4 dmlR_5 dmlR_6 dmlR_7 dmlR_8 dmlR_9 dmlR_10 dmlR_11 dmlR_12 dmlR_13 dmlR_14 dmlR_15 dmlR_16 dmlR_17 dmlR_18 dmlR_19 dmlR_20 dmlR_21 dmlR_22 dmlR_23 dmlR_24 dmlR_25 dmlR_26 dmlR_27 dmlR_28 dmlR_29 dmlR_30 dmlR_31 dmlR_32 dmlR_33 dmlR_34 dmlR_35 dmlR_36 dmlR_37
[17:59:55] Fixed 2 duplicate /gene - mhpA_1 mhpA_2
[17:59:55] Fixed 2 duplicate /gene - apaH_1 apaH_2
[17:59:55] Fixed 2 duplicate /gene - trxB_1 trxB_2
[17:59:55] Fixed 2 duplicate /gene - leuA_1 leuA_2
[17:59:55] Fixed 8 duplicate /gene - cdhR_1 cdhR_2 cdhR_3 cdhR_4 cdhR_5 cdhR_6 cdhR_7 cdhR_8
[17:59:55] Fixed 2 duplicate /gene - infA_1 infA_2
[17:59:55] Fixed 2 duplicate /gene - bamA_1 bamA_2
[17:59:55] Fixed 3 duplicate /gene - emrB_1 emrB_2 emrB_3
[17:59:55] Fixed 2 duplicate /gene - cysL_1 cysL_2
[17:59:55] Fixed 2 duplicate /gene - degU_1 degU_2
[17:59:55] Fixed 2 duplicate /gene - czcR_1 czcR_2
[17:59:55] Fixed 3 duplicate /gene - comR_1 comR_2 comR_3
[17:59:55] Fixed 2 duplicate /gene - nqrF_1 nqrF_2
[17:59:55] Fixed 2 duplicate /gene - mdtC_1 mdtC_2
[17:59:55] Fixed 3 duplicate /gene - pcaJ_1 pcaJ_2 pcaJ_3
[17:59:55] Fixed 2 duplicate /gene - ylmB_1 ylmB_2
[17:59:55] Fixed 2 duplicate /gene - yjaB_1 yjaB_2
[17:59:55] Fixed 2 duplicate /gene - hcnC_1 hcnC_2
[17:59:55] Fixed 2 duplicate /gene - ophA1_1 ophA1_2
[17:59:55] Fixed 2 duplicate /gene - slyA_1 slyA_2
[17:59:55] Fixed 2 duplicate /gene - rlmB_1 rlmB_2
[17:59:55] Fixed 2 duplicate /gene - lysN_1 lysN_2
[17:59:55] Fixed 2 duplicate /gene - fepG_1 fepG_2
[17:59:55] Fixed 2 duplicate /gene - pnoA_1 pnoA_2
[17:59:55] Fixed 5 duplicate /gene - dppA_1 dppA_2 dppA_3 dppA_4 dppA_5
[17:59:55] Fixed 2 duplicate /gene - menB_1 menB_2
[17:59:55] Fixed 3 duplicate /gene - proP_1 proP_2 proP_3
[17:59:55] Fixed 2 duplicate /gene - rluF_1 rluF_2
[17:59:55] Fixed 2 duplicate /gene - phoA2_1 phoA2_2
[17:59:55] Fixed 2 duplicate /gene - ssb_1 ssb_2
[17:59:55] Fixed 2 duplicate /gene - clcB_1 clcB_2
[17:59:55] Fixed 5 duplicate /gene - ywrD_1 ywrD_2 ywrD_3 ywrD_4 ywrD_5
[17:59:55] Fixed 4 duplicate /gene - fatA_1 fatA_2 fatA_3 fatA_4
[17:59:55] Fixed 2 duplicate /gene - dkgB_1 dkgB_2
[17:59:55] Fixed 4 duplicate /gene - glnP_1 glnP_2 glnP_3 glnP_4
[17:59:55] Fixed 4 duplicate /gene - ssuB_1 ssuB_2 ssuB_3 ssuB_4
[17:59:55] Fixed 3 duplicate /gene - pbuE_1 pbuE_2 pbuE_3
[17:59:55] Fixed 2 duplicate /gene - carB_1 carB_2
[17:59:55] Fixed 2 duplicate /gene - fhuE_1 fhuE_2
[17:59:55] Fixed 3 duplicate /gene - yajO_1 yajO_2 yajO_3
[17:59:55] Fixed 2 duplicate /gene - adhB_1 adhB_2
[17:59:55] Fixed 2 duplicate /gene - gltJ_1 gltJ_2
[17:59:55] Fixed 2 duplicate /gene - aroG_1 aroG_2
[17:59:55] Fixed 2 duplicate /gene - araE_1 araE_2
[17:59:55] Fixed 2 duplicate /gene - ilvD_1 ilvD_2
[17:59:55] Fixed 4 duplicate /gene - speE_1 speE_2 speE_3 speE_4
[17:59:55] Fixed 2 duplicate /gene - algC_1 algC_2
[17:59:55] Fixed 2 duplicate /gene - kmo_1 kmo_2
[17:59:55] Fixed 2 duplicate /gene - nudL_1 nudL_2
[17:59:55] Fixed 3 duplicate /gene - metI_1 metI_2 metI_3
[17:59:55] Fixed 2 duplicate /gene - dadX_1 dadX_2
[17:59:55] Fixed 2 duplicate /gene - pcm_1 pcm_2
[17:59:55] Fixed 2 duplicate /gene - accC_1 accC_2
[17:59:55] Fixed 4 duplicate /gene - decR_1 decR_2 decR_3 decR_4
[17:59:55] Fixed 2 duplicate /gene - trmR_1 trmR_2
[17:59:55] Fixed 2 duplicate /gene - mdh_1 mdh_2
[17:59:55] Fixed 15 duplicate /gene - sasA_1 sasA_2 sasA_3 sasA_4 sasA_5 sasA_6 sasA_7 sasA_8 sasA_9 sasA_10 sasA_11 sasA_12 sasA_13 sasA_14 sasA_15
[17:59:55] Fixed 2 duplicate /gene - murA_1 murA_2
[17:59:55] Fixed 3 duplicate /gene - norG_1 norG_2 norG_3
[17:59:55] Fixed 2 duplicate /gene - fusA_1 fusA_2
[17:59:55] Fixed 2 duplicate /gene - uvrA_1 uvrA_2
[17:59:55] Fixed 2 duplicate /gene - tmoT_1 tmoT_2
[17:59:55] Fixed 20 duplicate /gene - btuD_1 btuD_2 btuD_3 btuD_4 btuD_5 btuD_6 btuD_7 btuD_8 btuD_9 btuD_10 btuD_11 btuD_12 btuD_13 btuD_14 btuD_15 btuD_16 btuD_17 btuD_18 btuD_19 btuD_20
[17:59:55] Fixed 3 duplicate /gene - phnE_1 phnE_2 phnE_3
[17:59:55] Fixed 2 duplicate /gene - alaS_1 alaS_2
[17:59:55] Fixed 2 duplicate /gene - clsB_1 clsB_2
[17:59:55] Fixed 2 duplicate /gene - napA_1 napA_2
[17:59:55] Fixed 2 duplicate /gene - dctA_1 dctA_2
[17:59:55] Fixed 2 duplicate /gene - hutU_1 hutU_2
[17:59:55] Fixed 3 duplicate /gene - ugpB_1 ugpB_2 ugpB_3
[17:59:55] Fixed 2 duplicate /gene - gdhA_1 gdhA_2
[17:59:55] Fixed 2 duplicate /gene - prmC_1 prmC_2
[17:59:55] Fixed 2 duplicate /gene - fadD_1 fadD_2
[17:59:55] Fixed 3 duplicate /gene - aphA_1 aphA_2 aphA_3
[17:59:55] Fixed 4 duplicate /gene - hipO_1 hipO_2 hipO_3 hipO_4
[17:59:55] Fixed 2 duplicate /gene - tarD_1 tarD_2
[17:59:55] Fixed 3 duplicate /gene - paaF_1 paaF_2 paaF_3
[17:59:55] Fixed 7 duplicate /gene - xynR_1 xynR_2 xynR_3 xynR_4 xynR_5 xynR_6 xynR_7
[17:59:55] Fixed 2 duplicate /gene - puuC_1 puuC_2
[17:59:55] Fixed 2 duplicate /gene - trpB_1 trpB_2
[17:59:55] Fixed 2 duplicate /gene - cmpC_1 cmpC_2
[17:59:55] Fixed 3 duplicate /gene - clpP_1 clpP_2 clpP_3
[17:59:55] Fixed 2 duplicate /gene - rhaR_1 rhaR_2
[17:59:55] Fixed 2 duplicate /gene - cyoD_1 cyoD_2
[17:59:55] Fixed 5 duplicate /gene - yijE_1 yijE_2 yijE_3 yijE_4 yijE_5
[17:59:55] Fixed 2 duplicate /gene - yhbO_1 yhbO_2
[17:59:55] Fixed 5 duplicate /gene - stp_1 stp_2 stp_3 stp_4 stp_5
[17:59:55] Fixed 3 duplicate /gene - gno_1 gno_2 gno_3
[17:59:55] Fixed 2 duplicate /gene - kdpB_1 kdpB_2
[17:59:55] Fixed 7 duplicate /gene - bacC_1 bacC_2 bacC_3 bacC_4 bacC_5 bacC_6 bacC_7
[17:59:55] Fixed 2 duplicate /gene - nudC_1 nudC_2
[17:59:55] Fixed 4 duplicate /gene - hbpA_1 hbpA_2 hbpA_3 hbpA_4
[17:59:55] Fixed 2 duplicate /gene - ccmF_1 ccmF_2
[17:59:55] Fixed 5 duplicate /gene - bepA_1 bepA_2 bepA_3 bepA_4 bepA_5
[17:59:55] Fixed 2 duplicate /gene - ilvE_1 ilvE_2
[17:59:55] Fixed 3 duplicate /gene - fadH_1 fadH_2 fadH_3
[17:59:55] Fixed 3 duplicate /gene - ptsJ_1 ptsJ_2 ptsJ_3
[17:59:55] Fixed 2 duplicate /gene - ydhP_1 ydhP_2
[17:59:55] Fixed 8 duplicate /gene - dppB_1 dppB_2 dppB_3 dppB_4 dppB_5 dppB_6 dppB_7 dppB_8
[17:59:55] Fixed 2 duplicate /gene - mrcA_1 mrcA_2
[17:59:55] Fixed 3 duplicate /gene - mdtL_1 mdtL_2 mdtL_3
[17:59:55] Fixed 2 duplicate /gene - nagG_1 nagG_2
[17:59:55] Fixed 2 duplicate /gene - nimT_1 nimT_2
[17:59:55] Fixed 3 duplicate /gene - trpI_1 trpI_2 trpI_3
[17:59:55] Fixed 2 duplicate /gene - dgoD_1 dgoD_2
[17:59:55] Fixed 3 duplicate /gene - yabJ_1 yabJ_2 yabJ_3
[17:59:55] Fixed 2 duplicate /gene - kefC_1 kefC_2
[17:59:55] Fixed 2 duplicate /gene - fliY_1 fliY_2
[17:59:55] Fixed 3 duplicate /gene - czcD_1 czcD_2 czcD_3
[17:59:55] Fixed 2 duplicate /gene - ssuA_1 ssuA_2
[17:59:55] Fixed 2 duplicate /gene - secD_1 secD_2
[17:59:55] Fixed 2 duplicate /gene - ycaC_1 ycaC_2
[17:59:55] Fixed 8 duplicate /gene - rhtB_1 rhtB_2 rhtB_3 rhtB_4 rhtB_5 rhtB_6 rhtB_7 rhtB_8
[17:59:55] Fixed 2 duplicate /gene - amiR_1 amiR_2
[17:59:55] Fixed 2 duplicate /gene - citB_1 citB_2
[17:59:55] Fixed 3 duplicate /gene - metN_1 metN_2 metN_3
[17:59:55] Fixed 3 duplicate /gene - leuE_1 leuE_2 leuE_3
[17:59:55] Fixed 2 duplicate /gene - dgdA_1 dgdA_2
[17:59:55] Fixed 2 duplicate /gene - bclA_1 bclA_2
[17:59:55] Fixed 2 duplicate /gene - nnr_1 nnr_2
[17:59:55] Fixed 3 duplicate /gene - linX_1 linX_2 linX_3
[17:59:55] Fixed 2 duplicate /gene - sdgD_1 sdgD_2
[17:59:55] Fixed 2 duplicate /gene - cphA_1 cphA_2
[17:59:55] Fixed 3 duplicate /gene - rutC_1 rutC_2 rutC_3
[17:59:55] Fixed 10 duplicate /gene - cynR_1 cynR_2 cynR_3 cynR_4 cynR_5 cynR_6 cynR_7 cynR_8 cynR_9 cynR_10
[17:59:55] Fixed 2 duplicate /gene - chaC_1 chaC_2
[17:59:55] Fixed 2 duplicate /gene - prsD_1 prsD_2
[17:59:55] Fixed 2 duplicate /gene - tufA_1 tufA_2
[17:59:55] Fixed 3 duplicate /gene - ilvI_1 ilvI_2 ilvI_3
[17:59:55] Fixed 7 duplicate /gene - oppD_1 oppD_2 oppD_3 oppD_4 oppD_5 oppD_6 oppD_7
[17:59:55] Fixed 2 duplicate /gene - scoA_1 scoA_2
[17:59:55] Fixed 6 duplicate /gene - menH_1 menH_2 menH_3 menH_4 menH_5 menH_6
[17:59:55] Fixed 2 duplicate /gene - yfiZ_1 yfiZ_2
[17:59:55] Fixed 5 duplicate /gene - tam_1 tam_2 tam_3 tam_4 tam_5
[17:59:55] Fixed 9 duplicate /gene - oprM_1 oprM_2 oprM_3 oprM_4 oprM_5 oprM_6 oprM_7 oprM_8 oprM_9
[17:59:55] Fixed 5 duplicate /gene - echA8_1 echA8_2 echA8_3 echA8_4 echA8_5
[17:59:55] Fixed 2 duplicate /gene - thlA_1 thlA_2
[17:59:55] Fixed 2 duplicate /gene - yqjH_1 yqjH_2
[17:59:55] Fixed 5 duplicate /gene - tcyC_1 tcyC_2 tcyC_3 tcyC_4 tcyC_5
[17:59:55] Fixed 2 duplicate /gene - yfcJ_1 yfcJ_2
[17:59:55] Fixed 2 duplicate /gene - nicB_1 nicB_2
[17:59:55] Fixed 2 duplicate /gene - bdcA_1 bdcA_2
[17:59:55] Fixed 2 duplicate /gene - yeaW_1 yeaW_2
[17:59:55] Fixed 3 duplicate /gene - aroE_1 aroE_2 aroE_3
[17:59:55] Fixed 4 duplicate /gene - intA_1 intA_2 intA_3 intA_4
[17:59:55] Fixed 2 duplicate /gene - glpK_1 glpK_2
[17:59:55] Fixed 3 duplicate /gene - dan_1 dan_2 dan_3
[17:59:55] Fixed 5 duplicate /gene - fadA_1 fadA_2 fadA_3 fadA_4 fadA_5
[17:59:55] Fixed 3 duplicate /gene - proC_1 proC_2 proC_3
[17:59:55] Fixed 3 duplicate /gene - tsaQ1_1 tsaQ1_2 tsaQ1_3
[17:59:55] Fixed 3 duplicate /gene - phaB_1 phaB_2 phaB_3
[17:59:55] Fixed 5 duplicate /gene - qseB_1 qseB_2 qseB_3 qseB_4 qseB_5
[17:59:55] Fixed 2 duplicate /gene - pheA_1 pheA_2
[17:59:55] Fixed 2 duplicate /gene - thiD_1 thiD_2
[17:59:55] Fixed 2 duplicate /gene - wbgU_1 wbgU_2
[17:59:55] Fixed 2 duplicate /gene - pncC_1 pncC_2
[17:59:55] Fixed 7 duplicate /gene - kdgR_1 kdgR_2 kdgR_3 kdgR_4 kdgR_5 kdgR_6 kdgR_7
[17:59:55] Fixed 2 duplicate /gene - ephA_1 ephA_2
[17:59:55] Fixed 4 duplicate /gene - paaG_1 paaG_2 paaG_3 paaG_4
[17:59:55] Fixed 2 duplicate /gene - eno_1 eno_2
[17:59:55] Fixed 2 duplicate /gene - soj_1 soj_2
[17:59:55] Fixed 10 duplicate /gene - fhuA_1 fhuA_2 fhuA_3 fhuA_4 fhuA_5 fhuA_6 fhuA_7 fhuA_8 fhuA_9 fhuA_10
[17:59:55] Fixed 5 duplicate /gene - pal_1 pal_2 pal_3 pal_4 pal_5
[17:59:55] Fixed 2 duplicate /gene - cmoM_1 cmoM_2
[17:59:55] Fixed 2 duplicate /gene - msrB_1 msrB_2
[17:59:55] Fixed 10 duplicate /gene - gltC_1 gltC_2 gltC_3 gltC_4 gltC_5 gltC_6 gltC_7 gltC_8 gltC_9 gltC_10
[17:59:55] Fixed 3 duplicate /gene - namA_1 namA_2 namA_3
[17:59:55] Fixed 4 duplicate /gene - mltF_1 mltF_2 mltF_3 mltF_4
[17:59:55] Fixed 2 duplicate /gene - thrB_1 thrB_2
[17:59:55] Fixed 2 duplicate /gene - pyrB_1 pyrB_2
[17:59:55] Fixed 4 duplicate /gene - nepI_1 nepI_2 nepI_3 nepI_4
[17:59:55] Fixed 2 duplicate /gene - atoC_1 atoC_2
[17:59:55] Fixed 4 duplicate /gene - oxyR_1 oxyR_2 oxyR_3 oxyR_4
[17:59:55] Fixed 3 duplicate /gene - rcsB_1 rcsB_2 rcsB_3
[17:59:55] Fixed 9 duplicate /gene - gsiC_1 gsiC_2 gsiC_3 gsiC_4 gsiC_5 gsiC_6 gsiC_7 gsiC_8 gsiC_9
[17:59:55] Fixed 2 duplicate /gene - pxpA_1 pxpA_2
[17:59:55] Fixed 2 duplicate /gene - acdA_1 acdA_2
[17:59:55] Fixed 3 duplicate /gene - aam_1 aam_2 aam_3
[17:59:55] Fixed 4 duplicate /gene - betI_1 betI_2 betI_3 betI_4
[17:59:55] Fixed 3 duplicate /gene - purR_1 purR_2 purR_3
[17:59:55] Fixed 2 duplicate /gene - argE_1 argE_2
[17:59:55] Fixed 3 duplicate /gene - cpdA_1 cpdA_2 cpdA_3
[17:59:55] Fixed 4 duplicate /gene - mdlB_1 mdlB_2 mdlB_3 mdlB_4
[17:59:55] Fixed 2 duplicate /gene - dmlA_1 dmlA_2
[17:59:55] Fixed 11 duplicate /gene - lrp_1 lrp_2 lrp_3 lrp_4 lrp_5 lrp_6 lrp_7 lrp_8 lrp_9 lrp_10 lrp_11
[17:59:55] Fixed 3 duplicate /gene - ohrB_1 ohrB_2 ohrB_3
[17:59:55] Fixed 2 duplicate /gene - rlmN_1 rlmN_2
[17:59:55] Fixed 4 duplicate /gene - oppF_1 oppF_2 oppF_3 oppF_4
[17:59:55] Fixed 3 duplicate /gene - ghrB_1 ghrB_2 ghrB_3
[17:59:55] Fixed 2 duplicate /gene - trmB_1 trmB_2
[17:59:55] Fixed 2 duplicate /gene - bauA_1 bauA_2
[17:59:55] Fixed 2 duplicate /gene - hpcG_1 hpcG_2
[17:59:55] Fixed 2 duplicate /gene - degP_1 degP_2
[17:59:55] Fixed 2 duplicate /gene - ccmB_1 ccmB_2
[17:59:55] Fixed 2 duplicate /gene - thiE_1 thiE_2
[17:59:55] Fixed 2 duplicate /gene - atm1_1 atm1_2
[17:59:55] Fixed 2 duplicate /gene - cyoB_1 cyoB_2
[17:59:55] Fixed 3 duplicate /gene - tolC_1 tolC_2 tolC_3
[17:59:55] Fixed 2 duplicate /gene - rclR_1 rclR_2
[17:59:55] Fixed 3 duplicate /gene - dmdC_1 dmdC_2 dmdC_3
[17:59:55] Fixed 3 duplicate /gene - pmdD_1 pmdD_2 pmdD_3
[17:59:55] Fixed 2 duplicate /gene - ilvG_1 ilvG_2
[17:59:55] Fixed 3 duplicate /gene - fadB_1 fadB_2 fadB_3
[17:59:55] Fixed 4 duplicate /gene - iclR_1 iclR_2 iclR_3 iclR_4
[17:59:55] Fixed 2 duplicate /gene - yhhW_1 yhhW_2
[17:59:55] Fixed 3 duplicate /gene - argH_1 argH_2 argH_3
[17:59:55] Fixed 2 duplicate /gene - dtnK_1 dtnK_2
[17:59:55] Fixed 3 duplicate /gene - prsE_1 prsE_2 prsE_3
[17:59:55] Fixed 2 duplicate /gene - dnaK_1 dnaK_2
[17:59:55] Fixed 2 duplicate /gene - nfdA_1 nfdA_2
[17:59:55] Fixed 2 duplicate /gene - exbD_1 exbD_2
[17:59:55] Fixed 6 duplicate /gene - btuB_1 btuB_2 btuB_3 btuB_4 btuB_5 btuB_6
[17:59:55] Fixed 2 duplicate /gene - pglH_1 pglH_2
[17:59:55] Fixed 5 duplicate /gene - gabR_1 gabR_2 gabR_3 gabR_4 gabR_5
[17:59:55] Fixed 4 duplicate /gene - fdx_1 fdx_2 fdx_3 fdx_4
[17:59:55] Fixed 2 duplicate /gene - leuD_1 leuD_2
[17:59:55] Fixed 3 duplicate /gene - arsC_1 arsC_2 arsC_3
[17:59:55] Fixed 2 duplicate /gene - scoB_1 scoB_2
[17:59:55] Fixed 2 duplicate /gene - arnB_1 arnB_2
[17:59:55] Fixed 2 duplicate /gene - flhD_1 flhD_2
[17:59:55] Fixed 2 duplicate /gene - ltaE_1 ltaE_2
[17:59:55] Fixed 2 duplicate /gene - pxpB_1 pxpB_2
[17:59:55] Fixed 8 duplicate /gene - braC_1 braC_2 braC_3 braC_4 braC_5 braC_6 braC_7 braC_8
[17:59:55] Fixed 2 duplicate /gene - metR_1 metR_2
[17:59:55] Fixed 3 duplicate /gene - aceE_1 aceE_2 aceE_3
[17:59:55] Fixed 3 duplicate /gene - amiD_1 amiD_2 amiD_3
[17:59:55] Fixed 4 duplicate /gene - cspA_1 cspA_2 cspA_3 cspA_4
[17:59:55] Fixed 2 duplicate /gene - rdgC_1 rdgC_2
[17:59:55] Fixed 2 duplicate /gene - yadH_1 yadH_2
[17:59:55] Fixed 2 duplicate /gene - shlB_1 shlB_2
[17:59:55] Fixed 2 duplicate /gene - menE_1 menE_2
[17:59:55] Fixed 7 duplicate /gene - yecS_1 yecS_2 yecS_3 yecS_4 yecS_5 yecS_6 yecS_7
[17:59:55] Fixed 2 duplicate /gene - queE_1 queE_2
[17:59:55] Fixed 5 duplicate /gene - tctD_1 tctD_2 tctD_3 tctD_4 tctD_5
[17:59:55] Fixed 2 duplicate /gene - FCS1_1 FCS1_2
[17:59:55] Fixed 2 duplicate /gene - argD_1 argD_2
[17:59:55] Fixed 2 duplicate /gene - ghrA_1 ghrA_2
[17:59:55] Fixed 3 duplicate /gene - lysA_1 lysA_2 lysA_3
[17:59:55] Fixed 11 duplicate /gene - gcvA_1 gcvA_2 gcvA_3 gcvA_4 gcvA_5 gcvA_6 gcvA_7 gcvA_8 gcvA_9 gcvA_10 gcvA_11
[17:59:55] Fixed 2 duplicate /gene - fadD3_1 fadD3_2
[17:59:55] Fixed 7 duplicate /gene - yhdW_1 yhdW_2 yhdW_3 yhdW_4 yhdW_5 yhdW_6 yhdW_7
[17:59:55] Fixed 2 duplicate /gene - cydB_1 cydB_2
[17:59:55] Fixed 2 duplicate /gene - hldD_1 hldD_2
[17:59:55] Fixed 2 duplicate /gene - lpd_1 lpd_2
[17:59:55] Fixed 2 duplicate /gene - mngR_1 mngR_2
[17:59:55] Fixed 2 duplicate /gene - lldR_1 lldR_2
[17:59:55] Fixed 7 duplicate /gene - pgrR_1 pgrR_2 pgrR_3 pgrR_4 pgrR_5 pgrR_6 pgrR_7
[17:59:55] Fixed 2 duplicate /gene - nylA_1 nylA_2
[17:59:55] Fixed 5 duplicate /gene - gstB_1 gstB_2 gstB_3 gstB_4 gstB_5
[17:59:55] Fixed 2 duplicate /gene - suhB_1 suhB_2
[17:59:55] Fixed 3 duplicate /gene - maeB_1 maeB_2 maeB_3
[17:59:55] Fixed 2 duplicate /gene - egtB_1 egtB_2
[17:59:55] Fixed 3 duplicate /gene - asnB_1 asnB_2 asnB_3
[17:59:55] Fixed 2 duplicate /gene - topB_1 topB_2
[17:59:55] Fixed 3 duplicate /gene - ilvA_1 ilvA_2 ilvA_3
[17:59:55] Fixed 2 duplicate /gene - tsr_1 tsr_2
[17:59:55] Fixed 2 duplicate /gene - icd_1 icd_2
[17:59:55] Fixed 530 colliding /gene names.
[17:59:55] Adding /locus_tag identifiers
[17:59:55] Assigned 6104 locus_tags to CDS and RNA features.
[17:59:55] Writing outputs to annoation/
[17:59:57] Generating annotation statistics file
[17:59:57] Generating Genbank and Sequin files
[17:59:57] Running: tbl2asn -V b -a r10k -l paired-ends -M n -N 1 -y 'Annotated using prokka 1.14.6 from https://github.com/tseemann/prokka' -Z annoation\/PROKKA_04212023\.err -i annoation\/PROKKA_04212023\.fsa 2> /dev/null
[18:00:04] Deleting unwanted file: annoation/errorsummary.val
[18:00:04] Deleting unwanted file: annoation/PROKKA_04212023.dr
[18:00:04] Deleting unwanted file: annoation/PROKKA_04212023.fixedproducts
[18:00:04] Deleting unwanted file: annoation/PROKKA_04212023.ecn
[18:00:04] Deleting unwanted file: annoation/PROKKA_04212023.val
[18:00:04] Repairing broken .GBK output that tbl2asn produces...
[18:00:04] Running: sed 's/COORDINATES: profile/COORDINATES:profile/' < annoation\/PROKKA_04212023\.gbf > annoation\/PROKKA_04212023\.gbk
[18:00:05] Deleting unwanted file: annoation/PROKKA_04212023.gbf
[18:00:05] Output files:
[18:00:05] annoation/PROKKA_04212023.gff
[18:00:05] annoation/PROKKA_04212023.tbl
[18:00:05] annoation/PROKKA_04212023.sqn
[18:00:05] annoation/PROKKA_04212023.tsv
[18:00:05] annoation/PROKKA_04212023.fna
[18:00:05] annoation/PROKKA_04212023.err
[18:00:05] annoation/PROKKA_04212023.txt
[18:00:05] annoation/PROKKA_04212023.fsa
[18:00:05] annoation/PROKKA_04212023.faa
[18:00:05] annoation/PROKKA_04212023.log
[18:00:05] annoation/PROKKA_04212023.ffn
[18:00:05] annoation/PROKKA_04212023.gbk
[18:00:05] Annotation finished successfully.
[18:00:05] Walltime used: 3.10 minutes
[18:00:05] If you use this result please cite the Prokka paper:
[18:00:05] Seemann T (2014) Prokka: rapid prokaryotic genome annotation. Bioinformatics. 30(14):2068-9.
[18:00:05] Type 'prokka --citation' for more details.
[18:00:05] Thank you, come again.
