[18:41:09] This is prokka 1.14.6
[18:41:09] Written by Torsten Seemann <torsten.seemann@gmail.com>
[18:41:09] Homepage is https://github.com/tseemann/prokka
[18:41:09] Local time is Fri Nov 18 18:41:09 2022
[18:41:09] You are fusho
[18:41:09] Operating system is darwin
[18:41:09] You have BioPerl 1.7.8
[18:41:09] System has 6 cores.
[18:41:09] Option --cpu asked for 8 cores, but system only has 6
[18:41:09] Will use maximum of 6 cores.
[18:41:09] Annotating as >>> Bacteria <<<
[18:41:09] Generating locus_tag from 'assembly.fasta' contents.
[18:41:09] Setting --locustag AKMGFOCH from MD5 a460f8c1ed96e82223aa907bfc85e37d
[18:41:09] Creating new output folder: annoation
[18:41:09] Running: mkdir -p annoation
[18:41:09] Using filename prefix: PROKKA_11182022.XXX
[18:41:09] Setting HMMER_NCPU=1
[18:41:09] Writing log to: annoation/PROKKA_11182022.log
[18:41:09] Command: /usr/local/bin/prokka assembly.fasta --outdir annoation --genus Achromobacter --kingdom Bacteria
[18:41:09] Appending to PATH: /usr/local/Cellar/prokka/1.14.6/bin
[18:41:09] Looking for 'aragorn' - found /usr/local/bin/aragorn
[18:41:09] Determined aragorn version is 001002 from 'ARAGORN v1.2.38 Dean Laslett'
[18:41:09] Looking for 'barrnap' - found /usr/local/bin/barrnap
[18:41:09] Determined barrnap version is 000009 from 'barrnap 0.9'
[18:41:09] Looking for 'blastp' - found /usr/local/bin/blastp
[18:41:10] Determined blastp version is 002013 from 'blastp: 2.13.0+'
[18:41:10] Looking for 'cmpress' - found /usr/local/bin/cmpress
[18:41:10] Determined cmpress version is 001001 from '# INFERNAL 1.1.3 (Nov 2019)'
[18:41:10] Looking for 'cmscan' - found /usr/local/bin/cmscan
[18:41:10] Determined cmscan version is 001001 from '# INFERNAL 1.1.3 (Nov 2019)'
[18:41:10] Looking for 'egrep' - found /usr/bin/egrep
[18:41:10] Looking for 'find' - found /usr/bin/find
[18:41:10] Looking for 'grep' - found /usr/bin/grep
[18:41:10] Looking for 'hmmpress' - found /usr/local/bin/hmmpress
[18:41:10] Determined hmmpress version is 003003 from '# HMMER 3.3.2 (Nov 2020); http://hmmer.org/'
[18:41:10] Looking for 'hmmscan' - found /usr/local/bin/hmmscan
[18:41:10] Determined hmmscan version is 003003 from '# HMMER 3.3.2 (Nov 2020); http://hmmer.org/'
[18:41:10] Looking for 'java' - found /usr/bin/java
[18:41:10] Looking for 'makeblastdb' - found /usr/local/bin/makeblastdb
[18:41:11] Determined makeblastdb version is 002013 from 'makeblastdb: 2.13.0+'
[18:41:11] Looking for 'minced' - found /usr/local/bin/minced
[18:41:11] Determined minced version is 004002 from 'minced 0.4.2'
[18:41:11] Looking for 'parallel' - found /usr/local/bin/parallel
[18:41:11] Determined parallel version is 20221022 from 'GNU parallel 20221022'
[18:41:11] Looking for 'prodigal' - found /usr/local/bin/prodigal
[18:41:11] Determined prodigal version is 002006 from 'Prodigal V2.6.3: February, 2016'
[18:41:11] Looking for 'prokka-genbank_to_fasta_db' - found /usr/local/bin/prokka-genbank_to_fasta_db
[18:41:11] Looking for 'sed' - found /usr/bin/sed
[18:41:11] Looking for 'tbl2asn' - found /usr/local/bin/tbl2asn
[18:41:11] Determined tbl2asn version is 025008 from 'tbl2asn 25.8   arguments:'
[18:41:11] Using genetic code table 11.
[18:41:11] Loading and checking input file: assembly.fasta
[18:41:12] Wrote 1 contigs totalling 7071873 bp.
[18:41:12] Predicting tRNAs and tmRNAs
[18:41:12] Running: aragorn -l -gc11  -w annoation\/PROKKA_11182022\.fna
[18:41:16] 1 tRNA-Ala c[150312,150387] 34 (cgc)
[18:41:16] 2 tRNA-Val [216070,216144] 37 (gac)
[18:41:16] 3 tRNA-Lys c[901919,902013] 36 (ctt)
[18:41:16] 4 tRNA-Asp c[968176,968247] 32 (atc)
[18:41:16] 5 tRNA-Leu c[1091663,1091751] 37 (cag)
[18:41:16] 6 tRNA-Asp c[1141399,1141488] 39 (gtc)
[18:41:16] 7 tRNA-Leu c[1676740,1676826] 35 (tag)
[18:41:16] 8 tRNA-Ala [1811135,1811227] 35 (ggc)
[18:41:16] 9 tRNA-Cys [2183842,2183915] 33 (gca)
[18:41:16] 10 tRNA-Arg c[2436535,2436611] 35 (acg)
[18:41:16] 11 tRNA-Arg c[2437379,2437455] 35 (acg)
[18:41:16] 12 tRNA-Arg c[2437562,2437638] 35 (acg)
[18:41:16] 13 tRNA-Ser c[2466311,2466403] 35 (gct)
[18:41:16] 14 tRNA-Ser c[2536268,2536339] 34 (tga)
[18:41:16] 15 tRNA-His [2576251,2576326] 34 (gtg)
[18:41:16] 16 tRNA-Arg c[2614439,2614515] 35 (tct)
[18:41:16] 17 tRNA-Gly c[2685651,2685748] 37 (gcc)
[18:41:16] 18 tRNA-Glu [2714256,2714344] 33 (ctc)
[18:41:16] 19 tRNA-Ala c[2743514,2743589] 34 (tgc)
[18:41:16] 20 tRNA-Ile c[2743620,2743696] 35 (gat)
[18:41:16] 21 tRNA-Pro c[2804516,2804592] 35 (tgg)
[18:41:16] 22 tRNA-Arg [2869829,2869903] 34 (cct)
[18:41:16] 23 tRNA-Ala [3005771,3005846] 34 (ggc)
[18:41:16] 24 tRNA-Glu [3005901,3005976] 35 (ttc)
[18:41:16] 25 tRNA-Asp [3006038,3006114] 35 (gtc)
[18:41:16] 26 tRNA-Ala [3006218,3006293] 34 (ggc)
[18:41:16] 27 tRNA-Glu [3006339,3006414] 35 (ttc)
[18:41:16] 28 tRNA-Asp [3006490,3006566] 35 (gtc)
[18:41:16] 29 tRNA-Gln c[3421044,3421120] 35 (ttg)
[18:41:16] 30 tRNA-Gly c[3598129,3598202] 33 (ccc)
[18:41:16] 31 tRNA-Leu [3647469,3647553] 35 (caa)
[18:41:16] 32 tRNA-Phe [3797735,3797810] 34 (gaa)
[18:41:16] 33 tRNA-Gly c[3814265,3814352] 32 (acc)
[18:41:16] 34 tRNA-Pro c[3987655,3987731] 35 (cgg)
[18:41:16] 35 tRNA-Arg [4233797,4233878] 39 (ccg)
[18:41:16] 36 tRNA-Val c[4260934,4261030] 37 (gac)
[18:41:16] 37 tRNA-Trp c[4347697,4347772] 34 (cca)
[18:41:16] 38 tRNA-Thr c[4349183,4349257] 33 (ggt)
[18:41:16] 39 tRNA-Gly c[4349270,4349343] 33 (tcc)
[18:41:16] 40 tRNA-Tyr c[4349493,4349579] 35 (gta)
[18:41:16] 41 tRNA-Asn c[4603653,4603728] 34 (gtt)
[18:41:16] 42 tRNA-Thr c[4606481,4606556] 34 (tgt)
[18:41:16] 43 tRNA-SeC [4788980,4789075] 35 (tca)
[18:41:16] 44 tRNA-Arg [4873931,4874005] 34 (ccg)
[18:41:16] 45 tRNA-Ser [5211389,5211479] 35 (gga)
[18:41:16] 46 tRNA-Val [5331780,5331854] 33 (cac)
[18:41:16] 47 tRNA-Ile [5393715,5393791] 35 (gat)
[18:41:16] 48 tRNA-Ala [5393822,5393897] 34 (tgc)
[18:41:16] 49 tRNA-Lys [5452211,5452286] 34 (ttt)
[18:41:16] 50 tRNA-Lys [5472586,5472661] 34 (ctt)
[18:41:16] 51 tRNA-Cys c[5674860,5674933] 33 (gca)
[18:41:16] 52 tRNA-Gly c[5745028,5745103] 34 (gcc)
[18:41:16] 53 tRNA-Gly c[5907917,5907992] 34 (gcc)
[18:41:16] 54 tRNA-Ser c[5979655,5979745] 35 (cga)
[18:41:16] 55 tRNA-Ser c[6048413,6048500] 35 (tga)
[18:41:16] 56 tRNA-Leu [6051600,6051684] 35 (gag)
[18:41:16] 57 tRNA-Ser [6236381,6236460] 29 (cga)
[18:41:16] 58 tmRNA c[6427774,6428162] 91,123 ANDERFALAA*
[18:41:16] 59 tRNA-Thr c[6501218,6501293] 34 (cgt)
[18:41:16] 60 tRNA-Asn [6501505,6501580] 34 (gtt)
[18:41:16] 61 tRNA-Met c[6506382,6506458] 35 (cat)
[18:41:16] 62 tRNA-Met [6564582,6564658] 35 (cat)
[18:41:16] 63 tRNA-Met c[6669148,6669224] 35 (cat)
[18:41:16] 64 tRNA-Leu c[6679745,6679829] 35 (cag)
[18:41:16] 65 tRNA-Leu c[6680920,6681004] 35 (cag)
[18:41:16] 66 tRNA-Val [6687401,6687476] 34 (tac)
[18:41:16] 67 tRNA-Ile [6757976,6758052] 35 (gat)
[18:41:16] 68 tRNA-Ala [6758083,6758158] 34 (tgc)
[18:41:16] 69 tRNA-Met [6858241,6858319] 37 (cat)
[18:41:16] 70 tRNA-Val [6913500,6913576] 35 (gac)
[18:41:16] 71 tRNA-Pro [6960457,6960533] 35 (ggg)
[18:41:16] Found 71 tRNAs
[18:41:16] Predicting Ribosomal RNAs
[18:41:16] Running Barrnap with 6 threads
[18:41:17] 1 contig_1 2739745 5S ribosomal RNA
[18:41:17] 2 contig_1 2740026 5S ribosomal RNA
[18:41:17] 3 contig_1 2740337 23S ribosomal RNA
[18:41:17] 4 contig_1 2743828 16S ribosomal RNA
[18:41:17] 5 contig_1 5392057 16S ribosomal RNA
[18:41:17] 6 contig_1 5394197 23S ribosomal RNA
[18:41:17] 7 contig_1 5397276 5S ribosomal RNA
[18:41:17] 8 contig_1 6756319 16S ribosomal RNA
[18:41:17] 9 contig_1 6758458 23S ribosomal RNA
[18:41:17] 10 contig_1 6761538 5S ribosomal RNA
[18:41:17] Found 10 rRNAs
[18:41:17] Skipping ncRNA search, enable with --rfam if desired.
[18:41:17] Total of 80 tRNA + rRNA features
[18:41:17] Searching for CRISPR repeats
[18:41:18] CRISPR1 contig_1 2355980 with 4 spacers
[18:41:18] Found 1 CRISPRs
[18:41:18] Predicting coding sequences
[18:41:18] Contigs total 7071873 bp, so using single mode
[18:41:18] Running: prodigal -i annoation\/PROKKA_11182022\.fna -c -m -g 11 -p single -f sco -q
[18:41:31] Excluding CDS which overlaps existing RNA (tRNA) at contig_1:215657..217141 on + strand
[18:41:32] Excluding CDS which overlaps existing RNA (tRNA) at contig_1:901820..902272 on + strand
[18:41:32] Excluding CDS which overlaps existing RNA (tRNA) at contig_1:968041..969051 on - strand
[18:41:32] Excluding CDS which overlaps existing RNA (tRNA) at contig_1:1090838..1091716 on + strand
[18:41:32] Excluding CDS which overlaps existing RNA (tRNA) at contig_1:1140116..1142203 on + strand
[18:41:33] Excluding CDS which overlaps existing RNA (tRNA) at contig_1:1810458..1811669 on - strand
[18:41:33] Excluding CDS which overlaps existing RNA (repeat_region) at contig_1:2354676..2356292 on + strand
[18:41:33] Excluding CDS which overlaps existing RNA (tRNA) at contig_1:2535034..2536755 on + strand
[18:41:33] Excluding CDS which overlaps existing RNA (tRNA) at contig_1:2685607..2686620 on + strand
[18:41:33] Excluding CDS which overlaps existing RNA (tRNA) at contig_1:2712813..2714690 on + strand
[18:41:34] Excluding CDS which overlaps existing RNA (tRNA) at contig_1:3813420..3825845 on - strand
[18:41:34] Excluding CDS which overlaps existing RNA (tRNA) at contig_1:3987364..3987720 on + strand
[18:41:34] Excluding CDS which overlaps existing RNA (tRNA) at contig_1:4232705..4233967 on - strand
[18:41:34] Excluding CDS which overlaps existing RNA (tRNA) at contig_1:4260413..4261615 on + strand
[18:41:36] Excluding CDS which overlaps existing RNA (tRNA) at contig_1:6234853..6237909 on - strand
[18:41:36] Found 6428 CDS
[18:41:36] Connecting features back to sequences
[18:41:36] Not using genus-specific database. Try --usegenus to enable it.
[18:41:36] Annotating CDS, please be patient.
[18:41:36] Will use 6 CPUs for similarity searching.
[18:41:37] There are still 6428 unannotated CDS left (started with 6428)
[18:41:37] Will use blast to search against /usr/local/Cellar/prokka/1.14.6/db/kingdom/Bacteria/IS with 6 CPUs
[18:41:37] Running: cat annoation\/PROKKA_11182022\.IS\.tmp\.48113\.faa | parallel --gnu --plain -j 6 --block 178914 --recstart '>' --pipe blastp -query - -db /usr/local/Cellar/prokka/1.14.6/db/kingdom/Bacteria/IS -evalue 1e-30 -qcov_hsp_perc 90 -num_threads 1 -num_descriptions 1 -num_alignments 1 -seg no > annoation\/PROKKA_11182022\.IS\.tmp\.48113\.blast 2> /dev/null
[18:41:55] Deleting unwanted file: annoation/PROKKA_11182022.IS.tmp.48113.faa
[18:41:55] Deleting unwanted file: annoation/PROKKA_11182022.IS.tmp.48113.blast
[18:41:56] There are still 6410 unannotated CDS left (started with 6428)
[18:41:56] Will use blast to search against /usr/local/Cellar/prokka/1.14.6/db/kingdom/Bacteria/AMR with 6 CPUs
[18:41:56] Running: cat annoation\/PROKKA_11182022\.AMR\.tmp\.48113\.faa | parallel --gnu --plain -j 6 --block 178415 --recstart '>' --pipe blastp -query - -db /usr/local/Cellar/prokka/1.14.6/db/kingdom/Bacteria/AMR -evalue 1e-300 -qcov_hsp_perc 90 -num_threads 1 -num_descriptions 1 -num_alignments 1 -seg no > annoation\/PROKKA_11182022\.AMR\.tmp\.48113\.blast 2> /dev/null
[18:42:13] Deleting unwanted file: annoation/PROKKA_11182022.AMR.tmp.48113.faa
[18:42:13] Deleting unwanted file: annoation/PROKKA_11182022.AMR.tmp.48113.blast
[18:42:14] There are still 6408 unannotated CDS left (started with 6428)
[18:42:14] Will use blast to search against /usr/local/Cellar/prokka/1.14.6/db/kingdom/Bacteria/sprot with 6 CPUs
[18:42:14] Running: cat annoation\/PROKKA_11182022\.sprot\.tmp\.48113\.faa | parallel --gnu --plain -j 6 --block 178237 --recstart '>' --pipe blastp -query - -db /usr/local/Cellar/prokka/1.14.6/db/kingdom/Bacteria/sprot -evalue 1e-09 -qcov_hsp_perc 80 -num_threads 1 -num_descriptions 1 -num_alignments 1 -seg no > annoation\/PROKKA_11182022\.sprot\.tmp\.48113\.blast 2> /dev/null
[18:43:21] Modify product: UPF0065 protein in clcB-clcD intergenic region => hypothetical protein
[18:43:21] Modify product: Outer membrane porin protein BP0840 => Outer membrane porin protein
[18:43:21] Modify product: Uncharacterized protein HI_0131 => putative protein
[18:43:21] Modify product: Probable biofilm formation methyltransferase WspC => putative biofilm formation methyltransferase WspC
[18:43:21] Modify product: Fanconi-associated nuclease 1 homolog => Fanconi-associated nuclease 1 
[18:43:21] Modify product: Multifunctional alkaline phosphatase superfamily protein pRL90232 => Multifunctional alkaline phosphatase superfamily protein
[18:43:21] Modify product: UPF0065 protein in clcB-clcD intergenic region => hypothetical protein
[18:43:21] Modify product: Uncharacterized HTH-type transcriptional regulator YurK => putative HTH-type transcriptional regulator YurK
[18:43:21] Modify product: UPF0065 protein in clcB-clcD intergenic region => hypothetical protein
[18:43:21] Modify product: Zinc-type alcohol dehydrogenase-like protein SA1988 => Zinc-type alcohol dehydrogenase-like protein
[18:43:21] Modify product: UPF0065 protein in clcB-clcD intergenic region => hypothetical protein
[18:43:21] Modify product: Probable D,D-dipeptide transport system permease protein DdpC => putative D,D-dipeptide transport system permease protein DdpC
[18:43:21] Modify product: UPF0065 protein in clcB-clcD intergenic region => hypothetical protein
[18:43:21] Modify product: Uncharacterized oxidoreductase YjmC => putative oxidoreductase YjmC
[18:43:21] Modify product: UPF0065 protein in clcB-clcD intergenic region => hypothetical protein
[18:43:21] Modify product: UPF0065 protein in clcB-clcD intergenic region => hypothetical protein
[18:43:21] Modify product: Probable allantoin permease => putative allantoin permease
[18:43:21] Modify product: UPF0065 protein in clcB-clcD intergenic region => hypothetical protein
[18:43:21] Modify product: UPF0065 protein in clcB-clcD intergenic region => hypothetical protein
[18:43:21] Modify product: Uncharacterized protein HI_1028 => putative protein
[18:43:21] Modify product: Uncharacterized oxidoreductase YgfF => putative oxidoreductase YgfF
[18:43:21] Modify product: Uncharacterized metal-dependent hydrolase YjjV => putative metal-dependent hydrolase YjjV
[18:43:21] Modify product: Co-chaperone protein HscB homolog => Co-chaperone protein HscB 
[18:43:21] Modify product: Putative low molecular weight protein-tyrosine-phosphatase slr0328 => Putative low molecular weight protein-tyrosine-phosphatase
[18:43:21] Modify product: Probable cold shock protein A => putative cold shock protein A
[18:43:21] Modify product: Probable metabolite transport protein CsbC => putative metabolite transport protein CsbC
[18:43:21] Modify product: Uncharacterized ABC transporter ATP-binding protein YheS => putative ABC transporter ATP-binding protein YheS
[18:43:21] Modify product: UPF0065 protein in clcB-clcD intergenic region => hypothetical protein
[18:43:21] Modify product: Probable transcriptional regulator PhnF => putative transcriptional regulator PhnF
[18:43:21] Modify product: UPF0065 protein in clcB-clcD intergenic region => hypothetical protein
[18:43:21] Modify product: Probable sulfate transporter Rv1739c => putative sulfate transporter
[18:43:21] Modify product: UPF0065 protein in clcB-clcD intergenic region => hypothetical protein
[18:43:21] Modify product: Uncharacterized protein YqjD => putative protein YqjD
[18:43:21] Modify product: Probable flavin reductase => putative flavin reductase
[18:43:21] Modify product: Peroxiredoxin sll1621 => Peroxiredoxin
[18:43:21] Modify product: Putative formate dehydrogenase SA2102 => Putative formate dehydrogenase
[18:43:21] Modify product: UPF0065 protein in clcB-clcD intergenic region => hypothetical protein
[18:43:21] Modify product: Probable bifunctional transcriptional activator/DNA repair enzyme AlkA => putative bifunctional transcriptional activator/DNA repair enzyme AlkA
[18:43:21] Modify product: UPF0234 protein XC_3703 => hypothetical protein
[18:43:21] Modify product: Probable RNA polymerase sigma factor FecI => putative RNA polymerase sigma factor FecI
[18:43:21] Modify product: UPF0073 inner membrane protein YqfA => hypothetical protein
[18:43:21] Modify product: Uncharacterized aminopeptidase Rv1333 => putative aminopeptidase
[18:43:21] Modify product: SCO1 protein homolog => SCO1 protein 
[18:43:21] Modify product: Probable RNA polymerase sigma factor FecI => putative RNA polymerase sigma factor FecI
[18:43:21] Modify product: Uncharacterized oxidoreductase SA2266 => putative oxidoreductase
[18:43:21] Modify product: Uncharacterized SURF1-like protein Rv2235 => putative SURF1-like protein
[18:43:21] Modify product: Outer membrane porin protein BP0840 => Outer membrane porin protein
[18:43:21] Modify product: Outer membrane porin protein BP0840 => Outer membrane porin protein
[18:43:21] Modify product: Pentapeptide repeat protein VPA0095 => Pentapeptide repeat protein
[18:43:21] Modify product: Uncharacterized protein YciH => putative protein YciH
[18:43:21] Modify product: UPF0065 protein in clcB-clcD intergenic region => hypothetical protein
[18:43:21] Modify product: Uncharacterized carboxylesterase nap => putative carboxylesterase nap
[18:43:21] Modify product: Probable RNA polymerase sigma factor FecI => putative RNA polymerase sigma factor FecI
[18:43:21] Modify product: UPF0065 protein in clcB-clcD intergenic region => hypothetical protein
[18:43:21] Modify product: UPF0065 protein in clcB-clcD intergenic region => hypothetical protein
[18:43:21] Modify product: UPF0065 protein in clcB-clcD intergenic region => hypothetical protein
[18:43:21] Modify product: Probable RNA polymerase sigma factor FecI => putative RNA polymerase sigma factor FecI
[18:43:21] Modify product: Uncharacterized FAD-linked oxidoreductase Rv2280 => putative FAD-linked oxidoreductase
[18:43:21] Modify product: Probable glutamine ABC transporter permease protein GlnM => putative glutamine ABC transporter permease protein GlnM
[18:43:21] Modify product: Probable RNA polymerase sigma factor FecI => putative RNA polymerase sigma factor FecI
[18:43:21] Modify product: Probable type I restriction enzyme BthVORF4518P M protein => putative type I restriction enzymeP M protein
[18:43:21] Modify product: Probable acyltransferase YihG => putative acyltransferase YihG
[18:43:21] Modify product: Solute-binding protein Bpro_3107 => Solute-binding protein
[18:43:21] Modify product: Uncharacterized FAD-linked oxidoreductase Rv2280 => putative FAD-linked oxidoreductase
[18:43:21] Modify product: Probable undecaprenyl-phosphate N-acetylglucosaminyl 1-phosphate transferase => putative undecaprenyl-phosphate N-acetylglucosaminyl 1-phosphate transferase
[18:43:21] Modify product: Uncharacterized signaling protein PA1727 => putative signaling protein
[18:43:21] Modify product: UPF0434 protein BB2007 => hypothetical protein
[18:43:21] Modify product: Uncharacterized oxidoreductase Rv1144 => putative oxidoreductase
[18:43:21] Modify product: UPF0065 protein in clcB-clcD intergenic region => hypothetical protein
[18:43:21] Modify product: Uncharacterized oxidoreductase YjmC => putative oxidoreductase YjmC
[18:43:21] Modify product: UPF0065 protein in clcB-clcD intergenic region => hypothetical protein
[18:43:21] Modify product: UPF0065 protein in clcB-clcD intergenic region => hypothetical protein
[18:43:21] Modify product: UPF0065 protein in clcB-clcD intergenic region => hypothetical protein
[18:43:21] Modify product: UPF0065 protein in clcB-clcD intergenic region => hypothetical protein
[18:43:21] Modify product: UPF0065 protein in clcB-clcD intergenic region => hypothetical protein
[18:43:21] Modify product: UPF0065 protein in clcB-clcD intergenic region => hypothetical protein
[18:43:21] Modify product: UPF0065 protein in clcB-clcD intergenic region => hypothetical protein
[18:43:21] Modify product: UPF0065 protein in clcB-clcD intergenic region => hypothetical protein
[18:43:21] Modify product: UPF0336 protein Rv0637 => hypothetical protein
[18:43:21] Modify product: Probable glutamine ABC transporter permease protein GlnM => putative glutamine ABC transporter permease protein GlnM
[18:43:21] Modify product: Probable N-acetyl-LL-diaminopimelate aminotransferase => putative N-acetyl-LL-diaminopimelate aminotransferase
[18:43:21] Modify product: Uncharacterized isomerase YddE => putative isomerase YddE
[18:43:21] Modify product: Uncharacterized protein YbaA => putative protein YbaA
[18:43:21] Modify product: Uncharacterized protein Rv0887c => putative protein
[18:43:21] Modify product: UPF0073 inner membrane protein YqfA => hypothetical protein
[18:43:21] Modify product: Solute-binding protein Dde_0634 => Solute-binding protein
[18:43:21] Modify product: Uncharacterized ABC transporter ATP-binding protein YadG => putative ABC transporter ATP-binding protein YadG
[18:43:21] Modify product: UPF0065 protein in clcB-clcD intergenic region => hypothetical protein
[18:43:21] Modify product: UPF0065 protein in clcB-clcD intergenic region => hypothetical protein
[18:43:21] Modify product: Probable D-xylose utilization operon transcriptional repressor => putative D-xylose utilization operon transcriptional repressor
[18:43:21] Modify product: UPF0065 protein in clcB-clcD intergenic region => hypothetical protein
[18:43:21] Modify product: UPF0065 protein in clcB-clcD intergenic region => hypothetical protein
[18:43:21] Modify product: Uncharacterized cysteine-rich protein YhjQ => putative cysteine-rich protein YhjQ
[18:43:21] Modify product: Probable 2-heptyl-3-hydroxy-4(1H)-quinolone synthase AqdB2 => putative 2-heptyl-3-hydroxy-4(1H)-quinolone synthase AqdB2
[18:43:21] Modify product: Monocarboxylate 2-oxoacid-binding periplasmic protein all3028 => Monocarboxylate 2-oxoacid-binding periplasmic protein
[18:43:22] Modify product: Glycogen operon protein GlgX homolog => Glycogen operon protein GlgX 
[18:43:22] Modify product: Probable RNA polymerase sigma factor FecI => putative RNA polymerase sigma factor FecI
[18:43:22] Modify product: Uncharacterized ABC transporter ATP-binding protein HI_1470 => putative ABC transporter ATP-binding protein
[18:43:22] Modify product: Probable ABC transporter permease protein HI_1471 => putative ABC transporter permease protein
[18:43:22] Modify product: UPF0065 protein in clcB-clcD intergenic region => hypothetical protein
[18:43:22] Modify product: Probable 2,4-dienoyl-CoA reductase => putative 2,4-dienoyl-CoA reductase
[18:43:22] Modify product: Probable multidrug resistance protein EmrK => putative multidrug resistance protein EmrK
[18:43:22] Modify product: Uncharacterized ABC transporter ATP-binding protein YejF => putative ABC transporter ATP-binding protein YejF
[18:43:22] Modify product: Putative outer membrane protein NMB0088 => Putative outer membrane protein
[18:43:22] Modify product: Probable 3-hydroxyacyl-CoA dehydrogenase => putative 3-hydroxyacyl-CoA dehydrogenase
[18:43:22] Modify product: Multifunctional alkaline phosphatase superfamily protein pRL90232 => Multifunctional alkaline phosphatase superfamily protein
[18:43:22] Modify product: Putative multidrug export ATP-binding/permease protein SAV1866 => Putative multidrug export ATP-binding/permease protein
[18:43:22] Modify product: UPF0053 inner membrane protein YoaE => hypothetical protein
[18:43:22] Modify product: Probable ABC transporter binding protein NosD => putative ABC transporter binding protein NosD
[18:43:22] Modify product: Probable ABC transporter ATP-binding protein NosF => putative ABC transporter ATP-binding protein NosF
[18:43:22] Modify product: Probable ABC transporter permease protein NosY => putative ABC transporter permease protein NosY
[18:43:22] Modify product: UPF0065 protein in clcB-clcD intergenic region => hypothetical protein
[18:43:22] Modify product: Zinc-type alcohol dehydrogenase-like protein SA1988 => Zinc-type alcohol dehydrogenase-like protein
[18:43:22] Modify product: Uncharacterized protein NMB0928 => putative protein
[18:43:22] Modify product: Uncharacterized protein YciO => putative protein YciO
[18:43:22] Modify product: Probable chaperone CsaA => putative chaperone CsaA
[18:43:22] Modify product: Probable manganese efflux pump MntP => putative manganese efflux pump MntP
[18:43:22] Modify product: Uncharacterized protein YbdM => putative protein YbdM
[18:43:22] Modify product: Uncharacterized fimbrial-like protein YbgD => putative fimbrial-like protein YbgD
[18:43:22] Modify product: UPF0065 protein in clcB-clcD intergenic region => hypothetical protein
[18:43:22] Modify product: Probable D-xylose utilization operon transcriptional repressor => putative D-xylose utilization operon transcriptional repressor
[18:43:22] Modify product: UPF0065 protein in clcB-clcD intergenic region => hypothetical protein
[18:43:22] Modify product: Probable D,D-dipeptide transport ATP-binding protein DdpF => putative D,D-dipeptide transport ATP-binding protein DdpF
[18:43:22] Modify product: Outer membrane porin protein BP0840 => Outer membrane porin protein
[18:43:22] Modify product: Probable glutamine ABC transporter permease protein GlnM => putative glutamine ABC transporter permease protein GlnM
[18:43:22] Modify product: UPF0065 protein in clcB-clcD intergenic region => hypothetical protein
[18:43:22] Modify product: UPF0719 inner membrane protein YjfL => hypothetical protein
[18:43:22] Modify product: UPF0065 protein in clcB-clcD intergenic region => hypothetical protein
[18:43:22] Modify product: Probable enoyl-CoA hydratase echA8 => putative enoyl-CoA hydratase echA8
[18:43:22] Modify product: UPF0065 protein in clcB-clcD intergenic region => hypothetical protein
[18:43:22] Modify product: UPF0065 protein in clcB-clcD intergenic region => hypothetical protein
[18:43:22] Modify product: UPF0065 protein in clcB-clcD intergenic region => hypothetical protein
[18:43:22] Modify product: Probable sulfate transporter Rv1739c => putative sulfate transporter
[18:43:22] Modify product: Probable transporter SCO4007 => putative transporter
[18:43:22] Modify product: Acetyltransferase PA2578 => Acetyltransferase
[18:43:22] Modify product: UPF0225 protein YchJ => hypothetical protein
[18:43:22] Modify product: Putative bifunctional exonuclease/endonuclease protein Rv2191 => Putative bifunctional exonuclease/endonuclease protein
[18:43:22] Modify product: Probable sulfite/organosulfonate exporter TauE => putative sulfite/organosulfonate exporter TauE
[18:43:22] Modify product: Probable hydrolase YcaC => putative hydrolase YcaC
[18:43:22] Modify product: Uncharacterized oxidoreductase Rv0945 => putative oxidoreductase
[18:43:22] Modify product: Leu/Ile/Val-binding protein homolog 3 => Leu/Ile/Val-binding protein 
[18:43:22] Modify product: UPF0065 protein in clcB-clcD intergenic region => hypothetical protein
[18:43:22] Modify product: UPF0065 protein in clcB-clcD intergenic region => hypothetical protein
[18:43:22] Modify product: UPF0382 membrane protein YwdK => hypothetical protein
[18:43:22] Modify product: Uncharacterized ABC transporter ATP-binding protein YheS => putative ABC transporter ATP-binding protein YheS
[18:43:22] Modify product: UPF0053 inner membrane protein YoaE => hypothetical protein
[18:43:22] Modify product: Probable chromate transport protein => putative chromate transport protein
[18:43:22] Modify product: Probable enoyl-CoA hydratase echA8 => putative enoyl-CoA hydratase echA8
[18:43:22] Modify product: Probable type II secretion system protein HxcR => putative type II secretion system protein HxcR
[18:43:22] Modify product: Probable RNA polymerase sigma factor FecI => putative RNA polymerase sigma factor FecI
[18:43:22] Modify product: UPF0065 protein in clcB-clcD intergenic region => hypothetical protein
[18:43:22] Modify product: Probable murein peptide carboxypeptidase => putative murein peptide carboxypeptidase
[18:43:22] Modify product: Uncharacterized protein Rv2568c => putative protein
[18:43:22] Modify product: UPF0065 protein in clcB-clcD intergenic region => hypothetical protein
[18:43:22] Modify product: Uncharacterized protein Rv0906 => putative protein
[18:43:22] Modify product: Probable RNA polymerase sigma factor FecI => putative RNA polymerase sigma factor FecI
[18:43:22] Modify product: Probable RNA polymerase sigma factor FecI => putative RNA polymerase sigma factor FecI
[18:43:22] Modify product: Probable cysteine desulfurase => putative cysteine desulfurase
[18:43:22] Modify product: Probable hydrolase YcaC => putative hydrolase YcaC
[18:43:22] Modify product: Probable RNA polymerase sigma factor FecI => putative RNA polymerase sigma factor FecI
[18:43:22] Modify product: UPF0065 protein in clcB-clcD intergenic region => hypothetical protein
[18:43:22] Modify product: Probable 5-dehydro-4-deoxyglucarate dehydratase => putative 5-dehydro-4-deoxyglucarate dehydratase
[18:43:22] Modify product: Probable iron export permease protein FetB => putative iron export permease protein FetB
[18:43:22] Modify product: Probable iron export ATP-binding protein FetA => putative iron export ATP-binding protein FetA
[18:43:22] Modify product: Probable siderophore transport system permease protein YfiZ => putative siderophore transport system permease protein YfiZ
[18:43:22] Modify product: UPF0394 inner membrane protein YeeE => hypothetical protein
[18:43:22] Modify product: Probable glutamine ABC transporter permease protein GlnM => putative glutamine ABC transporter permease protein GlnM
[18:43:22] Modify product: UPF0065 protein in clcB-clcD intergenic region => hypothetical protein
[18:43:22] Modify product: UPF0065 protein in clcB-clcD intergenic region => hypothetical protein
[18:43:22] Modify product: Probable acyl-CoA dehydrogenase fadE25 => putative acyl-CoA dehydrogenase fadE25
[18:43:22] Modify product: Probable RNA polymerase sigma factor FecI => putative RNA polymerase sigma factor FecI
[18:43:22] Modify product: Uncharacterized protease YhbU => putative protease YhbU
[18:43:22] Modify product: Probable nitrate transporter NarT => putative nitrate transporter NarT
[18:43:22] Modify product: UPF0065 protein in clcB-clcD intergenic region => hypothetical protein
[18:43:22] Modify product: Probable 3-phenylpropionic acid transporter => putative 3-phenylpropionic acid transporter
[18:43:22] Modify product: Probable amino-acid metabolite efflux pump => putative amino-acid metabolite efflux pump
[18:43:22] Modify product: Probable RNA polymerase sigma factor FecI => putative RNA polymerase sigma factor FecI
[18:43:22] Modify product: UPF0065 protein in clcB-clcD intergenic region => hypothetical protein
[18:43:22] Modify product: Cytochrome b561 homolog 1 => Cytochrome b561 
[18:43:22] Modify product: UPF0065 protein in clcB-clcD intergenic region => hypothetical protein
[18:43:22] Modify product: Probable 2,4-dienoyl-CoA reductase => putative 2,4-dienoyl-CoA reductase
[18:43:22] Modify product: UPF0065 protein in clcB-clcD intergenic region => hypothetical protein
[18:43:22] Modify product: TPR repeat-containing protein NMB0313 => TPR repeat-containing protein
[18:43:22] Modify product: Probable RNA polymerase sigma factor FecI => putative RNA polymerase sigma factor FecI
[18:43:22] Modify product: UPF0065 protein in clcB-clcD intergenic region => hypothetical protein
[18:43:22] Modify product: UPF0065 protein in clcB-clcD intergenic region => hypothetical protein
[18:43:22] Modify product: UPF0065 protein in clcB-clcD intergenic region => hypothetical protein
[18:43:22] Modify product: Uncharacterized protein HI_1028 => putative protein
[18:43:22] Modify product: Multidrug efflux ATP-binding/permease protein BCG_0231 => Multidrug efflux ATP-binding/permease protein
[18:43:22] Modify product: UPF0056 inner membrane protein MarC => hypothetical protein
[18:43:22] Modify product: Probable RNA polymerase sigma factor FecI => putative RNA polymerase sigma factor FecI
[18:43:22] Modify product: Probable type II secretion system protein HxcR => putative type II secretion system protein HxcR
[18:43:22] Modify product: Uncharacterized protein YaeQ => putative protein YaeQ
[18:43:22] Modify product: Probable efflux pump membrane transporter TtgB => putative efflux pump membrane transporter TtgB
[18:43:22] Modify product: SCO1 protein homolog => SCO1 protein 
[18:43:22] Modify product: Bifunctional protein FolD => Bifunctional protein FolD protein
[18:43:22] Modify product: Chemotaxis protein CheY homolog => Chemotaxis protein CheY 
[18:43:22] Modify product: UPF0065 protein in clcB-clcD intergenic region => hypothetical protein
[18:43:22] Modify product: UPF0056 inner membrane protein MarC => hypothetical protein
[18:43:22] Modify product: Uncharacterized metal-dependent hydrolase YcfH => putative metal-dependent hydrolase YcfH
[18:43:22] Modify product: Probable multidrug ABC transporter permease YbhS => putative multidrug ABC transporter permease YbhS
[18:43:22] Modify product: Probable multidrug ABC transporter ATP-binding protein YbhF => putative multidrug ABC transporter ATP-binding protein YbhF
[18:43:22] Modify product: UPF0194 membrane protein YbhG => hypothetical protein
[18:43:22] Modify product: Cyclic di-GMP phosphodiesterase TM_0186 => Cyclic di-GMP phosphodiesterase
[18:43:22] Modify product: Outer membrane porin protein BP0840 => Outer membrane porin protein
[18:43:22] Modify product: Uncharacterized ABC transporter ATP-binding protein YbiT => putative ABC transporter ATP-binding protein YbiT
[18:43:22] Modify product: Uncharacterized MFS-type transporter YhhS => putative MFS-type transporter YhhS
[18:43:22] Modify product: Probable glycerol-3-phosphate acyltransferase => putative glycerol-3-phosphate acyltransferase
[18:43:22] Modify product: Uncharacterized protein HI_0131 => putative protein
[18:43:22] Modify product: Putative hydro-lyase PSPTO_5379 => Putative hydro-lyase
[18:43:22] Modify product: Leu/Ile/Val-binding protein homolog 3 => Leu/Ile/Val-binding protein 
[18:43:22] Modify product: Outer membrane porin protein BP0840 => Outer membrane porin protein
[18:43:22] Modify product: Solute-binding protein Dde_0634 => Solute-binding protein
[18:43:22] Modify product: Probable TonB-dependent receptor NMB0964 => putative TonB-dependent receptor
[18:43:22] Modify product: UPF0701 protein YicC => hypothetical protein
[18:43:22] Modify product: UPF0065 protein in clcB-clcD intergenic region => hypothetical protein
[18:43:22] Modify product: UPF0065 protein in clcB-clcD intergenic region => hypothetical protein
[18:43:22] Modify product: RutC family protein HI_0719 => RutC family protein
[18:43:22] Modify product: Uncharacterized protein HI_0933 => putative protein
[18:43:22] Modify product: UPF0176 protein lpg2838 => hypothetical protein
[18:43:22] Modify product: Probable cyclic di-GMP phosphodiesterase PdeN => putative cyclic di-GMP phosphodiesterase PdeN
[18:43:22] Modify product: UPF0194 membrane protein YbhG => hypothetical protein
[18:43:22] Modify product: UPF0065 protein in clcB-clcD intergenic region => hypothetical protein
[18:43:22] Modify product: Probable RNA polymerase sigma factor FecI => putative RNA polymerase sigma factor FecI
[18:43:22] Modify product: Probable dual-specificity RNA methyltransferase RlmN => putative dual-specificity RNA methyltransferase RlmN
[18:43:22] Modify product: UPF0065 protein in clcB-clcD intergenic region => hypothetical protein
[18:43:22] Modify product: UPF0065 protein in clcB-clcD intergenic region => hypothetical protein
[18:43:22] Modify product: Probable 2-dehydro-3-deoxygalactonokinase DgoK1 => putative 2-dehydro-3-deoxygalactonokinase DgoK1
[18:43:22] Modify product: Multidrug efflux system ATP-binding protein Rv1218c => Multidrug efflux system ATP-binding protein
[18:43:23] Modify product: Uncharacterized MFS-type transporter YhjX => putative MFS-type transporter YhjX
[18:43:23] Modify product: Probable cystine transporter YijE => putative cystine transporter YijE
[18:43:23] Modify product: Uncharacterized FAD-linked oxidoreductase Rv2280 => putative FAD-linked oxidoreductase
[18:43:23] Modify product: Probable D-xylose utilization operon transcriptional repressor => putative D-xylose utilization operon transcriptional repressor
[18:43:23] Modify product: Uncharacterized GST-like protein YibF => putative GST-like protein YibF
[18:43:23] Modify product: UPF0065 protein in clcB-clcD intergenic region => hypothetical protein
[18:43:23] Modify product: Probable RNA polymerase sigma factor FecI => putative RNA polymerase sigma factor FecI
[18:43:23] Modify product: UPF0065 protein in clcB-clcD intergenic region => hypothetical protein
[18:43:23] Modify product: Probable TonB-dependent receptor NMB0964 => putative TonB-dependent receptor
[18:43:23] Modify product: Uncharacterized oxidoreductase CzcO => putative oxidoreductase CzcO
[18:43:23] Modify product: Transcriptional regulator Rv3488 => Transcriptional regulator
[18:43:23] Modify product: Uncharacterized FAD-linked oxidoreductase Rv2280 => putative FAD-linked oxidoreductase
[18:43:23] Modify product: UPF0065 protein in clcB-clcD intergenic region => hypothetical protein
[18:43:23] Modify product: UPF0065 protein in clcB-clcD intergenic region => hypothetical protein
[18:43:23] Modify product: Outer membrane porin protein BP0840 => Outer membrane porin protein
[18:43:23] Modify product: Probable ABC transporter ATP-binding/permease protein HI_0664 => putative ABC transporter ATP-binding/permease protein
[18:43:23] Modify product: Uncharacterized HTH-type transcriptional regulator Rv1985c => putative HTH-type transcriptional regulator
[18:43:23] Modify product: Probable ATP synthase YscN => putative ATP synthase YscN
[18:43:23] Modify product: Probable nicotinate-nucleotide pyrophosphorylase [carboxylating] => putative nicotinate-nucleotide pyrophosphorylase [carboxylating]
[18:43:23] Modify product: UPF0065 protein in clcB-clcD intergenic region => hypothetical protein
[18:43:23] Modify product: UPF0178 protein YaiI => hypothetical protein
[18:43:23] Modify product: Uncharacterized glycosyltransferase sll0501 => putative glycosyltransferase
[18:43:23] Modify product: Uncharacterized DapA-like lyase => putative DapA-like lyase
[18:43:23] Modify product: Uncharacterized protein Rv2307c => putative protein
[18:43:23] Modify product: Probable peptidoglycan D,D-transpeptidase PenA => putative peptidoglycan D,D-transpeptidase PenA
[18:43:23] Modify product: Probable peptidoglycan glycosyltransferase FtsW => putative peptidoglycan glycosyltransferase FtsW
[18:43:23] Modify product: UPF0065 protein in clcB-clcD intergenic region => hypothetical protein
[18:43:23] Modify product: Uncharacterized acyl-CoA thioester hydrolase HI_0827 => putative acyl-CoA thioester hydrolase
[18:43:23] Modify product: UPF0324 inner membrane protein YeiH => hypothetical protein
[18:43:23] Modify product: Probable RNA polymerase sigma factor FecI => putative RNA polymerase sigma factor FecI
[18:43:23] Modify product: Probable lipoprotein YiaD => putative lipoprotein YiaD
[18:43:23] Modify product: Putative short-chain type dehydrogenase/reductase Rv0148 => Putative short-chain type dehydrogenase/reductase
[18:43:23] Modify product: UPF0065 protein in clcB-clcD intergenic region => hypothetical protein
[18:43:23] Modify product: UPF0065 protein in clcB-clcD intergenic region => hypothetical protein
[18:43:23] Modify product: UPF0065 protein in clcB-clcD intergenic region => hypothetical protein
[18:43:23] Modify product: Uncharacterized amino acid permease YhdG => putative amino acid permease YhdG
[18:43:23] Modify product: UPF0065 protein in clcB-clcD intergenic region => hypothetical protein
[18:43:23] Modify product: Uncharacterized protein YisK => putative protein YisK
[18:43:23] Modify product: UPF0065 protein in clcB-clcD intergenic region => hypothetical protein
[18:43:23] Modify product: Probable RNA polymerase sigma factor FecI => putative RNA polymerase sigma factor FecI
[18:43:23] Modify product: Probable sulfoacetate--CoA ligase => putative sulfoacetate--CoA ligase
[18:43:23] Modify product: Outer membrane porin protein BP0840 => Outer membrane porin protein
[18:43:23] Modify product: Uncharacterized protein Rv1260 => putative protein
[18:43:23] Modify product: UPF0065 protein in clcB-clcD intergenic region => hypothetical protein
[18:43:23] Modify product: UPF0758 protein => hypothetical protein
[18:43:23] Modify product: UPF0758 protein => hypothetical protein
[18:43:23] Modify product: Probable metallo-hydrolase BURPS1710b_2304 => putative metallo-hydrolase
[18:43:23] Modify product: Probable HTH-type transcriptional regulator YgaV => putative HTH-type transcriptional regulator YgaV
[18:43:23] Modify product: Probable Ni/Fe-hydrogenase B-type cytochrome subunit => putative Ni/Fe-hydrogenase B-type cytochrome subunit
[18:43:23] Modify product: UPF0065 protein in clcB-clcD intergenic region => hypothetical protein
[18:43:23] Modify product: Probable zinc-binding alcohol dehydrogenase Rv1895 => putative zinc-binding alcohol dehydrogenase
[18:43:23] Modify product: Acetyltransferase PA3944 => Acetyltransferase
[18:43:23] Modify product: Probable D,D-dipeptide transport system permease protein DdpC => putative D,D-dipeptide transport system permease protein DdpC
[18:43:23] Modify product: UPF0065 protein in clcB-clcD intergenic region => hypothetical protein
[18:43:23] Modify product: Uncharacterized signaling protein CC_0091 => putative signaling protein
[18:43:23] Modify product: Nitrilase blr3397 => Nitrilase
[18:43:23] Modify product: Probable RNA polymerase sigma factor FecI => putative RNA polymerase sigma factor FecI
[18:43:23] Modify product: Probable efflux pump outer membrane protein TtgC => putative efflux pump outer membrane protein TtgC
[18:43:23] Modify product: Outer membrane porin protein BP0840 => Outer membrane porin protein
[18:43:23] Modify product: Probable TonB-dependent receptor BfrD => putative TonB-dependent receptor BfrD
[18:43:23] Modify product: Probable TonB-dependent receptor BfrD => putative TonB-dependent receptor BfrD
[18:43:23] Modify product: Probable parvulin-type peptidyl-prolyl cis-trans isomerase => putative parvulin-type peptidyl-prolyl cis-trans isomerase
[18:43:23] Modify product: Uncharacterized protein Rv2232 => putative protein
[18:43:23] Modify product: UPF0065 protein in clcB-clcD intergenic region => hypothetical protein
[18:43:23] Modify product: Probable cystine transporter YijE => putative cystine transporter YijE
[18:43:23] Modify product: Probable succinyl-CoA:3-ketoacid coenzyme A transferase subunit A => putative succinyl-CoA:3-ketoacid coenzyme A transferase subunit A
[18:43:23] Modify product: Probable succinyl-CoA:3-ketoacid coenzyme A transferase subunit B => putative succinyl-CoA:3-ketoacid coenzyme A transferase subunit B
[18:43:23] Modify product: Probable RNA polymerase sigma factor FecI => putative RNA polymerase sigma factor FecI
[18:43:23] Modify product: Probable ATP-dependent DNA helicase YoaA => putative ATP-dependent DNA helicase YoaA
[18:43:23] Modify product: UPF0337 protein PA4738 => hypothetical protein
[18:43:23] Modify product: UPF0065 protein in clcB-clcD intergenic region => hypothetical protein
[18:43:23] Modify product: Probable cystine transporter YijE => putative cystine transporter YijE
[18:43:23] Modify product: Probable transporter SCO4007 => putative transporter
[18:43:23] Modify product: Uncharacterized glycosyltransferase sll0501 => putative glycosyltransferase
[18:43:23] Modify product: Probable FMNH2-dependent monooxygenase SfnC => putative FMNH2-dependent monooxygenase SfnC
[18:43:23] Modify product: Probable FMNH2-dependent monooxygenase SfnC => putative FMNH2-dependent monooxygenase SfnC
[18:43:23] Modify product: Uncharacterized protein HI_1048 => putative protein
[18:43:23] Modify product: Probable thiol:disulfide interchange protein DsbC => putative thiol:disulfide interchange protein DsbC
[18:43:23] Modify product: UPF0065 protein in clcB-clcD intergenic region => hypothetical protein
[18:43:23] Modify product: UPF0065 protein in clcB-clcD intergenic region => hypothetical protein
[18:43:23] Modify product: Probable enoyl-CoA hydratase echA8 => putative enoyl-CoA hydratase echA8
[18:43:23] Modify product: Probable D,D-dipeptide transport system permease protein DdpC => putative D,D-dipeptide transport system permease protein DdpC
[18:43:23] Modify product: Probable enoyl-CoA hydratase => putative enoyl-CoA hydratase
[18:43:23] Modify product: Outer membrane porin protein BP0840 => Outer membrane porin protein
[18:43:23] Modify product: Outer membrane porin protein BP0840 => Outer membrane porin protein
[18:43:23] Modify product: Uncharacterized protein YisK => putative protein YisK
[18:43:23] Modify product: UPF0065 protein in clcB-clcD intergenic region => hypothetical protein
[18:43:23] Modify product: UPF0065 protein in clcB-clcD intergenic region => hypothetical protein
[18:43:23] Modify product: Probable fructoselysine utilization operon transcriptional repressor => putative fructoselysine utilization operon transcriptional repressor
[18:43:23] Modify product: UPF0126 inner membrane protein YicG => hypothetical protein
[18:43:23] Modify product: Probable protein kinase UbiB => putative protein kinase UbiB
[18:43:23] Modify product: UPF0065 protein in clcB-clcD intergenic region => hypothetical protein
[18:43:23] Modify product: UPF0065 protein in clcB-clcD intergenic region => hypothetical protein
[18:43:23] Modify product: Probable transport protein HsrA => putative transport protein HsrA
[18:43:23] Modify product: UPF0065 protein in clcB-clcD intergenic region => hypothetical protein
[18:43:23] Modify product: Uncharacterized protein PA14_02130 => putative protein
[18:43:23] Modify product: Probable enoyl-CoA hydratase echA12 => putative enoyl-CoA hydratase echA12
[18:43:23] Modify product: Probable acyl-CoA dehydrogenase fadE25 => putative acyl-CoA dehydrogenase fadE25
[18:43:23] Modify product: UPF0301 protein AlgH => hypothetical protein
[18:43:24] Modify product: Probable glutamine ABC transporter permease protein GlnP => putative glutamine ABC transporter permease protein GlnP
[18:43:24] Modify product: UPF0065 protein in clcB-clcD intergenic region => hypothetical protein
[18:43:24] Modify product: UPF0307 protein PSPTO_4464 => hypothetical protein
[18:43:24] Modify product: UPF0098 protein YbhB => hypothetical protein
[18:43:24] Modify product: Stress response UPF0229 protein YhbH => hypothetical protein
[18:43:24] Modify product: UPF0758 protein YsxA => hypothetical protein
[18:43:24] Modify product: Probable RNA polymerase sigma factor FecI => putative RNA polymerase sigma factor FecI
[18:43:24] Modify product: Probable hercynylcysteine sulfoxide lyase => putative hercynylcysteine sulfoxide lyase
[18:43:24] Modify product: UPF0065 protein in clcB-clcD intergenic region => hypothetical protein
[18:43:24] Modify product: UPF0394 membrane protein XF_0765 => hypothetical protein
[18:43:24] Modify product: UPF0394 membrane protein XF_0766 => hypothetical protein
[18:43:24] Modify product: Probable metallo-hydrolase BURPS1710b_2304 => putative metallo-hydrolase
[18:43:24] Modify product: Uncharacterized protein Rv2411c => putative protein
[18:43:24] Modify product: Uncharacterized protein Rv2569c => putative protein
[18:43:24] Modify product: UPF0065 protein in clcB-clcD intergenic region => hypothetical protein
[18:43:24] Modify product: UPF0065 protein in clcB-clcD intergenic region => hypothetical protein
[18:43:24] Modify product: UPF0250 protein YbeD => hypothetical protein
[18:43:24] Modify product: Probable ribonucleotide transport ATP-binding protein mkl => putative ribonucleotide transport ATP-binding protein mkl
[18:43:24] Modify product: Probable undecaprenyl-phosphate N-acetylglucosaminyl 1-phosphate transferase => putative undecaprenyl-phosphate N-acetylglucosaminyl 1-phosphate transferase
[18:43:24] Modify product: Probable GTP-binding protein EngB => putative GTP-binding protein EngB
[18:43:24] Modify product: Uncharacterized protein HI_0131 => putative protein
[18:43:24] Modify product: UPF0065 protein in clcB-clcD intergenic region => hypothetical protein
[18:43:24] Modify product: Probable chromosome-partitioning protein ParB => putative chromosome-partitioning protein ParB
[18:43:24] Modify product: Probable D,D-dipeptide transport system permease protein DdpC => putative D,D-dipeptide transport system permease protein DdpC
[18:43:24] Modify product: Probable amino-acid metabolite efflux pump => putative amino-acid metabolite efflux pump
[18:43:24] Modify product: UPF0065 protein in clcB-clcD intergenic region => hypothetical protein
[18:43:24] Modify product: Purine-binding protein BAB2_0673 => Purine-binding protein
[18:43:24] Modify product: Uncharacterized MFS-type transporter YfcJ => putative MFS-type transporter YfcJ
[18:43:24] Modify product: UPF0339 protein YegP => hypothetical protein
[18:43:24] Modify product: UPF0065 protein in clcB-clcD intergenic region => hypothetical protein
[18:43:24] Modify product: Probable RNA polymerase sigma factor FecI => putative RNA polymerase sigma factor FecI
[18:43:24] Modify product: UPF0065 protein in clcB-clcD intergenic region => hypothetical protein
[18:43:24] Modify product: Probable ABC transporter phosphonate/phosphite binding protein PhnD2 => putative ABC transporter phosphonate/phosphite binding protein PhnD2
[18:43:24] Modify product: UPF0060 membrane protein YnfA => hypothetical protein
[18:43:24] Modify product: UPF0065 protein in clcB-clcD intergenic region => hypothetical protein
[18:43:24] Modify product: Uncharacterized protein Rv2915c => putative protein
[18:43:24] Modify product: Uncharacterized membrane protein NMB1645 => putative membrane protein
[18:43:24] Modify product: GTP cyclohydrolase 1 type 2 homolog => GTP cyclohydrolase 1 type 2 
[18:43:24] Modify product: UPF0065 protein in clcB-clcD intergenic region => hypothetical protein
[18:43:24] Modify product: SCO1 protein homolog => SCO1 protein 
[18:43:24] Modify product: Probable siderophore transport system permease protein YfiZ => putative siderophore transport system permease protein YfiZ
[18:43:24] Modify product: Putative lipoprotein NMB1126/NMB1164 => Putative lipoprotein/NMB1164
[18:43:24] Modify product: Putative lipoprotein NMB1124/NMB1162 => Putative lipoprotein/NMB1162
[18:43:24] Modify product: UPF0758 protein YsxA => hypothetical protein
[18:43:24] Modify product: Uncharacterized protein HI_0131 => putative protein
[18:43:24] Modify product: UPF0065 protein in clcB-clcD intergenic region => hypothetical protein
[18:43:24] Modify product: Uncharacterized oxidoreductase Rv1350 => putative oxidoreductase
[18:43:24] Modify product: Uncharacterized FAD-linked oxidoreductase Rv2280 => putative FAD-linked oxidoreductase
[18:43:24] Modify product: Uncharacterized FAD-linked oxidoreductase Rv2280 => putative FAD-linked oxidoreductase
[18:43:24] Modify product: UPF0065 protein in clcB-clcD intergenic region => hypothetical protein
[18:43:24] Modify product: Uncharacterized GST-like protein YibF => putative GST-like protein YibF
[18:43:24] Modify product: Probable amino-acid metabolite efflux pump => putative amino-acid metabolite efflux pump
[18:43:24] Modify product: Acetyltransferase SACOL1063 => Acetyltransferase
[18:43:24] Modify product: PKHD-type hydroxylase Sbal_3634 => PKHD-type hydroxylase
[18:43:24] Modify product: UPF0065 protein in clcB-clcD intergenic region => hypothetical protein
[18:43:24] Modify product: Solute-binding protein Veis_3954 => Solute-binding protein
[18:43:24] Modify product: Uncharacterized protein HI_0103 => putative protein
[18:43:24] Modify product: Phosphate-specific transport system accessory protein PhoU homolog => Phosphate-specific transport system accessory protein PhoU 
[18:43:24] Modify product: Probable Fe(2+)-trafficking protein => putative Fe(2+)-trafficking protein
[18:43:24] Modify product: UPF0153 protein YeiW => hypothetical protein
[18:43:24] Modify product: Probable nicotinate-nucleotide adenylyltransferase => putative nicotinate-nucleotide adenylyltransferase
[18:43:24] Modify product: Probable transcriptional regulatory protein CBU_1566 => putative transcriptional regulatory protein
[18:43:24] Modify product: Uncharacterized protein YcbX => putative protein YcbX
[18:43:24] Modify product: UPF0070 protein HI_0370 => hypothetical protein
[18:43:24] Modify product: Uncharacterized signaling protein PA1727 => putative signaling protein
[18:43:24] Modify product: UPF0065 protein in clcB-clcD intergenic region => hypothetical protein
[18:43:24] Modify product: Probable cystine transporter YijE => putative cystine transporter YijE
[18:43:24] Modify product: UPF0065 protein in clcB-clcD intergenic region => hypothetical protein
[18:43:24] Modify product: Uncharacterized protein YqeY => putative protein YqeY
[18:43:24] Cleaned 397 /product names
[18:43:24] Deleting unwanted file: annoation/PROKKA_11182022.sprot.tmp.48113.faa
[18:43:24] Deleting unwanted file: annoation/PROKKA_11182022.sprot.tmp.48113.blast
[18:43:25] There are still 2954 unannotated CDS left (started with 6428)
[18:43:25] Will use hmmer3 to search against /usr/local/Cellar/prokka/1.14.6/db/hmm/HAMAP.hmm with 6 CPUs
[18:43:25] Running: cat annoation\/PROKKA_11182022\.HAMAP\.hmm\.tmp\.48113\.faa | parallel --gnu --plain -j 6 --block 74124 --recstart '>' --pipe hmmscan --noali --notextw --acc -E 1e-09 --cpu 1 /usr/local/Cellar/prokka/1.14.6/db/hmm/HAMAP.hmm /dev/stdin > annoation\/PROKKA_11182022\.HAMAP\.hmm\.tmp\.48113\.hmmer3 2> /dev/null
[18:43:58] Modify product: Uncharacterized MFS-type transporter YcaD => putative MFS-type transporter YcaD
[18:43:59] Modify product: Uncharacterized Nudix hydrolase NudL => putative Nudix hydrolase NudL
[18:43:59] Modify product: Uncharacterized MFS-type transporter YfcJ => putative MFS-type transporter YfcJ
[18:43:59] Cleaned 3 /product names
[18:43:59] Deleting unwanted file: annoation/PROKKA_11182022.HAMAP.hmm.tmp.48113.faa
[18:43:59] Deleting unwanted file: annoation/PROKKA_11182022.HAMAP.hmm.tmp.48113.hmmer3
[18:43:59] Labelling remaining 2554 proteins as 'hypothetical protein'
[18:43:59] Possible /pseudo 'Purine ribonucleoside efflux pump NepI' at contig_1 position 126701
[18:43:59] Possible /pseudo 'sn-glycerol-3-phosphate import ATP-binding protein UgpC' at contig_1 position 416505
[18:43:59] Possible /pseudo 'Transcriptional regulatory protein ZraR' at contig_1 position 650846
[18:43:59] Possible /pseudo 'Alkaline phosphatase L' at contig_1 position 700458
[18:43:59] Possible /pseudo 'Putative aliphatic sulfonates transport permease protein SsuC' at contig_1 position 840675
[18:43:59] Possible /pseudo 'Putative protein-methionine-sulfoxide reductase subunit YedZ1' at contig_1 position 1020741
[18:43:59] Possible /pseudo 'L-cystine transport system permease protein YecS' at contig_1 position 1716289
[18:43:59] Possible /pseudo 'Fe(3+)-pyochelin receptor' at contig_1 position 1880122
[18:43:59] Possible /pseudo 'Fe(3+)-pyochelin receptor' at contig_1 position 1882417
[18:43:59] Possible /pseudo 'Sensor histidine kinase RcsC' at contig_1 position 2451275
[18:43:59] Possible /pseudo 'Outer membrane porin protein' at contig_1 position 3188212
[18:43:59] Possible /pseudo 'Phosphate-import permease protein PhnE' at contig_1 position 3380449
[18:43:59] Possible /pseudo 'IS110 family transposase ISPpu10' at contig_1 position 4087704
[18:43:59] Possible /pseudo 'HTH-type transcriptional regulator DmlR' at contig_1 position 4407538
[18:43:59] Possible /pseudo 'L-cystine transport system permease protein YecS' at contig_1 position 4488388
[18:43:59] Possible /pseudo 'Protein YdgA' at contig_1 position 4587109
[18:43:59] Possible /pseudo 'Formate dehydrogenase-O major subunit' at contig_1 position 4780589
[18:43:59] Possible /pseudo 'Riboflavin transporter RfnT' at contig_1 position 5812686
[18:43:59] Possible /pseudo 'HTH-type transcriptional regulator TsaQ1/TsaQ2' at contig_1 position 5853347
[18:43:59] Possible /pseudo 'Periplasmic dipeptide transport protein' at contig_1 position 6121178
[18:43:59] Possible /pseudo 'putative TonB-dependent receptor BfrD' at contig_1 position 6174686
[18:43:59] Possible /pseudo 'Cyanophycin synthetase' at contig_1 position 6398304
[18:43:59] Possible /pseudo 'putative FAD-linked oxidoreductase' at contig_1 position 6624866
[18:43:59] Possible /pseudo 'Acyl carrier protein' at contig_1 position 7030502
[18:43:59] Found 2171 unique /gene codes.
[18:43:59] Fixed 2 duplicate /gene - ydgA_1 ydgA_2
[18:43:59] Fixed 2 duplicate /gene - cadA_1 cadA_2
[18:43:59] Fixed 2 duplicate /gene - araG_1 araG_2
[18:43:59] Fixed 2 duplicate /gene - ilvD_1 ilvD_2
[18:43:59] Fixed 2 duplicate /gene - pcm_1 pcm_2
[18:43:59] Fixed 2 duplicate /gene - tarD_1 tarD_2
[18:43:59] Fixed 2 duplicate /gene - lysN_1 lysN_2
[18:43:59] Fixed 2 duplicate /gene - dmlA_1 dmlA_2
[18:43:59] Fixed 4 duplicate /gene - yhaJ_1 yhaJ_2 yhaJ_3 yhaJ_4
[18:43:59] Fixed 4 duplicate /gene - speE_1 speE_2 speE_3 speE_4
[18:43:59] Fixed 2 duplicate /gene - xylG_1 xylG_2
[18:43:59] Fixed 3 duplicate /gene - cpdA_1 cpdA_2 cpdA_3
[18:43:59] Fixed 3 duplicate /gene - yhdY_1 yhdY_2 yhdY_3
[18:43:59] Fixed 2 duplicate /gene - mnhC1_1 mnhC1_2
[18:43:59] Fixed 2 duplicate /gene - bmr3_1 bmr3_2
[18:43:59] Fixed 3 duplicate /gene - aroE_1 aroE_2 aroE_3
[18:43:59] Fixed 9 duplicate /gene - cynR_1 cynR_2 cynR_3 cynR_4 cynR_5 cynR_6 cynR_7 cynR_8 cynR_9
[18:43:59] Fixed 4 duplicate /gene - yijE_1 yijE_2 yijE_3 yijE_4
[18:43:59] Fixed 2 duplicate /gene - czcR_1 czcR_2
[18:43:59] Fixed 4 duplicate /gene - rfnT_1 rfnT_2 rfnT_3 rfnT_4
[18:43:59] Fixed 2 duplicate /gene - prmC_1 prmC_2
[18:43:59] Fixed 3 duplicate /gene - ydiK_1 ydiK_2 ydiK_3
[18:43:59] Fixed 3 duplicate /gene - pupB_1 pupB_2 pupB_3
[18:43:59] Fixed 2 duplicate /gene - fadB_1 fadB_2
[18:43:59] Fixed 2 duplicate /gene - pphA_1 pphA_2
[18:43:59] Fixed 2 duplicate /gene - cphA_1 cphA_2
[18:43:59] Fixed 7 duplicate /gene - menH_1 menH_2 menH_3 menH_4 menH_5 menH_6 menH_7
[18:43:59] Fixed 3 duplicate /gene - yajO_1 yajO_2 yajO_3
[18:43:59] Fixed 2 duplicate /gene - glpD2_1 glpD2_2
[18:43:59] Fixed 2 duplicate /gene - asnC_1 asnC_2
[18:43:59] Fixed 13 duplicate /gene - cmpR_1 cmpR_2 cmpR_3 cmpR_4 cmpR_5 cmpR_6 cmpR_7 cmpR_8 cmpR_9 cmpR_10 cmpR_11 cmpR_12 cmpR_13
[18:43:59] Fixed 3 duplicate /gene - metI_1 metI_2 metI_3
[18:43:59] Fixed 9 duplicate /gene - pcpR_1 pcpR_2 pcpR_3 pcpR_4 pcpR_5 pcpR_6 pcpR_7 pcpR_8 pcpR_9
[18:43:59] Fixed 4 duplicate /gene - ddpC_1 ddpC_2 ddpC_3 ddpC_4
[18:43:59] Fixed 4 duplicate /gene - dltA_1 dltA_2 dltA_3 dltA_4
[18:43:59] Fixed 2 duplicate /gene - dsbD_1 dsbD_2
[18:43:59] Fixed 12 duplicate /gene - fhuA_1 fhuA_2 fhuA_3 fhuA_4 fhuA_5 fhuA_6 fhuA_7 fhuA_8 fhuA_9 fhuA_10 fhuA_11 fhuA_12
[18:43:59] Fixed 2 duplicate /gene - ilvE_1 ilvE_2
[18:43:59] Fixed 5 duplicate /gene - resA_1 resA_2 resA_3 resA_4 resA_5
[18:43:59] Fixed 2 duplicate /gene - pxpC_1 pxpC_2
[18:43:59] Fixed 2 duplicate /gene - pta_1 pta_2
[18:43:59] Fixed 2 duplicate /gene - hutU_1 hutU_2
[18:43:59] Fixed 2 duplicate /gene - argC_1 argC_2
[18:43:59] Fixed 2 duplicate /gene - aes_1 aes_2
[18:43:59] Fixed 2 duplicate /gene - pglH_1 pglH_2
[18:43:59] Fixed 2 duplicate /gene - nreC_1 nreC_2
[18:43:59] Fixed 4 duplicate /gene - pal_1 pal_2 pal_3 pal_4
[18:43:59] Fixed 2 duplicate /gene - pheA_1 pheA_2
[18:43:59] Fixed 4 duplicate /gene - argH_1 argH_2 argH_3 argH_4
[18:43:59] Fixed 2 duplicate /gene - kdpB_1 kdpB_2
[18:43:59] Fixed 3 duplicate /gene - perR_1 perR_2 perR_3
[18:43:59] Fixed 3 duplicate /gene - ribX_1 ribX_2 ribX_3
[18:43:59] Fixed 8 duplicate /gene - xynR_1 xynR_2 xynR_3 xynR_4 xynR_5 xynR_6 xynR_7 xynR_8
[18:43:59] Fixed 13 duplicate /gene - gcvA_1 gcvA_2 gcvA_3 gcvA_4 gcvA_5 gcvA_6 gcvA_7 gcvA_8 gcvA_9 gcvA_10 gcvA_11 gcvA_12 gcvA_13
[18:43:59] Fixed 2 duplicate /gene - map_1 map_2
[18:43:59] Fixed 9 duplicate /gene - oprM_1 oprM_2 oprM_3 oprM_4 oprM_5 oprM_6 oprM_7 oprM_8 oprM_9
[18:43:59] Fixed 2 duplicate /gene - petJ_1 petJ_2
[18:43:59] Fixed 3 duplicate /gene - gph_1 gph_2 gph_3
[18:43:59] Fixed 2 duplicate /gene - ampG_1 ampG_2
[18:43:59] Fixed 2 duplicate /gene - lcdH_1 lcdH_2
[18:43:59] Fixed 4 duplicate /gene - gltJ_1 gltJ_2 gltJ_3 gltJ_4
[18:43:59] Fixed 2 duplicate /gene - cyoC_1 cyoC_2
[18:43:59] Fixed 2 duplicate /gene - mdeA_1 mdeA_2
[18:43:59] Fixed 2 duplicate /gene - metR_1 metR_2
[18:43:59] Fixed 2 duplicate /gene - arnT_1 arnT_2
[18:43:59] Fixed 2 duplicate /gene - icd_1 icd_2
[18:43:59] Fixed 4 duplicate /gene - mdlB_1 mdlB_2 mdlB_3 mdlB_4
[18:43:59] Fixed 3 duplicate /gene - norG_1 norG_2 norG_3
[18:43:59] Fixed 2 duplicate /gene - uvrA_1 uvrA_2
[18:43:59] Fixed 2 duplicate /gene - tktA_1 tktA_2
[18:43:59] Fixed 2 duplicate /gene - clcD_1 clcD_2
[18:43:59] Fixed 2 duplicate /gene - ogt_1 ogt_2
[18:43:59] Fixed 3 duplicate /gene - ydcV_1 ydcV_2 ydcV_3
[18:43:59] Fixed 2 duplicate /gene - ccoP_1 ccoP_2
[18:43:59] Fixed 15 duplicate /gene - hdfR_1 hdfR_2 hdfR_3 hdfR_4 hdfR_5 hdfR_6 hdfR_7 hdfR_8 hdfR_9 hdfR_10 hdfR_11 hdfR_12 hdfR_13 hdfR_14 hdfR_15
[18:43:59] Fixed 2 duplicate /gene - comR_1 comR_2
[18:43:59] Fixed 4 duplicate /gene - iclR_1 iclR_2 iclR_3 iclR_4
[18:43:59] Fixed 2 duplicate /gene - prs_1 prs_2
[18:43:59] Fixed 2 duplicate /gene - mdtB_1 mdtB_2
[18:43:59] Fixed 5 duplicate /gene - tctD_1 tctD_2 tctD_3 tctD_4 tctD_5
[18:43:59] Fixed 5 duplicate /gene - stp_1 stp_2 stp_3 stp_4 stp_5
[18:43:59] Fixed 2 duplicate /gene - pyrB_1 pyrB_2
[18:43:59] Fixed 2 duplicate /gene - yheS_1 yheS_2
[18:43:59] Fixed 2 duplicate /gene - phnZ_1 phnZ_2
[18:43:59] Fixed 3 duplicate /gene - ugpB_1 ugpB_2 ugpB_3
[18:43:59] Fixed 2 duplicate /gene - fur_1 fur_2
[18:43:59] Fixed 5 duplicate /gene - qseC_1 qseC_2 qseC_3 qseC_4 qseC_5
[18:43:59] Fixed 2 duplicate /gene - tauA_1 tauA_2
[18:43:59] Fixed 2 duplicate /gene - cobB_1 cobB_2
[18:43:59] Fixed 4 duplicate /gene - soj_1 soj_2 soj_3 soj_4
[18:43:59] Fixed 7 duplicate /gene - dapA_1 dapA_2 dapA_3 dapA_4 dapA_5 dapA_6 dapA_7
[18:43:59] Fixed 2 duplicate /gene - argO_1 argO_2
[18:43:59] Fixed 2 duplicate /gene - bfrD_1 bfrD_2
[18:43:59] Fixed 2 duplicate /gene - yjmC_1 yjmC_2
[18:43:59] Fixed 3 duplicate /gene - frc_1 frc_2 frc_3
[18:43:59] Fixed 2 duplicate /gene - mdoB_1 mdoB_2
[18:43:59] Fixed 2 duplicate /gene - trg_1 trg_2
[18:43:59] Fixed 35 duplicate /gene - dmlR_1 dmlR_2 dmlR_3 dmlR_4 dmlR_5 dmlR_6 dmlR_7 dmlR_8 dmlR_9 dmlR_10 dmlR_11 dmlR_12 dmlR_13 dmlR_14 dmlR_15 dmlR_16 dmlR_17 dmlR_18 dmlR_19 dmlR_20 dmlR_21 dmlR_22 dmlR_23 dmlR_24 dmlR_25 dmlR_26 dmlR_27 dmlR_28 dmlR_29 dmlR_30 dmlR_31 dmlR_32 dmlR_33 dmlR_34 dmlR_35
[18:43:59] Fixed 5 duplicate /gene - dppA_1 dppA_2 dppA_3 dppA_4 dppA_5
[18:43:59] Fixed 4 duplicate /gene - phnE_1 phnE_2 phnE_3 phnE_4
[18:43:59] Fixed 2 duplicate /gene - dedA_1 dedA_2
[18:43:59] Fixed 3 duplicate /gene - paaF_1 paaF_2 paaF_3
[18:43:59] Fixed 2 duplicate /gene - accB_1 accB_2
[18:43:59] Fixed 3 duplicate /gene - acsA_1 acsA_2 acsA_3
[18:43:59] Fixed 3 duplicate /gene - yhcG_1 yhcG_2 yhcG_3
[18:43:59] Fixed 5 duplicate /gene - amiC_1 amiC_2 amiC_3 amiC_4 amiC_5
[18:43:59] Fixed 2 duplicate /gene - hbd_1 hbd_2
[18:43:59] Fixed 4 duplicate /gene - araC_1 araC_2 araC_3 araC_4
[18:43:59] Fixed 3 duplicate /gene - arsC_1 arsC_2 arsC_3
[18:43:59] Fixed 2 duplicate /gene - hxcR_1 hxcR_2
[18:43:59] Fixed 2 duplicate /gene - rpoN_1 rpoN_2
[18:43:59] Fixed 2 duplicate /gene - lspA_1 lspA_2
[18:43:59] Fixed 4 duplicate /gene - glnM_1 glnM_2 glnM_3 glnM_4
[18:43:59] Fixed 2 duplicate /gene - intA_1 intA_2
[18:43:59] Fixed 4 duplicate /gene - decR_1 decR_2 decR_3 decR_4
[18:43:59] Fixed 2 duplicate /gene - rluF_1 rluF_2
[18:43:59] Fixed 11 duplicate /gene - gsiB_1 gsiB_2 gsiB_3 gsiB_4 gsiB_5 gsiB_6 gsiB_7 gsiB_8 gsiB_9 gsiB_10 gsiB_11
[18:43:59] Fixed 3 duplicate /gene - thrC_1 thrC_2 thrC_3
[18:43:59] Fixed 2 duplicate /gene - gdx_1 gdx_2
[18:43:59] Fixed 13 duplicate /gene - lptB_1 lptB_2 lptB_3 lptB_4 lptB_5 lptB_6 lptB_7 lptB_8 lptB_9 lptB_10 lptB_11 lptB_12 lptB_13
[18:43:59] Fixed 2 duplicate /gene - leuC_1 leuC_2
[18:43:59] Fixed 2 duplicate /gene - amnD_1 amnD_2
[18:43:59] Fixed 4 duplicate /gene - lcfB_1 lcfB_2 lcfB_3 lcfB_4
[18:43:59] Fixed 3 duplicate /gene - ttgI_1 ttgI_2 ttgI_3
[18:43:59] Fixed 2 duplicate /gene - dnaB_1 dnaB_2
[18:43:59] Fixed 2 duplicate /gene - pstC_1 pstC_2
[18:43:59] Fixed 12 duplicate /gene - nimR_1 nimR_2 nimR_3 nimR_4 nimR_5 nimR_6 nimR_7 nimR_8 nimR_9 nimR_10 nimR_11 nimR_12
[18:43:59] Fixed 2 duplicate /gene - ssuA_1 ssuA_2
[18:43:59] Fixed 5 duplicate /gene - oppF_1 oppF_2 oppF_3 oppF_4 oppF_5
[18:43:59] Fixed 2 duplicate /gene - crcB_1 crcB_2
[18:43:59] Fixed 3 duplicate /gene - pmdD_1 pmdD_2 pmdD_3
[18:43:59] Fixed 2 duplicate /gene - bioA_1 bioA_2
[18:43:59] Fixed 2 duplicate /gene - puuC_1 puuC_2
[18:43:59] Fixed 7 duplicate /gene - yfcG_1 yfcG_2 yfcG_3 yfcG_4 yfcG_5 yfcG_6 yfcG_7
[18:43:59] Fixed 2 duplicate /gene - adh_1 adh_2
[18:43:59] Fixed 2 duplicate /gene - dctA_1 dctA_2
[18:43:59] Fixed 2 duplicate /gene - prpC_1 prpC_2
[18:43:59] Fixed 3 duplicate /gene - gatA_1 gatA_2 gatA_3
[18:43:59] Fixed 2 duplicate /gene - rhlE_1 rhlE_2
[18:43:59] Fixed 2 duplicate /gene - rlmN_1 rlmN_2
[18:43:59] Fixed 3 duplicate /gene - acpP_1 acpP_2 acpP_3
[18:43:59] Fixed 3 duplicate /gene - nagK_1 nagK_2 nagK_3
[18:43:59] Fixed 2 duplicate /gene - crt_1 crt_2
[18:43:59] Fixed 2 duplicate /gene - pncC_1 pncC_2
[18:43:59] Fixed 2 duplicate /gene - kgtP_1 kgtP_2
[18:43:59] Fixed 2 duplicate /gene - gltK_1 gltK_2
[18:43:59] Fixed 2 duplicate /gene - cysQ_1 cysQ_2
[18:43:59] Fixed 2 duplicate /gene - queE_1 queE_2
[18:43:59] Fixed 4 duplicate /gene - mdtA_1 mdtA_2 mdtA_3 mdtA_4
[18:43:59] Fixed 3 duplicate /gene - mdtL_1 mdtL_2 mdtL_3
[18:43:59] Fixed 2 duplicate /gene - cmpB_1 cmpB_2
[18:43:59] Fixed 2 duplicate /gene - napA_1 napA_2
[18:43:59] Fixed 2 duplicate /gene - adhB_1 adhB_2
[18:43:59] Fixed 4 duplicate /gene - mltF_1 mltF_2 mltF_3 mltF_4
[18:43:59] Fixed 2 duplicate /gene - fdoG_1 fdoG_2
[18:43:59] Fixed 8 duplicate /gene - uctC_1 uctC_2 uctC_3 uctC_4 uctC_5 uctC_6 uctC_7 uctC_8
[18:43:59] Fixed 2 duplicate /gene - tolC_1 tolC_2
[18:43:59] Fixed 2 duplicate /gene - rclR_1 rclR_2
[18:43:59] Fixed 2 duplicate /gene - hyuC_1 hyuC_2
[18:43:59] Fixed 6 duplicate /gene - yjiE_1 yjiE_2 yjiE_3 yjiE_4 yjiE_5 yjiE_6
[18:43:59] Fixed 2 duplicate /gene - lolD_1 lolD_2
[18:43:59] Fixed 2 duplicate /gene - xcpT_1 xcpT_2
[18:43:59] Fixed 4 duplicate /gene - rstB_1 rstB_2 rstB_3 rstB_4
[18:43:59] Fixed 2 duplicate /gene - gabP_1 gabP_2
[18:43:59] Fixed 9 duplicate /gene - dppB_1 dppB_2 dppB_3 dppB_4 dppB_5 dppB_6 dppB_7 dppB_8 dppB_9
[18:43:59] Fixed 2 duplicate /gene - argE_1 argE_2
[18:43:59] Fixed 2 duplicate /gene - yisK_1 yisK_2
[18:43:59] Fixed 3 duplicate /gene - phaB_1 phaB_2 phaB_3
[18:43:59] Fixed 2 duplicate /gene - thiD_1 thiD_2
[18:43:59] Fixed 3 duplicate /gene - ugpA_1 ugpA_2 ugpA_3
[18:43:59] Fixed 2 duplicate /gene - antA_1 antA_2
[18:43:59] Fixed 2 duplicate /gene - amaB_1 amaB_2
[18:43:59] Fixed 5 duplicate /gene - tauB_1 tauB_2 tauB_3 tauB_4 tauB_5
[18:43:59] Fixed 2 duplicate /gene - eno_1 eno_2
[18:43:59] Fixed 2 duplicate /gene - qorA_1 qorA_2
[18:43:59] Fixed 5 duplicate /gene - btuB_1 btuB_2 btuB_3 btuB_4 btuB_5
[18:43:59] Fixed 3 duplicate /gene - fdx_1 fdx_2 fdx_3
[18:43:59] Fixed 10 duplicate /gene - mshA_1 mshA_2 mshA_3 mshA_4 mshA_5 mshA_6 mshA_7 mshA_8 mshA_9 mshA_10
[18:43:59] Fixed 3 duplicate /gene - rcsB_1 rcsB_2 rcsB_3
[18:43:59] Fixed 2 duplicate /gene - yadH_1 yadH_2
[18:43:59] Fixed 10 duplicate /gene - pgrR_1 pgrR_2 pgrR_3 pgrR_4 pgrR_5 pgrR_6 pgrR_7 pgrR_8 pgrR_9 pgrR_10
[18:43:59] Fixed 3 duplicate /gene - pgi_1 pgi_2 pgi_3
[18:43:59] Fixed 2 duplicate /gene - msrP_1 msrP_2
[18:43:59] Fixed 6 duplicate /gene - dctM_1 dctM_2 dctM_3 dctM_4 dctM_5 dctM_6
[18:43:59] Fixed 13 duplicate /gene - gsiA_1 gsiA_2 gsiA_3 gsiA_4 gsiA_5 gsiA_6 gsiA_7 gsiA_8 gsiA_9 gsiA_10 gsiA_11 gsiA_12 gsiA_13
[18:43:59] Fixed 2 duplicate /gene - nagG_1 nagG_2
[18:43:59] Fixed 2 duplicate /gene - thadh_1 thadh_2
[18:43:59] Fixed 3 duplicate /gene - adhT_1 adhT_2 adhT_3
[18:43:59] Fixed 2 duplicate /gene - bcp_1 bcp_2
[18:43:59] Fixed 2 duplicate /gene - yieH_1 yieH_2
[18:43:59] Fixed 2 duplicate /gene - cyoD_1 cyoD_2
[18:43:59] Fixed 4 duplicate /gene - dadA1_1 dadA1_2 dadA1_3 dadA1_4
[18:43:59] Fixed 2 duplicate /gene - tufA_1 tufA_2
[18:43:59] Fixed 2 duplicate /gene - chrB1_1 chrB1_2
[18:43:59] Fixed 2 duplicate /gene - osmY_1 osmY_2
[18:43:59] Fixed 2 duplicate /gene - sucB_1 sucB_2
[18:43:59] Fixed 4 duplicate /gene - fatA_1 fatA_2 fatA_3 fatA_4
[18:43:59] Fixed 3 duplicate /gene - argD_1 argD_2 argD_3
[18:43:59] Fixed 2 duplicate /gene - thlA_1 thlA_2
[18:43:59] Fixed 2 duplicate /gene - groL_1 groL_2
[18:43:59] Fixed 3 duplicate /gene - pcaJ_1 pcaJ_2 pcaJ_3
[18:43:59] Fixed 2 duplicate /gene - thiE_1 thiE_2
[18:43:59] Fixed 2 duplicate /gene - apaH_1 apaH_2
[18:43:59] Fixed 3 duplicate /gene - cspA_1 cspA_2 cspA_3
[18:43:59] Fixed 3 duplicate /gene - fumB_1 fumB_2 fumB_3
[18:43:59] Fixed 10 duplicate /gene - rhaS_1 rhaS_2 rhaS_3 rhaS_4 rhaS_5 rhaS_6 rhaS_7 rhaS_8 rhaS_9 rhaS_10
[18:43:59] Fixed 5 duplicate /gene - fptA_1 fptA_2 fptA_3 fptA_4 fptA_5
[18:43:59] Fixed 3 duplicate /gene - tsr_1 tsr_2 tsr_3
[18:43:59] Fixed 4 duplicate /gene - benM_1 benM_2 benM_3 benM_4
[18:43:59] Fixed 3 duplicate /gene - ssuB_1 ssuB_2 ssuB_3
[18:43:59] Fixed 2 duplicate /gene - pstS_1 pstS_2
[18:43:59] Fixed 3 duplicate /gene - noc_1 noc_2 noc_3
[18:43:59] Fixed 5 duplicate /gene - oxyR_1 oxyR_2 oxyR_3 oxyR_4 oxyR_5
[18:43:59] Fixed 3 duplicate /gene - moaA_1 moaA_2 moaA_3
[18:43:59] Fixed 2 duplicate /gene - suhB_1 suhB_2
[18:43:59] Fixed 3 duplicate /gene - mdh_1 mdh_2 mdh_3
[18:43:59] Fixed 4 duplicate /gene - yfdE_1 yfdE_2 yfdE_3 yfdE_4
[18:43:59] Fixed 4 duplicate /gene - leuE_1 leuE_2 leuE_3 leuE_4
[18:43:59] Fixed 5 duplicate /gene - ywrD_1 ywrD_2 ywrD_3 ywrD_4 ywrD_5
[18:43:59] Fixed 11 duplicate /gene - gltC_1 gltC_2 gltC_3 gltC_4 gltC_5 gltC_6 gltC_7 gltC_8 gltC_9 gltC_10 gltC_11
[18:43:59] Fixed 2 duplicate /gene - gtaB_1 gtaB_2
[18:43:59] Fixed 2 duplicate /gene - bcr_1 bcr_2
[18:43:59] Fixed 2 duplicate /gene - teaD_1 teaD_2
[18:43:59] Fixed 2 duplicate /gene - hutH_1 hutH_2
[18:43:59] Fixed 19 duplicate /gene - livH_1 livH_2 livH_3 livH_4 livH_5 livH_6 livH_7 livH_8 livH_9 livH_10 livH_11 livH_12 livH_13 livH_14 livH_15 livH_16 livH_17 livH_18 livH_19
[18:43:59] Fixed 2 duplicate /gene - zupT_1 zupT_2
[18:43:59] Fixed 3 duplicate /gene - amiD_1 amiD_2 amiD_3
[18:43:59] Fixed 2 duplicate /gene - dgdA_1 dgdA_2
[18:43:59] Fixed 2 duplicate /gene - yibF_1 yibF_2
[18:43:59] Fixed 3 duplicate /gene - dan_1 dan_2 dan_3
[18:43:59] Fixed 2 duplicate /gene - dsbG_1 dsbG_2
[18:43:59] Fixed 5 duplicate /gene - bepA_1 bepA_2 bepA_3 bepA_4 bepA_5
[18:43:59] Fixed 3 duplicate /gene - ohrB_1 ohrB_2 ohrB_3
[18:43:59] Fixed 3 duplicate /gene - atoC_1 atoC_2 atoC_3
[18:43:59] Fixed 2 duplicate /gene - pupA_1 pupA_2
[18:43:59] Fixed 4 duplicate /gene - dhmA_1 dhmA_2 dhmA_3 dhmA_4
[18:43:59] Fixed 2 duplicate /gene - aroG_1 aroG_2
[18:43:59] Fixed 5 duplicate /gene - fadA_1 fadA_2 fadA_3 fadA_4 fadA_5
[18:43:59] Fixed 2 duplicate /gene - nanT_1 nanT_2
[18:43:59] Fixed 4 duplicate /gene - hipO_1 hipO_2 hipO_3 hipO_4
[18:43:59] Fixed 2 duplicate /gene - bauA_1 bauA_2
[18:43:59] Fixed 3 duplicate /gene - zraR_1 zraR_2 zraR_3
[18:43:59] Fixed 3 duplicate /gene - hmuU_1 hmuU_2 hmuU_3
[18:43:59] Fixed 2 duplicate /gene - lpxH_1 lpxH_2
[18:43:59] Fixed 2 duplicate /gene - lysP_1 lysP_2
[18:43:59] Fixed 2 duplicate /gene - lpd_1 lpd_2
[18:43:59] Fixed 2 duplicate /gene - yciC_1 yciC_2
[18:43:59] Fixed 2 duplicate /gene - xcpX_1 xcpX_2
[18:43:59] Fixed 3 duplicate /gene - purR_1 purR_2 purR_3
[18:43:59] Fixed 3 duplicate /gene - sigE_1 sigE_2 sigE_3
[18:43:59] Fixed 2 duplicate /gene - leuD_1 leuD_2
[18:43:59] Fixed 2 duplicate /gene - yjaB_1 yjaB_2
[18:43:59] Fixed 4 duplicate /gene - cheB_1 cheB_2 cheB_3 cheB_4
[18:43:59] Fixed 19 duplicate /gene - fabG_1 fabG_2 fabG_3 fabG_4 fabG_5 fabG_6 fabG_7 fabG_8 fabG_9 fabG_10 fabG_11 fabG_12 fabG_13 fabG_14 fabG_15 fabG_16 fabG_17 fabG_18 fabG_19
[18:43:59] Fixed 2 duplicate /gene - galE1_1 galE1_2
[18:43:59] Fixed 3 duplicate /gene - eamA_1 eamA_2 eamA_3
[18:43:59] Fixed 3 duplicate /gene - hcnB_1 hcnB_2 hcnB_3
[18:43:59] Fixed 2 duplicate /gene - yfcJ_1 yfcJ_2
[18:43:59] Fixed 2 duplicate /gene - flhD_1 flhD_2
[18:43:59] Fixed 2 duplicate /gene - murJ_1 murJ_2
[18:43:59] Fixed 4 duplicate /gene - tolQ_1 tolQ_2 tolQ_3 tolQ_4
[18:43:59] Fixed 2 duplicate /gene - apc4_1 apc4_2
[18:43:59] Fixed 5 duplicate /gene - plcN_1 plcN_2 plcN_3 plcN_4 plcN_5
[18:43:59] Fixed 2 duplicate /gene - ltnD_1 ltnD_2
[18:43:59] Fixed 3 duplicate /gene - phnC_1 phnC_2 phnC_3
[18:43:59] Fixed 2 duplicate /gene - mngR_1 mngR_2
[18:43:59] Fixed 2 duplicate /gene - glxR_1 glxR_2
[18:43:59] Fixed 5 duplicate /gene - cntO_1 cntO_2 cntO_3 cntO_4 cntO_5
[18:43:59] Fixed 2 duplicate /gene - rutB_1 rutB_2
[18:43:59] Fixed 8 duplicate /gene - occR_1 occR_2 occR_3 occR_4 occR_5 occR_6 occR_7 occR_8
[18:43:59] Fixed 2 duplicate /gene - wbpA_1 wbpA_2
[18:43:59] Fixed 2 duplicate /gene - mgtA_1 mgtA_2
[18:43:59] Fixed 2 duplicate /gene - ilvG_1 ilvG_2
[18:43:59] Fixed 3 duplicate /gene - araD_1 araD_2 araD_3
[18:43:59] Fixed 2 duplicate /gene - otnI_1 otnI_2
[18:43:59] Fixed 3 duplicate /gene - namA_1 namA_2 namA_3
[18:43:59] Fixed 2 duplicate /gene - engB_1 engB_2
[18:43:59] Fixed 2 duplicate /gene - yagE_1 yagE_2
[18:43:59] Fixed 7 duplicate /gene - argP_1 argP_2 argP_3 argP_4 argP_5 argP_6 argP_7
[18:43:59] Fixed 2 duplicate /gene - aroK_1 aroK_2
[18:43:59] Fixed 4 duplicate /gene - topB_1 topB_2 topB_3 topB_4
[18:43:59] Fixed 3 duplicate /gene - mhpA_1 mhpA_2 mhpA_3
[18:43:59] Fixed 2 duplicate /gene - acdA_1 acdA_2
[18:43:59] Fixed 4 duplicate /gene - aam_1 aam_2 aam_3 aam_4
[18:43:59] Fixed 2 duplicate /gene - catD_1 catD_2
[18:43:59] Fixed 2 duplicate /gene - nfdA_1 nfdA_2
[18:43:59] Fixed 17 duplicate /gene - btuD_1 btuD_2 btuD_3 btuD_4 btuD_5 btuD_6 btuD_7 btuD_8 btuD_9 btuD_10 btuD_11 btuD_12 btuD_13 btuD_14 btuD_15 btuD_16 btuD_17
[18:43:59] Fixed 9 duplicate /gene - abaF_1 abaF_2 abaF_3 abaF_4 abaF_5 abaF_6 abaF_7 abaF_8 abaF_9
[18:43:59] Fixed 2 duplicate /gene - ascD_1 ascD_2
[18:43:59] Fixed 2 duplicate /gene - siaT_1 siaT_2
[18:43:59] Fixed 2 duplicate /gene - apbE_1 apbE_2
[18:43:59] Fixed 7 duplicate /gene - kdgR_1 kdgR_2 kdgR_3 kdgR_4 kdgR_5 kdgR_6 kdgR_7
[18:43:59] Fixed 2 duplicate /gene - ydcO_1 ydcO_2
[18:43:59] Fixed 2 duplicate /gene - ccoN1_1 ccoN1_2
[18:43:59] Fixed 2 duplicate /gene - dnaK_1 dnaK_2
[18:43:59] Fixed 2 duplicate /gene - cyoB_1 cyoB_2
[18:43:59] Fixed 2 duplicate /gene - fabI_1 fabI_2
[18:43:59] Fixed 3 duplicate /gene - dadA_1 dadA_2 dadA_3
[18:43:59] Fixed 3 duplicate /gene - acrB_1 acrB_2 acrB_3
[18:43:59] Fixed 3 duplicate /gene - cntI_1 cntI_2 cntI_3
[18:43:59] Fixed 3 duplicate /gene - dauA_1 dauA_2 dauA_3
[18:43:59] Fixed 2 duplicate /gene - fbp_1 fbp_2
[18:43:59] Fixed 2 duplicate /gene - abo_1 abo_2
[18:43:59] Fixed 2 duplicate /gene - yofA_1 yofA_2
[18:43:59] Fixed 2 duplicate /gene - pxpB_1 pxpB_2
[18:43:59] Fixed 2 duplicate /gene - ycaC_1 ycaC_2
[18:43:59] Fixed 4 duplicate /gene - cysA_1 cysA_2 cysA_3 cysA_4
[18:43:59] Fixed 5 duplicate /gene - sctC_1 sctC_2 sctC_3 sctC_4 sctC_5
[18:43:59] Fixed 2 duplicate /gene - cysL_1 cysL_2
[18:43:59] Fixed 2 duplicate /gene - trpB_1 trpB_2
[18:43:59] Fixed 2 duplicate /gene - ptsJ_1 ptsJ_2
[18:43:59] Fixed 2 duplicate /gene - cbbA_1 cbbA_2
[18:43:59] Fixed 3 duplicate /gene - ilvI_1 ilvI_2 ilvI_3
[18:43:59] Fixed 3 duplicate /gene - ghrB_1 ghrB_2 ghrB_3
[18:43:59] Fixed 2 duplicate /gene - gmhA_1 gmhA_2
[18:43:59] Fixed 2 duplicate /gene - dxs_1 dxs_2
[18:43:59] Fixed 3 duplicate /gene - dapE_1 dapE_2 dapE_3
[18:43:59] Fixed 2 duplicate /gene - cpg2_1 cpg2_2
[18:43:59] Fixed 2 duplicate /gene - egtE_1 egtE_2
[18:43:59] Fixed 3 duplicate /gene - emrB_1 emrB_2 emrB_3
[18:43:59] Fixed 15 duplicate /gene - glnQ_1 glnQ_2 glnQ_3 glnQ_4 glnQ_5 glnQ_6 glnQ_7 glnQ_8 glnQ_9 glnQ_10 glnQ_11 glnQ_12 glnQ_13 glnQ_14 glnQ_15
[18:43:59] Fixed 5 duplicate /gene - virB4_1 virB4_2 virB4_3 virB4_4 virB4_5
[18:43:59] Fixed 4 duplicate /gene - cmpD_1 cmpD_2 cmpD_3 cmpD_4
[18:43:59] Fixed 2 duplicate /gene - fepC_1 fepC_2
[18:43:59] Fixed 2 duplicate /gene - menB_1 menB_2
[18:43:59] Fixed 2 duplicate /gene - clsB_1 clsB_2
[18:43:59] Fixed 2 duplicate /gene - fadH_1 fadH_2
[18:43:59] Fixed 2 duplicate /gene - takP_1 takP_2
[18:43:59] Fixed 2 duplicate /gene - tolR_1 tolR_2
[18:43:59] Fixed 2 duplicate /gene - besA_1 besA_2
[18:43:59] Fixed 3 duplicate /gene - tsaQ1_1 tsaQ1_2 tsaQ1_3
[18:43:59] Fixed 3 duplicate /gene - hpcG_1 hpcG_2 hpcG_3
[18:43:59] Fixed 2 duplicate /gene - surA_1 surA_2
[18:43:59] Fixed 2 duplicate /gene - prsE_1 prsE_2
[18:43:59] Fixed 2 duplicate /gene - accA1_1 accA1_2
[18:43:59] Fixed 9 duplicate /gene - hcaR_1 hcaR_2 hcaR_3 hcaR_4 hcaR_5 hcaR_6 hcaR_7 hcaR_8 hcaR_9
[18:43:59] Fixed 4 duplicate /gene - hbpA_1 hbpA_2 hbpA_3 hbpA_4
[18:43:59] Fixed 2 duplicate /gene - alaS_1 alaS_2
[18:43:59] Fixed 2 duplicate /gene - aziB2_1 aziB2_2
[18:43:59] Fixed 5 duplicate /gene - rspR_1 rspR_2 rspR_3 rspR_4 rspR_5
[18:43:59] Fixed 17 duplicate /gene - sasA_1 sasA_2 sasA_3 sasA_4 sasA_5 sasA_6 sasA_7 sasA_8 sasA_9 sasA_10 sasA_11 sasA_12 sasA_13 sasA_14 sasA_15 sasA_16 sasA_17
[18:43:59] Fixed 4 duplicate /gene - gntR_1 gntR_2 gntR_3 gntR_4
[18:43:59] Fixed 2 duplicate /gene - merA_1 merA_2
[18:43:59] Fixed 2 duplicate /gene - tauD_1 tauD_2
[18:43:59] Fixed 2 duplicate /gene - xerD_1 xerD_2
[18:43:59] Fixed 2 duplicate /gene - paaG_1 paaG_2
[18:43:59] Fixed 2 duplicate /gene - tagO_1 tagO_2
[18:43:59] Fixed 2 duplicate /gene - clpP_1 clpP_2
[18:43:59] Fixed 3 duplicate /gene - nagL_1 nagL_2 nagL_3
[18:43:59] Fixed 3 duplicate /gene - ftsH_1 ftsH_2 ftsH_3
[18:43:59] Fixed 2 duplicate /gene - rpe_1 rpe_2
[18:43:59] Fixed 4 duplicate /gene - pdxA2_1 pdxA2_2 pdxA2_3 pdxA2_4
[18:43:59] Fixed 2 duplicate /gene - czcD_1 czcD_2
[18:43:59] Fixed 3 duplicate /gene - parA_1 parA_2 parA_3
[18:43:59] Fixed 2 duplicate /gene - dapD_1 dapD_2
[18:43:59] Fixed 2 duplicate /gene - tmoA_1 tmoA_2
[18:43:59] Fixed 2 duplicate /gene - yngG_1 yngG_2
[18:43:59] Fixed 3 duplicate /gene - glpE_1 glpE_2 glpE_3
[18:43:59] Fixed 3 duplicate /gene - pcaF_1 pcaF_2 pcaF_3
[18:43:59] Fixed 2 duplicate /gene - aatB_1 aatB_2
[18:43:59] Fixed 2 duplicate /gene - hpcH_1 hpcH_2
[18:43:59] Fixed 2 duplicate /gene - pstB_1 pstB_2
[18:43:59] Fixed 3 duplicate /gene - maeB_1 maeB_2 maeB_3
[18:43:59] Fixed 2 duplicate /gene - fepG_1 fepG_2
[18:43:59] Fixed 2 duplicate /gene - tsaR_1 tsaR_2
[18:43:59] Fixed 4 duplicate /gene - bacC_1 bacC_2 bacC_3 bacC_4
[18:43:59] Fixed 2 duplicate /gene - gltI_1 gltI_2
[18:43:59] Fixed 4 duplicate /gene - puuB_1 puuB_2 puuB_3 puuB_4
[18:43:59] Fixed 2 duplicate /gene - aptB_1 aptB_2
[18:43:59] Fixed 2 duplicate /gene - nagAb_1 nagAb_2
[18:43:59] Fixed 5 duplicate /gene - tam_1 tam_2 tam_3 tam_4 tam_5
[18:43:59] Fixed 4 duplicate /gene - gno_1 gno_2 gno_3 gno_4
[18:43:59] Fixed 2 duplicate /gene - mrdB_1 mrdB_2
[18:43:59] Fixed 5 duplicate /gene - glnH_1 glnH_2 glnH_3 glnH_4 glnH_5
[18:43:59] Fixed 2 duplicate /gene - msrB_1 msrB_2
[18:43:59] Fixed 7 duplicate /gene - gstB_1 gstB_2 gstB_3 gstB_4 gstB_5 gstB_6 gstB_7
[18:43:59] Fixed 2 duplicate /gene - arsB_1 arsB_2
[18:43:59] Fixed 2 duplicate /gene - paaH_1 paaH_2
[18:43:59] Fixed 4 duplicate /gene - mmgC_1 mmgC_2 mmgC_3 mmgC_4
[18:43:59] Fixed 6 duplicate /gene - potA_1 potA_2 potA_3 potA_4 potA_5 potA_6
[18:43:59] Fixed 2 duplicate /gene - caiA_1 caiA_2
[18:43:59] Fixed 5 duplicate /gene - hisC_1 hisC_2 hisC_3 hisC_4 hisC_5
[18:43:59] Fixed 4 duplicate /gene - tar_1 tar_2 tar_3 tar_4
[18:43:59] Fixed 2 duplicate /gene - proC_1 proC_2
[18:43:59] Fixed 2 duplicate /gene - ptlH_1 ptlH_2
[18:43:59] Fixed 8 duplicate /gene - braC_1 braC_2 braC_3 braC_4 braC_5 braC_6 braC_7 braC_8
[18:43:59] Fixed 2 duplicate /gene - ligK_1 ligK_2
[18:43:59] Fixed 2 duplicate /gene - algU_1 algU_2
[18:43:59] Fixed 2 duplicate /gene - sfnC_1 sfnC_2
[18:43:59] Fixed 11 duplicate /gene - gsiC_1 gsiC_2 gsiC_3 gsiC_4 gsiC_5 gsiC_6 gsiC_7 gsiC_8 gsiC_9 gsiC_10 gsiC_11
[18:43:59] Fixed 2 duplicate /gene - thrB_1 thrB_2
[18:43:59] Fixed 8 duplicate /gene - yecS_1 yecS_2 yecS_3 yecS_4 yecS_5 yecS_6 yecS_7 yecS_8
[18:43:59] Fixed 3 duplicate /gene - ugpC_1 ugpC_2 ugpC_3
[18:43:59] Fixed 6 duplicate /gene - qseB_1 qseB_2 qseB_3 qseB_4 qseB_5 qseB_6
[18:43:59] Fixed 2 duplicate /gene - xylF_1 xylF_2
[18:43:59] Fixed 2 duplicate /gene - cloR_1 cloR_2
[18:43:59] Fixed 5 duplicate /gene - gltR_1 gltR_2 gltR_3 gltR_4 gltR_5
[18:43:59] Fixed 3 duplicate /gene - aceE_1 aceE_2 aceE_3
[18:43:59] Fixed 2 duplicate /gene - pnoA_1 pnoA_2
[18:43:59] Fixed 2 duplicate /gene - fliY_1 fliY_2
[18:43:59] Fixed 2 duplicate /gene - rsmI_1 rsmI_2
[18:43:59] Fixed 2 duplicate /gene - ilvA_1 ilvA_2
[18:43:59] Fixed 2 duplicate /gene - tetA_1 tetA_2
[18:43:59] Fixed 7 duplicate /gene - yhdW_1 yhdW_2 yhdW_3 yhdW_4 yhdW_5 yhdW_6 yhdW_7
[18:43:59] Fixed 12 duplicate /gene - lrp_1 lrp_2 lrp_3 lrp_4 lrp_5 lrp_6 lrp_7 lrp_8 lrp_9 lrp_10 lrp_11 lrp_12
[18:43:59] Fixed 2 duplicate /gene - accC_1 accC_2
[18:43:59] Fixed 6 duplicate /gene - lutR_1 lutR_2 lutR_3 lutR_4 lutR_5 lutR_6
[18:43:59] Fixed 2 duplicate /gene - prfB_1 prfB_2
[18:43:59] Fixed 2 duplicate /gene - rlmB_1 rlmB_2
[18:43:59] Fixed 2 duplicate /gene - yhhW_1 yhhW_2
[18:43:59] Fixed 2 duplicate /gene - FCS1_1 FCS1_2
[18:43:59] Fixed 3 duplicate /gene - tcyC_1 tcyC_2 tcyC_3
[18:43:59] Fixed 2 duplicate /gene - rppH_1 rppH_2
[18:43:59] Fixed 2 duplicate /gene - cydB_1 cydB_2
[18:43:59] Fixed 3 duplicate /gene - phzF_1 phzF_2 phzF_3
[18:43:59] Fixed 3 duplicate /gene - bdhA_1 bdhA_2 bdhA_3
[18:43:59] Fixed 2 duplicate /gene - mdtC_1 mdtC_2
[18:43:59] Fixed 2 duplicate /gene - infA_1 infA_2
[18:43:59] Fixed 3 duplicate /gene - apc3_1 apc3_2 apc3_3
[18:43:59] Fixed 3 duplicate /gene - proP_1 proP_2 proP_3
[18:43:59] Fixed 3 duplicate /gene - nicT_1 nicT_2 nicT_3
[18:43:59] Fixed 2 duplicate /gene - yhbO_1 yhbO_2
[18:43:59] Fixed 2 duplicate /gene - dsbB_1 dsbB_2
[18:43:59] Fixed 2 duplicate /gene - aptA_1 aptA_2
[18:43:59] Fixed 2 duplicate /gene - groS_1 groS_2
[18:43:59] Fixed 2 duplicate /gene - ltaE_1 ltaE_2
[18:43:59] Fixed 2 duplicate /gene - artM_1 artM_2
[18:43:59] Fixed 3 duplicate /gene - fadD3_1 fadD3_2 fadD3_3
[18:43:59] Fixed 8 duplicate /gene - rhtB_1 rhtB_2 rhtB_3 rhtB_4 rhtB_5 rhtB_6 rhtB_7 rhtB_8
[18:43:59] Fixed 2 duplicate /gene - leuA_1 leuA_2
[18:43:59] Fixed 2 duplicate /gene - ggt_1 ggt_2
[18:43:59] Fixed 2 duplicate /gene - cheY_1 cheY_2
[18:43:59] Fixed 2 duplicate /gene - ypeA_1 ypeA_2
[18:43:59] Fixed 2 duplicate /gene - aatA_1 aatA_2
[18:43:59] Fixed 2 duplicate /gene - phnX_1 phnX_2
[18:43:59] Fixed 2 duplicate /gene - pstA_1 pstA_2
[18:43:59] Fixed 7 duplicate /gene - ssuC_1 ssuC_2 ssuC_3 ssuC_4 ssuC_5 ssuC_6 ssuC_7
[18:43:59] Fixed 2 duplicate /gene - exbD_1 exbD_2
[18:43:59] Fixed 4 duplicate /gene - entS_1 entS_2 entS_3 entS_4
[18:43:59] Fixed 2 duplicate /gene - era_1 era_2
[18:43:59] Fixed 3 duplicate /gene - nphR_1 nphR_2 nphR_3
[18:43:59] Fixed 12 duplicate /gene - rcsC_1 rcsC_2 rcsC_3 rcsC_4 rcsC_5 rcsC_6 rcsC_7 rcsC_8 rcsC_9 rcsC_10 rcsC_11 rcsC_12
[18:43:59] Fixed 22 duplicate /gene - fecI_1 fecI_2 fecI_3 fecI_4 fecI_5 fecI_6 fecI_7 fecI_8 fecI_9 fecI_10 fecI_11 fecI_12 fecI_13 fecI_14 fecI_15 fecI_16 fecI_17 fecI_18 fecI_19 fecI_20 fecI_21 fecI_22
[18:43:59] Fixed 3 duplicate /gene - epsF_1 epsF_2 epsF_3
[18:43:59] Fixed 4 duplicate /gene - betI_1 betI_2 betI_3 betI_4
[18:43:59] Fixed 2 duplicate /gene - mrpE_1 mrpE_2
[18:43:59] Fixed 2 duplicate /gene - fmt_1 fmt_2
[18:43:59] Fixed 2 duplicate /gene - dadX_1 dadX_2
[18:43:59] Fixed 2 duplicate /gene - fadE_1 fadE_2
[18:43:59] Fixed 2 duplicate /gene - mcl2_1 mcl2_2
[18:43:59] Fixed 2 duplicate /gene - yqjH_1 yqjH_2
[18:43:59] Fixed 4 duplicate /gene - metC_1 metC_2 metC_3 metC_4
[18:43:59] Fixed 2 duplicate /gene - yfiZ_1 yfiZ_2
[18:43:59] Fixed 2 duplicate /gene - degP_1 degP_2
[18:43:59] Fixed 3 duplicate /gene - glnP_1 glnP_2 glnP_3
[18:43:59] Fixed 3 duplicate /gene - potB_1 potB_2 potB_3
[18:43:59] Fixed 2 duplicate /gene - udh_1 udh_2
[18:43:59] Fixed 4 duplicate /gene - hcaB_1 hcaB_2 hcaB_3 hcaB_4
[18:43:59] Fixed 2 duplicate /gene - nicB_1 nicB_2
[18:43:59] Fixed 3 duplicate /gene - trpI_1 trpI_2 trpI_3
[18:43:59] Fixed 5 duplicate /gene - dppC_1 dppC_2 dppC_3 dppC_4 dppC_5
[18:43:59] Fixed 2 duplicate /gene - chaC_1 chaC_2
[18:43:59] Fixed 2 duplicate /gene - degU_1 degU_2
[18:43:59] Fixed 5 duplicate /gene - phoP_1 phoP_2 phoP_3 phoP_4 phoP_5
[18:43:59] Fixed 3 duplicate /gene - metN_1 metN_2 metN_3
[18:43:59] Fixed 2 duplicate /gene - htpX_1 htpX_2
[18:43:59] Fixed 2 duplicate /gene - phaC_1 phaC_2
[18:43:59] Fixed 3 duplicate /gene - nepI_1 nepI_2 nepI_3
[18:43:59] Fixed 2 duplicate /gene - nudC_1 nudC_2
[18:43:59] Fixed 2 duplicate /gene - pgk_1 pgk_2
[18:43:59] Fixed 5 duplicate /gene - xerC_1 xerC_2 xerC_3 xerC_4 xerC_5
[18:43:59] Fixed 7 duplicate /gene - gbpR_1 gbpR_2 gbpR_3 gbpR_4 gbpR_5 gbpR_6 gbpR_7
[18:43:59] Fixed 3 duplicate /gene - naiP_1 naiP_2 naiP_3
[18:43:59] Fixed 2 duplicate /gene - glaR_1 glaR_2
[18:43:59] Fixed 3 duplicate /gene - rraA_1 rraA_2 rraA_3
[18:43:59] Fixed 2 duplicate /gene - sdgD_1 sdgD_2
[18:43:59] Fixed 3 duplicate /gene - echA8_1 echA8_2 echA8_3
[18:43:59] Fixed 3 duplicate /gene - tsdA_1 tsdA_2 tsdA_3
[18:43:59] Fixed 2 duplicate /gene - mrpD_1 mrpD_2
[18:43:59] Fixed 2 duplicate /gene - aspT_1 aspT_2
[18:43:59] Fixed 2 duplicate /gene - fadD_1 fadD_2
[18:43:59] Fixed 2 duplicate /gene - oatA_1 oatA_2
[18:43:59] Fixed 2 duplicate /gene - glpK_1 glpK_2
[18:43:59] Fixed 3 duplicate /gene - traG_1 traG_2 traG_3
[18:43:59] Fixed 2 duplicate /gene - cmpC_1 cmpC_2
[18:43:59] Fixed 2 duplicate /gene - actP_1 actP_2
[18:43:59] Fixed 2 duplicate /gene - trxB_1 trxB_2
[18:43:59] Fixed 2 duplicate /gene - aer_1 aer_2
[18:43:59] Fixed 2 duplicate /gene - gdhA_1 gdhA_2
[18:43:59] Fixed 2 duplicate /gene - shlB_1 shlB_2
[18:43:59] Fixed 19 duplicate /gene - fecR_1 fecR_2 fecR_3 fecR_4 fecR_5 fecR_6 fecR_7 fecR_8 fecR_9 fecR_10 fecR_11 fecR_12 fecR_13 fecR_14 fecR_15 fecR_16 fecR_17 fecR_18 fecR_19
[18:43:59] Fixed 2 duplicate /gene - algC_1 algC_2
[18:43:59] Fixed 2 duplicate /gene - secD_1 secD_2
[18:43:59] Fixed 4 duplicate /gene - fcuA_1 fcuA_2 fcuA_3 fcuA_4
[18:43:59] Fixed 4 duplicate /gene - rutC_1 rutC_2 rutC_3 rutC_4
[18:43:59] Fixed 3 duplicate /gene - acrA_1 acrA_2 acrA_3
[18:43:59] Fixed 2 duplicate /gene - lldR_1 lldR_2
[18:43:59] Fixed 2 duplicate /gene - lysA_1 lysA_2
[18:43:59] Fixed 2 duplicate /gene - nnr_1 nnr_2
[18:43:59] Fixed 24 duplicate /gene - livF_1 livF_2 livF_3 livF_4 livF_5 livF_6 livF_7 livF_8 livF_9 livF_10 livF_11 livF_12 livF_13 livF_14 livF_15 livF_16 livF_17 livF_18 livF_19 livF_20 livF_21 livF_22 livF_23 livF_24
[18:43:59] Fixed 2 duplicate /gene - higB-2_1 higB-2_2
[18:43:59] Fixed 2 duplicate /gene - pigC_1 pigC_2
[18:43:59] Fixed 5 duplicate /gene - ompR_1 ompR_2 ompR_3 ompR_4 ompR_5
[18:43:59] Fixed 3 duplicate /gene - pcaI_1 pcaI_2 pcaI_3
[18:43:59] Fixed 2 duplicate /gene - rbsA_1 rbsA_2
[18:43:59] Fixed 2 duplicate /gene - phnM_1 phnM_2
[18:43:59] Fixed 10 duplicate /gene - gsiD_1 gsiD_2 gsiD_3 gsiD_4 gsiD_5 gsiD_6 gsiD_7 gsiD_8 gsiD_9 gsiD_10
[18:43:59] Fixed 3 duplicate /gene - fadJ_1 fadJ_2 fadJ_3
[18:43:59] Fixed 2 duplicate /gene - rhaR_1 rhaR_2
[18:43:59] Fixed 2 duplicate /gene - trpA_1 trpA_2
[18:43:59] Fixed 2 duplicate /gene - tmoT_1 tmoT_2
[18:43:59] Fixed 2 duplicate /gene - ephA_1 ephA_2
[18:43:59] Fixed 2 duplicate /gene - ghrA_1 ghrA_2
[18:43:59] Fixed 2 duplicate /gene - rsmB_1 rsmB_2
[18:43:59] Fixed 2 duplicate /gene - yjiA_1 yjiA_2
[18:43:59] Fixed 3 duplicate /gene - hcnC_1 hcnC_2 hcnC_3
[18:43:59] Fixed 2 duplicate /gene - bclA_1 bclA_2
[18:43:59] Fixed 2 duplicate /gene - pxpA_1 pxpA_2
[18:43:59] Fixed 2 duplicate /gene - merT_1 merT_2
[18:43:59] Fixed 3 duplicate /gene - ydhP_1 ydhP_2 ydhP_3
[18:43:59] Fixed 2 duplicate /gene - fpr_1 fpr_2
[18:43:59] Fixed 2 duplicate /gene - kefC_1 kefC_2
[18:43:59] Fixed 2 duplicate /gene - dgoD_1 dgoD_2
[18:43:59] Fixed 2 duplicate /gene - cyt_1 cyt_2
[18:43:59] Fixed 2 duplicate /gene - clcB_1 clcB_2
[18:43:59] Fixed 2 duplicate /gene - dmdC_1 dmdC_2
[18:43:59] Fixed 8 duplicate /gene - oppD_1 oppD_2 oppD_3 oppD_4 oppD_5 oppD_6 oppD_7 oppD_8
[18:43:59] Fixed 2 duplicate /gene - nqrF_1 nqrF_2
[18:43:59] Fixed 2 duplicate /gene - uvrY_1 uvrY_2
[18:43:59] Fixed 3 duplicate /gene - pcaR_1 pcaR_2 pcaR_3
[18:43:59] Fixed 2 duplicate /gene - murA_1 murA_2
[18:43:59] Fixed 6 duplicate /gene - fpvA_1 fpvA_2 fpvA_3 fpvA_4 fpvA_5 fpvA_6
[18:43:59] Fixed 2 duplicate /gene - dtnK_1 dtnK_2
[18:43:59] Fixed 5 duplicate /gene - gabR_1 gabR_2 gabR_3 gabR_4 gabR_5
[18:43:59] Fixed 5 duplicate /gene - ribZ_1 ribZ_2 ribZ_3 ribZ_4 ribZ_5
[18:43:59] Fixed 2 duplicate /gene - mrcA_1 mrcA_2
[18:43:59] Fixed 3 duplicate /gene - ypmQ_1 ypmQ_2 ypmQ_3
[18:43:59] Fixed 3 duplicate /gene - aphA_1 aphA_2 aphA_3
[18:43:59] Fixed 4 duplicate /gene - kce_1 kce_2 kce_3 kce_4
[18:43:59] Fixed 2 duplicate /gene - phoA2_1 phoA2_2
[18:43:59] Fixed 2 duplicate /gene - mexA_1 mexA_2
[18:43:59] Fixed 2 duplicate /gene - bamA_1 bamA_2
[18:43:59] Fixed 4 duplicate /gene - pbuE_1 pbuE_2 pbuE_3 pbuE_4
[18:43:59] Fixed 2 duplicate /gene - carB_1 carB_2
[18:43:59] Fixed 2 duplicate /gene - nsaD_1 nsaD_2
[18:43:59] Fixed 7 duplicate /gene - cdhR_1 cdhR_2 cdhR_3 cdhR_4 cdhR_5 cdhR_6 cdhR_7
[18:43:59] Fixed 3 duplicate /gene - alkJ_1 alkJ_2 alkJ_3
[18:43:59] Fixed 2 duplicate /gene - ylmB_1 ylmB_2
[18:43:59] Fixed 2 duplicate /gene - atm1_1 atm1_2
[18:43:59] Fixed 3 duplicate /gene - slmA_1 slmA_2 slmA_3
[18:43:59] Fixed 7 duplicate /gene - metQ_1 metQ_2 metQ_3 metQ_4 metQ_5 metQ_6 metQ_7
[18:43:59] Fixed 2 duplicate /gene - atpH_1 atpH_2
[18:43:59] Fixed 2 duplicate /gene - trmR_1 trmR_2
[18:43:59] Fixed 2 duplicate /gene - fusA_1 fusA_2
[18:43:59] Fixed 3 duplicate /gene - yabJ_1 yabJ_2 yabJ_3
[18:43:59] Fixed 2 duplicate /gene - azoR_1 azoR_2
[18:43:59] Fixed 556 colliding /gene names.
[18:43:59] Adding /locus_tag identifiers
[18:43:59] Assigned 6509 locus_tags to CDS and RNA features.
[18:43:59] Writing outputs to annoation/
[18:44:01] Generating annotation statistics file
[18:44:01] Generating Genbank and Sequin files
[18:44:01] Running: tbl2asn -V b -a r10k -l paired-ends -M n -N 1 -y 'Annotated using prokka 1.14.6 from https://github.com/tseemann/prokka' -Z annoation\/PROKKA_11182022\.err -i annoation\/PROKKA_11182022\.fsa 2> /dev/null
[18:44:09] Deleting unwanted file: annoation/errorsummary.val
[18:44:09] Deleting unwanted file: annoation/PROKKA_11182022.dr
[18:44:09] Deleting unwanted file: annoation/PROKKA_11182022.fixedproducts
[18:44:09] Deleting unwanted file: annoation/PROKKA_11182022.ecn
[18:44:09] Deleting unwanted file: annoation/PROKKA_11182022.val
[18:44:09] Repairing broken .GBK output that tbl2asn produces...
[18:44:09] Running: sed 's/COORDINATES: profile/COORDINATES:profile/' < annoation\/PROKKA_11182022\.gbf > annoation\/PROKKA_11182022\.gbk
[18:44:09] Deleting unwanted file: annoation/PROKKA_11182022.gbf
[18:44:09] Output files:
[18:44:09] annoation/PROKKA_11182022.gbk
[18:44:09] annoation/PROKKA_11182022.log
[18:44:09] annoation/PROKKA_11182022.ffn
[18:44:09] annoation/PROKKA_11182022.faa
[18:44:09] annoation/PROKKA_11182022.fsa
[18:44:09] annoation/PROKKA_11182022.txt
[18:44:09] annoation/PROKKA_11182022.fna
[18:44:09] annoation/PROKKA_11182022.tsv
[18:44:09] annoation/PROKKA_11182022.err
[18:44:09] annoation/PROKKA_11182022.gff
[18:44:09] annoation/PROKKA_11182022.tbl
[18:44:09] annoation/PROKKA_11182022.sqn
[18:44:09] Annotation finished successfully.
[18:44:09] Walltime used: 3.00 minutes
[18:44:09] If you use this result please cite the Prokka paper:
[18:44:09] Seemann T (2014) Prokka: rapid prokaryotic genome annotation. Bioinformatics. 30(14):2068-9.
[18:44:09] Type 'prokka --citation' for more details.
[18:44:09] Thank you, come again.
